<?xml version="1.0" encoding="UTF-8"?>
<coverage generated="1724783955030" clover="3.2.0">
  <project timestamp="1724783955030" name="All files">
    <metrics statements="354" coveredstatements="305" conditionals="259" coveredconditionals="224" methods="147" coveredmethods="108" elements="760" coveredelements="637" complexity="0" loc="354" ncloc="354" packages="36" files="71" classes="71"/>
    <package name="Calculator-App-With-React-Native-Expo-Custom-Hooks-Typescript-Async-Storage-Prettier-Eslint">
      <metrics statements="2" coveredstatements="2" conditionals="0" coveredconditionals="0" methods="1" coveredmethods="1"/>
      <file name="App.tsx" path="/home/samueldecarvalho/Calculator-App-With-React-Native-Expo-Custom-Hooks-Typescript-Async-Storage-Prettier-Eslint/App.tsx">
        <metrics statements="2" coveredstatements="2" conditionals="0" coveredconditionals="0" methods="1" coveredmethods="1"/>
        <line num="6" count="1" type="stmt"/>
        <line num="9" count="1" type="stmt"/>
      </file>
    </package>
    <package name="Calculator-App-With-React-Native-Expo-Custom-Hooks-Typescript-Async-Storage-Prettier-Eslint.src.assets">
      <metrics statements="10" coveredstatements="10" conditionals="0" coveredconditionals="0" methods="0" coveredmethods="0"/>
      <file name="dimensions.ts" path="/home/samueldecarvalho/Calculator-App-With-React-Native-Expo-Custom-Hooks-Typescript-Async-Storage-Prettier-Eslint/src/assets/dimensions.ts">
        <metrics statements="10" coveredstatements="10" conditionals="0" coveredconditionals="0" methods="0" coveredmethods="0"/>
        <line num="1" count="9" type="stmt"/>
        <line num="3" count="9" type="stmt"/>
        <line num="5" count="9" type="stmt"/>
        <line num="7" count="9" type="stmt"/>
        <line num="9" count="9" type="stmt"/>
        <line num="11" count="9" type="stmt"/>
        <line num="13" count="9" type="stmt"/>
        <line num="15" count="9" type="stmt"/>
        <line num="17" count="9" type="stmt"/>
        <line num="19" count="9" type="stmt"/>
      </file>
      <file name="themes.ts" path="/home/samueldecarvalho/Calculator-App-With-React-Native-Expo-Custom-Hooks-Typescript-Async-Storage-Prettier-Eslint/src/assets/themes.ts">
        <metrics statements="0" coveredstatements="0" conditionals="0" coveredconditionals="0" methods="0" coveredmethods="0"/>
      </file>
    </package>
    <package name="Calculator-App-With-React-Native-Expo-Custom-Hooks-Typescript-Async-Storage-Prettier-Eslint.src.assets.colors">
      <metrics statements="0" coveredstatements="0" conditionals="0" coveredconditionals="0" methods="0" coveredmethods="0"/>
      <file name="neutral_colors.ts" path="/home/samueldecarvalho/Calculator-App-With-React-Native-Expo-Custom-Hooks-Typescript-Async-Storage-Prettier-Eslint/src/assets/colors/neutral_colors.ts">
        <metrics statements="0" coveredstatements="0" conditionals="0" coveredconditionals="0" methods="0" coveredmethods="0"/>
      </file>
      <file name="primary_colors.ts" path="/home/samueldecarvalho/Calculator-App-With-React-Native-Expo-Custom-Hooks-Typescript-Async-Storage-Prettier-Eslint/src/assets/colors/primary_colors.ts">
        <metrics statements="0" coveredstatements="0" conditionals="0" coveredconditionals="0" methods="0" coveredmethods="0"/>
      </file>
      <file name="ripple_effect_colors.ts" path="/home/samueldecarvalho/Calculator-App-With-React-Native-Expo-Custom-Hooks-Typescript-Async-Storage-Prettier-Eslint/src/assets/colors/ripple_effect_colors.ts">
        <metrics statements="0" coveredstatements="0" conditionals="0" coveredconditionals="0" methods="0" coveredmethods="0"/>
      </file>
      <file name="secondary_colors.ts" path="/home/samueldecarvalho/Calculator-App-With-React-Native-Expo-Custom-Hooks-Typescript-Async-Storage-Prettier-Eslint/src/assets/colors/secondary_colors.ts">
        <metrics statements="0" coveredstatements="0" conditionals="0" coveredconditionals="0" methods="0" coveredmethods="0"/>
      </file>
    </package>
    <package name="Calculator-App-With-React-Native-Expo-Custom-Hooks-Typescript-Async-Storage-Prettier-Eslint.src.calculation_expression_reconciliation_adapter">
      <metrics statements="4" coveredstatements="4" conditionals="0" coveredconditionals="0" methods="2" coveredmethods="1"/>
      <file name="calculation_expression_reconciliation_adapter.ts" path="/home/samueldecarvalho/Calculator-App-With-React-Native-Expo-Custom-Hooks-Typescript-Async-Storage-Prettier-Eslint/src/calculation_expression_reconciliation_adapter/calculation_expression_reconciliation_adapter.ts">
        <metrics statements="4" coveredstatements="4" conditionals="0" coveredconditionals="0" methods="2" coveredmethods="1"/>
        <line num="12" count="98" type="stmt"/>
        <line num="15" count="98" type="stmt"/>
        <line num="19" count="98" type="stmt"/>
        <line num="20" count="111" type="stmt"/>
      </file>
    </package>
    <package name="Calculator-App-With-React-Native-Expo-Custom-Hooks-Typescript-Async-Storage-Prettier-Eslint.src.calculation_expression_update_adapter">
      <metrics statements="3" coveredstatements="3" conditionals="0" coveredconditionals="0" methods="2" coveredmethods="1"/>
      <file name="calculation_expression_update_adapter.ts" path="/home/samueldecarvalho/Calculator-App-With-React-Native-Expo-Custom-Hooks-Typescript-Async-Storage-Prettier-Eslint/src/calculation_expression_update_adapter/calculation_expression_update_adapter.ts">
        <metrics statements="3" coveredstatements="3" conditionals="0" coveredconditionals="0" methods="2" coveredmethods="1"/>
        <line num="13" count="43" type="stmt"/>
        <line num="15" count="43" type="stmt"/>
        <line num="19" count="43" type="stmt"/>
      </file>
    </package>
    <package name="Calculator-App-With-React-Native-Expo-Custom-Hooks-Typescript-Async-Storage-Prettier-Eslint.src.calculator_characters">
      <metrics statements="0" coveredstatements="0" conditionals="0" coveredconditionals="0" methods="0" coveredmethods="0"/>
      <file name="ui_calculator_characters.ts" path="/home/samueldecarvalho/Calculator-App-With-React-Native-Expo-Custom-Hooks-Typescript-Async-Storage-Prettier-Eslint/src/calculator_characters/ui_calculator_characters.ts">
        <metrics statements="0" coveredstatements="0" conditionals="0" coveredconditionals="0" methods="0" coveredmethods="0"/>
      </file>
    </package>
    <package name="Calculator-App-With-React-Native-Expo-Custom-Hooks-Typescript-Async-Storage-Prettier-Eslint.src.components.action_bar">
      <metrics statements="3" coveredstatements="3" conditionals="0" coveredconditionals="0" methods="1" coveredmethods="1"/>
      <file name="action_bar.tsx" path="/home/samueldecarvalho/Calculator-App-With-React-Native-Expo-Custom-Hooks-Typescript-Async-Storage-Prettier-Eslint/src/components/action_bar/action_bar.tsx">
        <metrics statements="2" coveredstatements="2" conditionals="0" coveredconditionals="0" methods="1" coveredmethods="1"/>
        <line num="26" count="108" type="stmt"/>
        <line num="28" count="108" type="stmt"/>
      </file>
      <file name="styles.ts" path="/home/samueldecarvalho/Calculator-App-With-React-Native-Expo-Custom-Hooks-Typescript-Async-Storage-Prettier-Eslint/src/components/action_bar/styles.ts">
        <metrics statements="1" coveredstatements="1" conditionals="0" coveredconditionals="0" methods="0" coveredmethods="0"/>
        <line num="3" count="7" type="stmt"/>
      </file>
    </package>
    <package name="Calculator-App-With-React-Native-Expo-Custom-Hooks-Typescript-Async-Storage-Prettier-Eslint.src.components.button">
      <metrics statements="3" coveredstatements="3" conditionals="0" coveredconditionals="0" methods="1" coveredmethods="1"/>
      <file name="button.tsx" path="/home/samueldecarvalho/Calculator-App-With-React-Native-Expo-Custom-Hooks-Typescript-Async-Storage-Prettier-Eslint/src/components/button/button.tsx">
        <metrics statements="2" coveredstatements="2" conditionals="0" coveredconditionals="0" methods="1" coveredmethods="1"/>
        <line num="26" count="1928" type="stmt"/>
        <line num="28" count="1928" type="stmt"/>
      </file>
      <file name="styles.ts" path="/home/samueldecarvalho/Calculator-App-With-React-Native-Expo-Custom-Hooks-Typescript-Async-Storage-Prettier-Eslint/src/components/button/styles.ts">
        <metrics statements="1" coveredstatements="1" conditionals="0" coveredconditionals="0" methods="0" coveredmethods="0"/>
        <line num="3" count="8" type="stmt"/>
      </file>
    </package>
    <package name="Calculator-App-With-React-Native-Expo-Custom-Hooks-Typescript-Async-Storage-Prettier-Eslint.src.components.keyboard">
      <metrics statements="3" coveredstatements="3" conditionals="0" coveredconditionals="0" methods="1" coveredmethods="1"/>
      <file name="keyboard.tsx" path="/home/samueldecarvalho/Calculator-App-With-React-Native-Expo-Custom-Hooks-Typescript-Async-Storage-Prettier-Eslint/src/components/keyboard/keyboard.tsx">
        <metrics statements="2" coveredstatements="2" conditionals="0" coveredconditionals="0" methods="1" coveredmethods="1"/>
        <line num="11" count="108" type="stmt"/>
        <line num="13" count="108" type="stmt"/>
      </file>
      <file name="styles.ts" path="/home/samueldecarvalho/Calculator-App-With-React-Native-Expo-Custom-Hooks-Typescript-Async-Storage-Prettier-Eslint/src/components/keyboard/styles.ts">
        <metrics statements="1" coveredstatements="1" conditionals="0" coveredconditionals="0" methods="0" coveredmethods="0"/>
        <line num="3" count="7" type="stmt"/>
      </file>
    </package>
    <package name="Calculator-App-With-React-Native-Expo-Custom-Hooks-Typescript-Async-Storage-Prettier-Eslint.src.components.viewfinder">
      <metrics statements="5" coveredstatements="4" conditionals="0" coveredconditionals="0" methods="2" coveredmethods="1"/>
      <file name="styles.ts" path="/home/samueldecarvalho/Calculator-App-With-React-Native-Expo-Custom-Hooks-Typescript-Async-Storage-Prettier-Eslint/src/components/viewfinder/styles.ts">
        <metrics statements="1" coveredstatements="1" conditionals="0" coveredconditionals="0" methods="0" coveredmethods="0"/>
        <line num="3" count="7" type="stmt"/>
      </file>
      <file name="viewfinder.tsx" path="/home/samueldecarvalho/Calculator-App-With-React-Native-Expo-Custom-Hooks-Typescript-Async-Storage-Prettier-Eslint/src/components/viewfinder/viewfinder.tsx">
        <metrics statements="4" coveredstatements="3" conditionals="0" coveredconditionals="0" methods="2" coveredmethods="1"/>
        <line num="31" count="108" type="stmt"/>
        <line num="33" count="108" type="stmt"/>
        <line num="35" count="108" type="stmt"/>
        <line num="48" count="0" type="stmt"/>
      </file>
    </package>
    <package name="Calculator-App-With-React-Native-Expo-Custom-Hooks-Typescript-Async-Storage-Prettier-Eslint.src.constants">
      <metrics statements="20" coveredstatements="20" conditionals="0" coveredconditionals="0" methods="0" coveredmethods="0"/>
      <file name="device_utilities_constants.ts" path="/home/samueldecarvalho/Calculator-App-With-React-Native-Expo-Custom-Hooks-Typescript-Async-Storage-Prettier-Eslint/src/constants/device_utilities_constants.ts">
        <metrics statements="6" coveredstatements="6" conditionals="0" coveredconditionals="0" methods="0" coveredmethods="0"/>
        <line num="1" count="15" type="stmt"/>
        <line num="3" count="15" type="stmt"/>
        <line num="5" count="15" type="stmt"/>
        <line num="7" count="15" type="stmt"/>
        <line num="9" count="15" type="stmt"/>
        <line num="11" count="15" type="stmt"/>
      </file>
      <file name="strings_utilities_constants.ts" path="/home/samueldecarvalho/Calculator-App-With-React-Native-Expo-Custom-Hooks-Typescript-Async-Storage-Prettier-Eslint/src/constants/strings_utilities_constants.ts">
        <metrics statements="4" coveredstatements="4" conditionals="0" coveredconditionals="0" methods="0" coveredmethods="0"/>
        <line num="1" count="31" type="stmt"/>
        <line num="3" count="31" type="stmt"/>
        <line num="5" count="31" type="stmt"/>
        <line num="7" count="31" type="stmt"/>
      </file>
      <file name="ui_constants.ts" path="/home/samueldecarvalho/Calculator-App-With-React-Native-Expo-Custom-Hooks-Typescript-Async-Storage-Prettier-Eslint/src/constants/ui_constants.ts">
        <metrics statements="10" coveredstatements="10" conditionals="0" coveredconditionals="0" methods="0" coveredmethods="0"/>
        <line num="4" count="21" type="stmt"/>
        <line num="6" count="21" type="stmt"/>
        <line num="8" count="21" type="stmt"/>
        <line num="10" count="21" type="stmt"/>
        <line num="12" count="21" type="stmt"/>
        <line num="14" count="21" type="stmt"/>
        <line num="17" count="21" type="stmt"/>
        <line num="19" count="21" type="stmt"/>
        <line num="21" count="21" type="stmt"/>
        <line num="23" count="21" type="stmt"/>
      </file>
    </package>
    <package name="Calculator-App-With-React-Native-Expo-Custom-Hooks-Typescript-Async-Storage-Prettier-Eslint.src.constants.domains.calculator">
      <metrics statements="16" coveredstatements="16" conditionals="0" coveredconditionals="0" methods="0" coveredmethods="0"/>
      <file name="calculation_expression_messages_constants.ts" path="/home/samueldecarvalho/Calculator-App-With-React-Native-Expo-Custom-Hooks-Typescript-Async-Storage-Prettier-Eslint/src/constants/domains/calculator/calculation_expression_messages_constants.ts">
        <metrics statements="1" coveredstatements="1" conditionals="0" coveredconditionals="0" methods="0" coveredmethods="0"/>
        <line num="2" count="24" type="stmt"/>
      </file>
      <file name="calculator_character_values_constants.ts" path="/home/samueldecarvalho/Calculator-App-With-React-Native-Expo-Custom-Hooks-Typescript-Async-Storage-Prettier-Eslint/src/constants/domains/calculator/calculator_character_values_constants.ts">
        <metrics statements="15" coveredstatements="15" conditionals="0" coveredconditionals="0" methods="0" coveredmethods="0"/>
        <line num="1" count="10" type="stmt"/>
        <line num="3" count="10" type="stmt"/>
        <line num="5" count="10" type="stmt"/>
        <line num="7" count="10" type="stmt"/>
        <line num="9" count="10" type="stmt"/>
        <line num="11" count="10" type="stmt"/>
        <line num="13" count="10" type="stmt"/>
        <line num="15" count="10" type="stmt"/>
        <line num="17" count="10" type="stmt"/>
        <line num="19" count="10" type="stmt"/>
        <line num="21" count="10" type="stmt"/>
        <line num="23" count="10" type="stmt"/>
        <line num="25" count="10" type="stmt"/>
        <line num="27" count="10" type="stmt"/>
        <line num="29" count="10" type="stmt"/>
      </file>
    </package>
    <package name="Calculator-App-With-React-Native-Expo-Custom-Hooks-Typescript-Async-Storage-Prettier-Eslint.src.constants.domains.key_value_store">
      <metrics statements="4" coveredstatements="4" conditionals="0" coveredconditionals="0" methods="1" coveredmethods="1"/>
      <file name="key_value_store_constants.ts" path="/home/samueldecarvalho/Calculator-App-With-React-Native-Expo-Custom-Hooks-Typescript-Async-Storage-Prettier-Eslint/src/constants/domains/key_value_store/key_value_store_constants.ts">
        <metrics statements="4" coveredstatements="4" conditionals="0" coveredconditionals="0" methods="1" coveredmethods="1"/>
        <line num="1" count="20" type="stmt"/>
        <line num="4" count="20" type="stmt"/>
        <line num="7" count="26" type="stmt"/>
        <line num="10" count="20" type="stmt"/>
      </file>
    </package>
    <package name="Calculator-App-With-React-Native-Expo-Custom-Hooks-Typescript-Async-Storage-Prettier-Eslint.src.constants.screens">
      <metrics statements="43" coveredstatements="35" conditionals="0" coveredconditionals="0" methods="10" coveredmethods="2"/>
      <file name="home_screen_constants.ts" path="/home/samueldecarvalho/Calculator-App-With-React-Native-Expo-Custom-Hooks-Typescript-Async-Storage-Prettier-Eslint/src/constants/screens/home_screen_constants.ts">
        <metrics statements="43" coveredstatements="35" conditionals="0" coveredconditionals="0" methods="10" coveredmethods="2"/>
        <line num="1" count="20" type="stmt"/>
        <line num="4" count="20" type="stmt"/>
        <line num="6" count="20" type="stmt"/>
        <line num="8" count="20" type="stmt"/>
        <line num="10" count="20" type="stmt"/>
        <line num="12" count="20" type="stmt"/>
        <line num="14" count="20" type="stmt"/>
        <line num="17" count="20" type="stmt"/>
        <line num="20" count="20" type="stmt"/>
        <line num="23" count="20" type="stmt"/>
        <line num="26" count="20" type="stmt"/>
        <line num="29" count="20" type="stmt"/>
        <line num="32" count="20" type="stmt"/>
        <line num="35" count="20" type="stmt"/>
        <line num="38" count="20" type="stmt"/>
        <line num="41" count="20" type="stmt"/>
        <line num="44" count="20" type="stmt"/>
        <line num="47" count="20" type="stmt"/>
        <line num="52" count="0" type="stmt"/>
        <line num="58" count="0" type="stmt"/>
        <line num="64" count="0" type="stmt"/>
        <line num="70" count="0" type="stmt"/>
        <line num="76" count="122" type="stmt"/>
        <line num="82" count="0" type="stmt"/>
        <line num="88" count="0" type="stmt"/>
        <line num="94" count="0" type="stmt"/>
        <line num="100" count="0" type="stmt"/>
        <line num="106" count="2196" type="stmt"/>
        <line num="110" count="20" type="stmt"/>
        <line num="113" count="20" type="stmt"/>
        <line num="116" count="20" type="stmt"/>
        <line num="119" count="20" type="stmt"/>
        <line num="122" count="20" type="stmt"/>
        <line num="125" count="20" type="stmt"/>
        <line num="128" count="20" type="stmt"/>
        <line num="131" count="20" type="stmt"/>
        <line num="134" count="20" type="stmt"/>
        <line num="137" count="20" type="stmt"/>
        <line num="140" count="20" type="stmt"/>
        <line num="143" count="20" type="stmt"/>
        <line num="146" count="20" type="stmt"/>
        <line num="149" count="20" type="stmt"/>
        <line num="152" count="20" type="stmt"/>
      </file>
    </package>
    <package name="Calculator-App-With-React-Native-Expo-Custom-Hooks-Typescript-Async-Storage-Prettier-Eslint.src.device_language_recuperator">
      <metrics statements="12" coveredstatements="7" conditionals="10" coveredconditionals="5" methods="2" coveredmethods="1"/>
      <file name="device_language_recuperator.ts" path="/home/samueldecarvalho/Calculator-App-With-React-Native-Expo-Custom-Hooks-Typescript-Async-Storage-Prettier-Eslint/src/device_language_recuperator/device_language_recuperator.ts">
        <metrics statements="12" coveredstatements="7" conditionals="10" coveredconditionals="5" methods="2" coveredmethods="1"/>
        <line num="15" count="273" type="stmt"/>
        <line num="17" count="273" type="cond" truecount="1" falsecount="1"/>
        <line num="18" count="0" type="stmt"/>
        <line num="20" count="273" type="cond" truecount="1" falsecount="1"/>
        <line num="21" count="0" type="stmt"/>
        <line num="23" count="273" type="cond" truecount="1" falsecount="1"/>
        <line num="24" count="0" type="stmt"/>
        <line num="26" count="273" type="cond" truecount="1" falsecount="1"/>
        <line num="27" count="0" type="stmt"/>
        <line num="29" count="273" type="cond" truecount="1" falsecount="1"/>
        <line num="30" count="273" type="stmt"/>
        <line num="32" count="0" type="stmt"/>
      </file>
    </package>
    <package name="Calculator-App-With-React-Native-Expo-Custom-Hooks-Typescript-Async-Storage-Prettier-Eslint.src.device_theme_recuperator">
      <metrics statements="2" coveredstatements="2" conditionals="2" coveredconditionals="1" methods="2" coveredmethods="1"/>
      <file name="device_theme_recuperator.ts" path="/home/samueldecarvalho/Calculator-App-With-React-Native-Expo-Custom-Hooks-Typescript-Async-Storage-Prettier-Eslint/src/device_theme_recuperator/device_theme_recuperator.ts">
        <metrics statements="2" coveredstatements="2" conditionals="2" coveredconditionals="1" methods="2" coveredmethods="1"/>
        <line num="10" count="127" type="stmt"/>
        <line num="12" count="127" type="cond" truecount="1" falsecount="1"/>
      </file>
    </package>
    <package name="Calculator-App-With-React-Native-Expo-Custom-Hooks-Typescript-Async-Storage-Prettier-Eslint.src.domains.calculator">
      <metrics statements="49" coveredstatements="49" conditionals="18" coveredconditionals="18" methods="25" coveredmethods="24"/>
      <file name="calculation_expression.ts" path="/home/samueldecarvalho/Calculator-App-With-React-Native-Expo-Custom-Hooks-Typescript-Async-Storage-Prettier-Eslint/src/domains/calculator/calculation_expression.ts">
        <metrics statements="3" coveredstatements="3" conditionals="0" coveredconditionals="0" methods="3" coveredmethods="3"/>
        <line num="5" count="17" type="stmt"/>
        <line num="9" count="469" type="stmt"/>
        <line num="13" count="351" type="stmt"/>
      </file>
      <file name="calculation_expression_active_record.ts" path="/home/samueldecarvalho/Calculator-App-With-React-Native-Expo-Custom-Hooks-Typescript-Async-Storage-Prettier-Eslint/src/domains/calculator/calculation_expression_active_record.ts">
        <metrics statements="10" coveredstatements="10" conditionals="0" coveredconditionals="0" methods="6" coveredmethods="6"/>
        <line num="12" count="15" type="stmt"/>
        <line num="16" count="261" type="stmt"/>
        <line num="22" count="169" type="stmt"/>
        <line num="29" count="6" type="stmt"/>
        <line num="31" count="6" type="stmt"/>
        <line num="35" count="6" type="stmt"/>
        <line num="41" count="130" type="stmt"/>
        <line num="46" count="13" type="stmt"/>
        <line num="48" count="13" type="stmt"/>
        <line num="50" count="13" type="stmt"/>
      </file>
      <file name="calculation_expression_active_record_decorator.ts" path="/home/samueldecarvalho/Calculator-App-With-React-Native-Expo-Custom-Hooks-Typescript-Async-Storage-Prettier-Eslint/src/domains/calculator/calculation_expression_active_record_decorator.ts">
        <metrics statements="17" coveredstatements="17" conditionals="16" coveredconditionals="16" methods="4" coveredmethods="4"/>
        <line num="10" count="14" type="stmt"/>
        <line num="16" count="173" type="stmt"/>
        <line num="18" count="173" type="cond" truecount="2" falsecount="0"/>
        <line num="26" count="4" type="stmt"/>
        <line num="28" count="169" type="stmt"/>
        <line num="33" count="8" type="stmt"/>
        <line num="35" count="8" type="cond" truecount="2" falsecount="0"/>
        <line num="43" count="2" type="stmt"/>
        <line num="44" count="6" type="cond" truecount="2" falsecount="0"/>
        <line num="47" count="1" type="stmt"/>
        <line num="49" count="5" type="stmt"/>
        <line num="54" count="15" type="stmt"/>
        <line num="56" count="15" type="cond" truecount="2" falsecount="0"/>
        <line num="64" count="2" type="stmt"/>
        <line num="65" count="13" type="cond" truecount="2" falsecount="0"/>
        <line num="68" count="1" type="stmt"/>
        <line num="70" count="12" type="stmt"/>
      </file>
      <file name="calculation_expression_register.ts" path="/home/samueldecarvalho/Calculator-App-With-React-Native-Expo-Custom-Hooks-Typescript-Async-Storage-Prettier-Eslint/src/domains/calculator/calculation_expression_register.ts">
        <metrics statements="6" coveredstatements="6" conditionals="0" coveredconditionals="0" methods="4" coveredmethods="4"/>
        <line num="8" count="16" type="stmt"/>
        <line num="12" count="295" type="stmt"/>
        <line num="16" count="176" type="stmt"/>
        <line num="23" count="170" type="stmt"/>
        <line num="25" count="170" type="stmt"/>
        <line num="27" count="170" type="stmt"/>
      </file>
      <file name="calculator.ts" path="/home/samueldecarvalho/Calculator-App-With-React-Native-Expo-Custom-Hooks-Typescript-Async-Storage-Prettier-Eslint/src/domains/calculator/calculator.ts">
        <metrics statements="6" coveredstatements="6" conditionals="0" coveredconditionals="0" methods="6" coveredmethods="6"/>
        <line num="10" count="13" type="stmt"/>
        <line num="14" count="60" type="stmt"/>
        <line num="18" count="163" type="stmt"/>
        <line num="24" count="4" type="stmt"/>
        <line num="28" count="115" type="stmt"/>
        <line num="32" count="11" type="stmt"/>
      </file>
      <file name="calculator_characters.ts" path="/home/samueldecarvalho/Calculator-App-With-React-Native-Expo-Custom-Hooks-Typescript-Async-Storage-Prettier-Eslint/src/domains/calculator/calculator_characters.ts">
        <metrics statements="0" coveredstatements="0" conditionals="0" coveredconditionals="0" methods="0" coveredmethods="0"/>
      </file>
      <file name="calculator_factory.ts" path="/home/samueldecarvalho/Calculator-App-With-React-Native-Expo-Custom-Hooks-Typescript-Async-Storage-Prettier-Eslint/src/domains/calculator/calculator_factory.ts">
        <metrics statements="7" coveredstatements="7" conditionals="2" coveredconditionals="2" methods="2" coveredmethods="1"/>
        <line num="7" count="11" type="stmt"/>
        <line num="12" count="150" type="cond" truecount="2" falsecount="0"/>
        <line num="13" count="11" type="stmt"/>
        <line num="14" count="11" type="stmt"/>
        <line num="18" count="11" type="stmt"/>
        <line num="22" count="11" type="stmt"/>
        <line num="25" count="150" type="stmt"/>
      </file>
    </package>
    <package name="Calculator-App-With-React-Native-Expo-Custom-Hooks-Typescript-Async-Storage-Prettier-Eslint.src.domains.calculator.infrastructure">
      <metrics statements="4" coveredstatements="4" conditionals="0" coveredconditionals="0" methods="6" coveredmethods="4"/>
      <file name="calculator_formatter.ts" path="/home/samueldecarvalho/Calculator-App-With-React-Native-Expo-Custom-Hooks-Typescript-Async-Storage-Prettier-Eslint/src/domains/calculator/infrastructure/calculator_formatter.ts">
        <metrics statements="1" coveredstatements="1" conditionals="0" coveredconditionals="0" methods="2" coveredmethods="1"/>
        <line num="7" count="7" type="stmt"/>
      </file>
      <file name="calculator_specifications.ts" path="/home/samueldecarvalho/Calculator-App-With-React-Native-Expo-Custom-Hooks-Typescript-Async-Storage-Prettier-Eslint/src/domains/calculator/infrastructure/calculator_specifications.ts">
        <metrics statements="3" coveredstatements="3" conditionals="0" coveredconditionals="0" methods="4" coveredmethods="3"/>
        <line num="9" count="198" type="stmt"/>
        <line num="15" count="21" type="stmt"/>
        <line num="19" count="193" type="stmt"/>
      </file>
    </package>
    <package name="Calculator-App-With-React-Native-Expo-Custom-Hooks-Typescript-Async-Storage-Prettier-Eslint.src.domains.calculator.infrastructure.anticorruption_layer">
      <metrics statements="3" coveredstatements="3" conditionals="0" coveredconditionals="0" methods="2" coveredmethods="1"/>
      <file name="expression_evaluater.ts" path="/home/samueldecarvalho/Calculator-App-With-React-Native-Expo-Custom-Hooks-Typescript-Async-Storage-Prettier-Eslint/src/domains/calculator/infrastructure/anticorruption_layer/expression_evaluater.ts">
        <metrics statements="3" coveredstatements="3" conditionals="0" coveredconditionals="0" methods="2" coveredmethods="1"/>
        <line num="7" count="15" type="stmt"/>
        <line num="8" count="15" type="stmt"/>
        <line num="10" count="6" type="stmt"/>
      </file>
    </package>
    <package name="Calculator-App-With-React-Native-Expo-Custom-Hooks-Typescript-Async-Storage-Prettier-Eslint.src.domains.key_value_store">
      <metrics statements="9" coveredstatements="9" conditionals="0" coveredconditionals="0" methods="8" coveredmethods="5"/>
      <file name="key_value_database_active_record.ts" path="/home/samueldecarvalho/Calculator-App-With-React-Native-Expo-Custom-Hooks-Typescript-Async-Storage-Prettier-Eslint/src/domains/key_value_store/key_value_database_active_record.ts">
        <metrics statements="6" coveredstatements="6" conditionals="0" coveredconditionals="0" methods="3" coveredmethods="2"/>
        <line num="12" count="146" type="stmt"/>
        <line num="14" count="122" type="stmt"/>
        <line num="17" count="122" type="stmt"/>
        <line num="22" count="66" type="stmt"/>
        <line num="24" count="66" type="stmt"/>
        <line num="26" count="66" type="stmt"/>
      </file>
      <file name="key_value_store.ts" path="/home/samueldecarvalho/Calculator-App-With-React-Native-Expo-Custom-Hooks-Typescript-Async-Storage-Prettier-Eslint/src/domains/key_value_store/key_value_store.ts">
        <metrics statements="2" coveredstatements="2" conditionals="0" coveredconditionals="0" methods="3" coveredmethods="2"/>
        <line num="8" count="64" type="stmt"/>
        <line num="12" count="145" type="stmt"/>
      </file>
      <file name="store_data_entity_factory.ts" path="/home/samueldecarvalho/Calculator-App-With-React-Native-Expo-Custom-Hooks-Typescript-Async-Storage-Prettier-Eslint/src/domains/key_value_store/store_data_entity_factory.ts">
        <metrics statements="1" coveredstatements="1" conditionals="0" coveredconditionals="0" methods="2" coveredmethods="1"/>
        <line num="8" count="69" type="stmt"/>
      </file>
    </package>
    <package name="Calculator-App-With-React-Native-Expo-Custom-Hooks-Typescript-Async-Storage-Prettier-Eslint.src.domains.key_value_store.infrastructure.anticorruption_layer">
      <metrics statements="7" coveredstatements="7" conditionals="4" coveredconditionals="4" methods="6" coveredmethods="4"/>
      <file name="json_transformer.ts" path="/home/samueldecarvalho/Calculator-App-With-React-Native-Expo-Custom-Hooks-Typescript-Async-Storage-Prettier-Eslint/src/domains/key_value_store/infrastructure/anticorruption_layer/json_transformer.ts">
        <metrics statements="2" coveredstatements="2" conditionals="0" coveredconditionals="0" methods="3" coveredmethods="2"/>
        <line num="5" count="123" type="stmt"/>
        <line num="9" count="67" type="stmt"/>
      </file>
      <file name="key_value_database.ts" path="/home/samueldecarvalho/Calculator-App-With-React-Native-Expo-Custom-Hooks-Typescript-Async-Storage-Prettier-Eslint/src/domains/key_value_store/infrastructure/anticorruption_layer/key_value_database.ts">
        <metrics statements="5" coveredstatements="5" conditionals="4" coveredconditionals="4" methods="3" coveredmethods="2"/>
        <line num="10" count="68" type="stmt"/>
        <line num="15" count="150" type="cond" truecount="2" falsecount="0"/>
        <line num="17" count="150" type="cond" truecount="2" falsecount="0"/>
        <line num="22" count="24" type="stmt"/>
        <line num="25" count="126" type="stmt"/>
      </file>
    </package>
    <package name="Calculator-App-With-React-Native-Expo-Custom-Hooks-Typescript-Async-Storage-Prettier-Eslint.src.domains.key_value_store.infrastructure.entities">
      <metrics statements="1" coveredstatements="1" conditionals="0" coveredconditionals="0" methods="1" coveredmethods="1"/>
      <file name="store_data_entity.ts" path="/home/samueldecarvalho/Calculator-App-With-React-Native-Expo-Custom-Hooks-Typescript-Async-Storage-Prettier-Eslint/src/domains/key_value_store/infrastructure/entities/store_data_entity.ts">
        <metrics statements="1" coveredstatements="1" conditionals="0" coveredconditionals="0" methods="1" coveredmethods="1"/>
        <line num="7" count="70" type="stmt"/>
      </file>
    </package>
    <package name="Calculator-App-With-React-Native-Expo-Custom-Hooks-Typescript-Async-Storage-Prettier-Eslint.src.domains.key_value_store.infrastructure.errors">
      <metrics statements="3" coveredstatements="3" conditionals="0" coveredconditionals="0" methods="1" coveredmethods="1"/>
      <file name="not_existing_item_error.ts" path="/home/samueldecarvalho/Calculator-App-With-React-Native-Expo-Custom-Hooks-Typescript-Async-Storage-Prettier-Eslint/src/domains/key_value_store/infrastructure/errors/not_existing_item_error.ts">
        <metrics statements="3" coveredstatements="3" conditionals="0" coveredconditionals="0" methods="1" coveredmethods="1"/>
        <line num="8" count="25" type="stmt"/>
        <line num="12" count="25" type="stmt"/>
        <line num="15" count="25" type="stmt"/>
      </file>
    </package>
    <package name="Calculator-App-With-React-Native-Expo-Custom-Hooks-Typescript-Async-Storage-Prettier-Eslint.src.domains.key_value_store.infrastructure.specifications">
      <metrics statements="1" coveredstatements="1" conditionals="0" coveredconditionals="0" methods="2" coveredmethods="1"/>
      <file name="key_value_specifications.ts" path="/home/samueldecarvalho/Calculator-App-With-React-Native-Expo-Custom-Hooks-Typescript-Async-Storage-Prettier-Eslint/src/domains/key_value_store/infrastructure/specifications/key_value_specifications.ts">
        <metrics statements="1" coveredstatements="1" conditionals="0" coveredconditionals="0" methods="2" coveredmethods="1"/>
        <line num="9" count="152" type="stmt"/>
      </file>
    </package>
    <package name="Calculator-App-With-React-Native-Expo-Custom-Hooks-Typescript-Async-Storage-Prettier-Eslint.src.domains.key_value_store.infrastructure.tests.mocks">
      <metrics statements="2" coveredstatements="2" conditionals="0" coveredconditionals="0" methods="1" coveredmethods="1"/>
      <file name="mocks.ts" path="/home/samueldecarvalho/Calculator-App-With-React-Native-Expo-Custom-Hooks-Typescript-Async-Storage-Prettier-Eslint/src/domains/key_value_store/infrastructure/tests/mocks/mocks.ts">
        <metrics statements="2" coveredstatements="2" conditionals="0" coveredconditionals="0" methods="1" coveredmethods="1"/>
        <line num="1" count="1" type="stmt"/>
        <line num="7" count="2" type="stmt"/>
      </file>
    </package>
    <package name="Calculator-App-With-React-Native-Expo-Custom-Hooks-Typescript-Async-Storage-Prettier-Eslint.src.generate_calculation_expression_error_message_adapter">
      <metrics statements="3" coveredstatements="3" conditionals="0" coveredconditionals="0" methods="2" coveredmethods="1"/>
      <file name="generate_calculation_expression_error_message_adapter.ts" path="/home/samueldecarvalho/Calculator-App-With-React-Native-Expo-Custom-Hooks-Typescript-Async-Storage-Prettier-Eslint/src/generate_calculation_expression_error_message_adapter/generate_calculation_expression_error_message_adapter.ts">
        <metrics statements="3" coveredstatements="3" conditionals="0" coveredconditionals="0" methods="2" coveredmethods="1"/>
        <line num="8" count="4" type="stmt"/>
        <line num="9" count="4" type="stmt"/>
        <line num="10" count="4" type="stmt"/>
      </file>
    </package>
    <package name="Calculator-App-With-React-Native-Expo-Custom-Hooks-Typescript-Async-Storage-Prettier-Eslint.src.hooks">
      <metrics statements="32" coveredstatements="32" conditionals="8" coveredconditionals="8" methods="14" coveredmethods="14"/>
      <file name="use_calculation.ts" path="/home/samueldecarvalho/Calculator-App-With-React-Native-Expo-Custom-Hooks-Typescript-Async-Storage-Prettier-Eslint/src/hooks/use_calculation.ts">
        <metrics statements="22" coveredstatements="22" conditionals="4" coveredconditionals="4" methods="8" coveredmethods="8"/>
        <line num="23" count="145" type="stmt"/>
        <line num="25" count="145" type="stmt"/>
        <line num="27" count="145" type="stmt"/>
        <line num="29" count="145" type="stmt"/>
        <line num="31" count="141" type="stmt"/>
        <line num="32" count="110" type="stmt"/>
        <line num="34" count="100" type="cond" truecount="2" falsecount="0"/>
        <line num="39" count="3" type="stmt"/>
        <line num="42" count="3" type="stmt"/>
        <line num="44" count="97" type="stmt"/>
        <line num="48" count="97" type="stmt"/>
        <line num="58" count="141" type="stmt"/>
        <line num="62" count="31" type="stmt"/>
        <line num="64" count="31" type="stmt"/>
        <line num="71" count="2" type="stmt"/>
        <line num="73" count="2" type="stmt"/>
        <line num="80" count="9" type="stmt"/>
        <line num="82" count="9" type="stmt"/>
        <line num="89" count="5" type="stmt"/>
        <line num="91" count="5" type="stmt"/>
        <line num="93" count="5" type="stmt"/>
        <line num="97" count="5" type="cond" truecount="2" falsecount="0"/>
      </file>
      <file name="use_current_window_height.ts" path="/home/samueldecarvalho/Calculator-App-With-React-Native-Expo-Custom-Hooks-Typescript-Async-Storage-Prettier-Eslint/src/hooks/use_current_window_height.ts">
        <metrics statements="1" coveredstatements="1" conditionals="0" coveredconditionals="0" methods="1" coveredmethods="1"/>
        <line num="4" count="123" type="stmt"/>
      </file>
      <file name="use_theme.ts" path="/home/samueldecarvalho/Calculator-App-With-React-Native-Expo-Custom-Hooks-Typescript-Async-Storage-Prettier-Eslint/src/hooks/use_theme.ts">
        <metrics statements="9" coveredstatements="9" conditionals="4" coveredconditionals="4" methods="5" coveredmethods="5"/>
        <line num="9" count="126" type="stmt"/>
        <line num="10" count="126" type="stmt"/>
        <line num="11" count="126" type="stmt"/>
        <line num="13" count="126" type="stmt"/>
        <line num="14" count="29" type="stmt"/>
        <line num="17" count="15" type="stmt"/>
        <line num="22" count="126" type="stmt"/>
        <line num="26" count="7" type="stmt"/>
        <line num="30" count="7" type="cond" truecount="2" falsecount="0"/>
      </file>
    </package>
    <package name="Calculator-App-With-React-Native-Expo-Custom-Hooks-Typescript-Async-Storage-Prettier-Eslint.src.infrastructure.anticorruption_layer">
      <metrics statements="5" coveredstatements="1" conditionals="4" coveredconditionals="1" methods="4" coveredmethods="1"/>
      <file name="current_device_theme_retriever.ts" path="/home/samueldecarvalho/Calculator-App-With-React-Native-Expo-Custom-Hooks-Typescript-Async-Storage-Prettier-Eslint/src/infrastructure/anticorruption_layer/current_device_theme_retriever.ts">
        <metrics statements="1" coveredstatements="1" conditionals="2" coveredconditionals="1" methods="2" coveredmethods="1"/>
        <line num="8" count="128" type="cond" truecount="1" falsecount="1"/>
      </file>
      <file name="device_language_retriever.ts" path="/home/samueldecarvalho/Calculator-App-With-React-Native-Expo-Custom-Hooks-Typescript-Async-Storage-Prettier-Eslint/src/infrastructure/anticorruption_layer/device_language_retriever.ts">
        <metrics statements="4" coveredstatements="0" conditionals="2" coveredconditionals="0" methods="2" coveredmethods="0"/>
        <line num="12" count="0" type="stmt"/>
        <line num="13" count="0" type="cond" truecount="0" falsecount="2"/>
        <line num="18" count="0" type="stmt"/>
        <line num="23" count="0" type="stmt"/>
      </file>
    </package>
    <package name="Calculator-App-With-React-Native-Expo-Custom-Hooks-Typescript-Async-Storage-Prettier-Eslint.src.infrastructure.specifications">
      <metrics statements="7" coveredstatements="7" conditionals="5" coveredconditionals="5" methods="7" coveredmethods="7"/>
      <file name="ui_specifications.ts" path="/home/samueldecarvalho/Calculator-App-With-React-Native-Expo-Custom-Hooks-Typescript-Async-Storage-Prettier-Eslint/src/infrastructure/specifications/ui_specifications.ts">
        <metrics statements="7" coveredstatements="7" conditionals="5" coveredconditionals="5" methods="7" coveredmethods="7"/>
        <line num="17" count="9288" type="stmt"/>
        <line num="21" count="129" type="stmt"/>
        <line num="25" count="19" type="stmt"/>
        <line num="31" count="2686" type="stmt"/>
        <line num="35" count="2" type="stmt"/>
        <line num="41" count="107" type="stmt"/>
        <line num="47" count="2" type="stmt"/>
      </file>
    </package>
    <package name="Calculator-App-With-React-Native-Expo-Custom-Hooks-Typescript-Async-Storage-Prettier-Eslint.src.last_session_calculation_expression_store">
      <metrics statements="2" coveredstatements="2" conditionals="0" coveredconditionals="0" methods="3" coveredmethods="2"/>
      <file name="last_session_calculation_expression_store.ts" path="/home/samueldecarvalho/Calculator-App-With-React-Native-Expo-Custom-Hooks-Typescript-Async-Storage-Prettier-Eslint/src/last_session_calculation_expression_store/last_session_calculation_expression_store.ts">
        <metrics statements="2" coveredstatements="2" conditionals="0" coveredconditionals="0" methods="3" coveredmethods="2"/>
        <line num="8" count="109" type="stmt"/>
        <line num="14" count="49" type="stmt"/>
      </file>
    </package>
    <package name="Calculator-App-With-React-Native-Expo-Custom-Hooks-Typescript-Async-Storage-Prettier-Eslint.src.routers">
      <metrics statements="0" coveredstatements="0" conditionals="0" coveredconditionals="0" methods="0" coveredmethods="0"/>
      <file name="routers.ts" path="/home/samueldecarvalho/Calculator-App-With-React-Native-Expo-Custom-Hooks-Typescript-Async-Storage-Prettier-Eslint/src/routers/routers.ts">
        <metrics statements="0" coveredstatements="0" conditionals="0" coveredconditionals="0" methods="0" coveredmethods="0"/>
      </file>
    </package>
    <package name="Calculator-App-With-React-Native-Expo-Custom-Hooks-Typescript-Async-Storage-Prettier-Eslint.src.screens.home">
      <metrics statements="27" coveredstatements="27" conditionals="196" coveredconditionals="174" methods="21" coveredmethods="21"/>
      <file name="home_screen.tsx" path="/home/samueldecarvalho/Calculator-App-With-React-Native-Expo-Custom-Hooks-Typescript-Async-Storage-Prettier-Eslint/src/screens/home/home_screen.tsx">
        <metrics statements="26" coveredstatements="26" conditionals="196" coveredconditionals="174" methods="21" coveredmethods="21"/>
        <line num="52" count="126" type="stmt"/>
        <line num="60" count="126" type="stmt"/>
        <line num="63" count="126" type="stmt"/>
        <line num="65" count="122" type="stmt"/>
        <line num="67" count="122" type="stmt"/>
        <line num="69" count="122" type="stmt"/>
        <line num="76" count="122" type="stmt"/>
        <line num="117" count="6" type="stmt"/>
        <line num="208" count="8" type="stmt"/>
        <line num="244" count="1" type="stmt"/>
        <line num="280" count="1" type="stmt"/>
        <line num="308" count="1" type="stmt"/>
        <line num="346" count="1" type="stmt"/>
        <line num="382" count="1" type="stmt"/>
        <line num="418" count="1" type="stmt"/>
        <line num="454" count="1" type="stmt"/>
        <line num="492" count="1" type="stmt"/>
        <line num="528" count="1" type="stmt"/>
        <line num="564" count="1" type="stmt"/>
        <line num="600" count="4" type="stmt"/>
        <line num="640" count="11" type="stmt"/>
        <line num="676" count="1" type="stmt"/>
        <line num="712" count="1" type="stmt"/>
        <line num="751" count="1" type="stmt"/>
        <line num="788" count="1" type="stmt"/>
        <line num="819" count="3" type="stmt"/>
      </file>
      <file name="styles.ts" path="/home/samueldecarvalho/Calculator-App-With-React-Native-Expo-Custom-Hooks-Typescript-Async-Storage-Prettier-Eslint/src/screens/home/styles.ts">
        <metrics statements="1" coveredstatements="1" conditionals="0" coveredconditionals="0" methods="0" coveredmethods="0"/>
        <line num="3" count="6" type="stmt"/>
      </file>
    </package>
    <package name="Calculator-App-With-React-Native-Expo-Custom-Hooks-Typescript-Async-Storage-Prettier-Eslint.src.tests.concerns">
      <metrics statements="1" coveredstatements="1" conditionals="0" coveredconditionals="0" methods="2" coveredmethods="1"/>
      <file name="react_render_adapter.tsx" path="/home/samueldecarvalho/Calculator-App-With-React-Native-Expo-Custom-Hooks-Typescript-Async-Storage-Prettier-Eslint/src/tests/concerns/react_render_adapter.tsx">
        <metrics statements="1" coveredstatements="1" conditionals="0" coveredconditionals="0" methods="2" coveredmethods="1"/>
        <line num="9" count="17" type="stmt"/>
      </file>
    </package>
    <package name="Calculator-App-With-React-Native-Expo-Custom-Hooks-Typescript-Async-Storage-Prettier-Eslint.src.tests.constants">
      <metrics statements="10" coveredstatements="10" conditionals="0" coveredconditionals="0" methods="0" coveredmethods="0"/>
      <file name="array_utilities_constants.ts" path="/home/samueldecarvalho/Calculator-App-With-React-Native-Expo-Custom-Hooks-Typescript-Async-Storage-Prettier-Eslint/src/tests/constants/array_utilities_constants.ts">
        <metrics statements="3" coveredstatements="3" conditionals="0" coveredconditionals="0" methods="0" coveredmethods="0"/>
        <line num="1" count="7" type="stmt"/>
        <line num="3" count="7" type="stmt"/>
        <line num="5" count="7" type="stmt"/>
      </file>
      <file name="key_value_store_constants.ts" path="/home/samueldecarvalho/Calculator-App-With-React-Native-Expo-Custom-Hooks-Typescript-Async-Storage-Prettier-Eslint/src/tests/constants/key_value_store_constants.ts">
        <metrics statements="3" coveredstatements="3" conditionals="0" coveredconditionals="0" methods="0" coveredmethods="0"/>
        <line num="1" count="8" type="stmt"/>
        <line num="3" count="8" type="stmt"/>
        <line num="5" count="8" type="stmt"/>
      </file>
      <file name="ui_constants.ts" path="/home/samueldecarvalho/Calculator-App-With-React-Native-Expo-Custom-Hooks-Typescript-Async-Storage-Prettier-Eslint/src/tests/constants/ui_constants.ts">
        <metrics statements="4" coveredstatements="4" conditionals="0" coveredconditionals="0" methods="0" coveredmethods="0"/>
        <line num="1" count="6" type="stmt"/>
        <line num="3" count="6" type="stmt"/>
        <line num="5" count="6" type="stmt"/>
        <line num="7" count="6" type="stmt"/>
      </file>
    </package>
    <package name="Calculator-App-With-React-Native-Expo-Custom-Hooks-Typescript-Async-Storage-Prettier-Eslint.src.theme_store">
      <metrics statements="7" coveredstatements="7" conditionals="4" coveredconditionals="4" methods="5" coveredmethods="4"/>
      <file name="theme_store.ts" path="/home/samueldecarvalho/Calculator-App-With-React-Native-Expo-Custom-Hooks-Typescript-Async-Storage-Prettier-Eslint/src/theme_store/theme_store.ts">
        <metrics statements="3" coveredstatements="3" conditionals="2" coveredconditionals="2" methods="3" coveredmethods="3"/>
        <line num="11" count="9" type="stmt"/>
        <line num="16" count="31" type="stmt"/>
        <line num="18" count="17" type="cond" truecount="2" falsecount="0"/>
      </file>
      <file name="theme_store_factory.ts" path="/home/samueldecarvalho/Calculator-App-With-React-Native-Expo-Custom-Hooks-Typescript-Async-Storage-Prettier-Eslint/src/theme_store/theme_store_factory.ts">
        <metrics statements="4" coveredstatements="4" conditionals="2" coveredconditionals="2" methods="2" coveredmethods="1"/>
        <line num="4" count="8" type="stmt"/>
        <line num="9" count="127" type="cond" truecount="2" falsecount="0"/>
        <line num="10" count="8" type="stmt"/>
        <line num="13" count="127" type="stmt"/>
      </file>
    </package>
    <package name="Calculator-App-With-React-Native-Expo-Custom-Hooks-Typescript-Async-Storage-Prettier-Eslint.src.ui_languages_specific_constants.ts">
      <metrics statements="51" coveredstatements="20" conditionals="8" coveredconditionals="4" methods="12" coveredmethods="3"/>
      <file name="english_language.ts" path="/home/samueldecarvalho/Calculator-App-With-React-Native-Expo-Custom-Hooks-Typescript-Async-Storage-Prettier-Eslint/src/ui_languages_specific_constants.ts/english_language.ts">
        <metrics statements="7" coveredstatements="0" conditionals="0" coveredconditionals="0" methods="2" coveredmethods="0"/>
        <line num="14" count="0" type="stmt"/>
        <line num="17" count="0" type="stmt"/>
        <line num="20" count="0" type="stmt"/>
        <line num="25" count="0" type="stmt"/>
        <line num="31" count="0" type="stmt"/>
        <line num="36" count="0" type="stmt"/>
        <line num="40" count="0" type="stmt"/>
      </file>
      <file name="french_language.ts" path="/home/samueldecarvalho/Calculator-App-With-React-Native-Expo-Custom-Hooks-Typescript-Async-Storage-Prettier-Eslint/src/ui_languages_specific_constants.ts/french_language.ts">
        <metrics statements="7" coveredstatements="0" conditionals="0" coveredconditionals="0" methods="2" coveredmethods="0"/>
        <line num="14" count="0" type="stmt"/>
        <line num="17" count="0" type="stmt"/>
        <line num="20" count="0" type="stmt"/>
        <line num="25" count="0" type="stmt"/>
        <line num="31" count="0" type="stmt"/>
        <line num="36" count="0" type="stmt"/>
        <line num="40" count="0" type="stmt"/>
      </file>
      <file name="german_language.ts" path="/home/samueldecarvalho/Calculator-App-With-React-Native-Expo-Custom-Hooks-Typescript-Async-Storage-Prettier-Eslint/src/ui_languages_specific_constants.ts/german_language.ts">
        <metrics statements="7" coveredstatements="7" conditionals="0" coveredconditionals="0" methods="2" coveredmethods="2"/>
        <line num="14" count="7" type="stmt"/>
        <line num="17" count="7" type="stmt"/>
        <line num="20" count="7" type="stmt"/>
        <line num="25" count="2196" type="stmt"/>
        <line num="31" count="7" type="stmt"/>
        <line num="36" count="122" type="stmt"/>
        <line num="40" count="7" type="stmt"/>
      </file>
      <file name="language_abstraction.ts" path="/home/samueldecarvalho/Calculator-App-With-React-Native-Expo-Custom-Hooks-Typescript-Async-Storage-Prettier-Eslint/src/ui_languages_specific_constants.ts/language_abstraction.ts">
        <metrics statements="0" coveredstatements="0" conditionals="0" coveredconditionals="0" methods="0" coveredmethods="0"/>
      </file>
      <file name="language_factory.ts" path="/home/samueldecarvalho/Calculator-App-With-React-Native-Expo-Custom-Hooks-Typescript-Async-Storage-Prettier-Eslint/src/ui_languages_specific_constants.ts/language_factory.ts">
        <metrics statements="16" coveredstatements="8" conditionals="8" coveredconditionals="4" methods="2" coveredmethods="1"/>
        <line num="10" count="8" type="stmt"/>
        <line num="15" count="273" type="cond" truecount="2" falsecount="0"/>
        <line num="16" count="8" type="cond" truecount="2" falsecount="4"/>
        <line num="18" count="0" type="stmt"/>
        <line num="19" count="0" type="stmt"/>
        <line num="22" count="1" type="stmt"/>
        <line num="23" count="1" type="stmt"/>
        <line num="26" count="7" type="stmt"/>
        <line num="27" count="7" type="stmt"/>
        <line num="30" count="0" type="stmt"/>
        <line num="31" count="0" type="stmt"/>
        <line num="34" count="0" type="stmt"/>
        <line num="35" count="0" type="stmt"/>
        <line num="38" count="0" type="stmt"/>
        <line num="39" count="0" type="stmt"/>
        <line num="43" count="273" type="stmt"/>
      </file>
      <file name="languages.ts" path="/home/samueldecarvalho/Calculator-App-With-React-Native-Expo-Custom-Hooks-Typescript-Async-Storage-Prettier-Eslint/src/ui_languages_specific_constants.ts/languages.ts">
        <metrics statements="0" coveredstatements="0" conditionals="0" coveredconditionals="0" methods="0" coveredmethods="0"/>
      </file>
      <file name="portuguese_language.ts" path="/home/samueldecarvalho/Calculator-App-With-React-Native-Expo-Custom-Hooks-Typescript-Async-Storage-Prettier-Eslint/src/ui_languages_specific_constants.ts/portuguese_language.ts">
        <metrics statements="7" coveredstatements="5" conditionals="0" coveredconditionals="0" methods="2" coveredmethods="0"/>
        <line num="14" count="1" type="stmt"/>
        <line num="17" count="1" type="stmt"/>
        <line num="20" count="1" type="stmt"/>
        <line num="25" count="0" type="stmt"/>
        <line num="31" count="1" type="stmt"/>
        <line num="36" count="0" type="stmt"/>
        <line num="40" count="1" type="stmt"/>
      </file>
      <file name="spanish_language.ts" path="/home/samueldecarvalho/Calculator-App-With-React-Native-Expo-Custom-Hooks-Typescript-Async-Storage-Prettier-Eslint/src/ui_languages_specific_constants.ts/spanish_language.ts">
        <metrics statements="7" coveredstatements="0" conditionals="0" coveredconditionals="0" methods="2" coveredmethods="0"/>
        <line num="14" count="0" type="stmt"/>
        <line num="17" count="0" type="stmt"/>
        <line num="20" count="0" type="stmt"/>
        <line num="25" count="0" type="stmt"/>
        <line num="31" count="0" type="stmt"/>
        <line num="36" count="0" type="stmt"/>
        <line num="40" count="0" type="stmt"/>
      </file>
    </package>
  </project>
</coverage>
