{"/home/samueldecarvalho/Calculator-App-With-React-Native-Expo-Custom-Hooks-Typescript-Async-Storage-Prettier-Eslint/App.tsx": {"path":"/home/samueldecarvalho/Calculator-App-With-React-Native-Expo-Custom-Hooks-Typescript-Async-Storage-Prettier-Eslint/App.tsx","statementMap":{"0":{"start":{"line":6,"column":30},"end":{"line":6,"column":58}},"1":{"start":{"line":9,"column":2},"end":{"line":21,"column":4}}},"fnMap":{"0":{"name":"App","decl":{"start":{"line":8,"column":9},"end":{"line":8,"column":12}},"loc":{"start":{"line":8,"column":28},"end":{"line":22,"column":1}},"line":8}},"branchMap":{},"s":{"0":1,"1":1},"f":{"0":1},"b":{},"_coverageSchema":"1a1c01bbd47fc00a2c39e90264f33305004495a9","hash":"c5d5f8c09d0c714d19e5aa4ae0ab696b037c646a"}
,"/home/samueldecarvalho/Calculator-App-With-React-Native-Expo-Custom-Hooks-Typescript-Async-Storage-Prettier-Eslint/src/assets/dimensions.ts": {"path":"/home/samueldecarvalho/Calculator-App-With-React-Native-Expo-Custom-Hooks-Typescript-Async-Storage-Prettier-Eslint/src/assets/dimensions.ts","statementMap":{"0":{"start":{"line":1,"column":73},"end":{"line":1,"column":75}},"1":{"start":{"line":3,"column":69},"end":{"line":3,"column":71}},"2":{"start":{"line":5,"column":77},"end":{"line":5,"column":79}},"3":{"start":{"line":7,"column":73},"end":{"line":7,"column":75}},"4":{"start":{"line":9,"column":71},"end":{"line":9,"column":73}},"5":{"start":{"line":11,"column":67},"end":{"line":11,"column":69}},"6":{"start":{"line":13,"column":70},"end":{"line":13,"column":71}},"7":{"start":{"line":15,"column":66},"end":{"line":15,"column":68}},"8":{"start":{"line":17,"column":72},"end":{"line":17,"column":73}},"9":{"start":{"line":19,"column":68},"end":{"line":19,"column":70}}},"fnMap":{},"branchMap":{},"s":{"0":9,"1":9,"2":9,"3":9,"4":9,"5":9,"6":9,"7":9,"8":9,"9":9},"f":{},"b":{},"_coverageSchema":"1a1c01bbd47fc00a2c39e90264f33305004495a9","hash":"3b56d250739c2697a6d17a806d8e644de81efbc4"}
,"/home/samueldecarvalho/Calculator-App-With-React-Native-Expo-Custom-Hooks-Typescript-Async-Storage-Prettier-Eslint/src/assets/themes.ts": {"path":"/home/samueldecarvalho/Calculator-App-With-React-Native-Expo-Custom-Hooks-Typescript-Async-Storage-Prettier-Eslint/src/assets/themes.ts","statementMap":{},"fnMap":{},"branchMap":{},"s":{},"f":{},"b":{},"_coverageSchema":"1a1c01bbd47fc00a2c39e90264f33305004495a9","hash":"c0049da2a040f6979bdf9f2def288a1ddc35dd50"}
,"/home/samueldecarvalho/Calculator-App-With-React-Native-Expo-Custom-Hooks-Typescript-Async-Storage-Prettier-Eslint/src/assets/colors/neutral_colors.ts": {"path":"/home/samueldecarvalho/Calculator-App-With-React-Native-Expo-Custom-Hooks-Typescript-Async-Storage-Prettier-Eslint/src/assets/colors/neutral_colors.ts","statementMap":{},"fnMap":{},"branchMap":{},"s":{},"f":{},"b":{},"_coverageSchema":"1a1c01bbd47fc00a2c39e90264f33305004495a9","hash":"114a338c889e46ed6336389b44151bc7c070f85d"}
,"/home/samueldecarvalho/Calculator-App-With-React-Native-Expo-Custom-Hooks-Typescript-Async-Storage-Prettier-Eslint/src/assets/colors/primary_colors.ts": {"path":"/home/samueldecarvalho/Calculator-App-With-React-Native-Expo-Custom-Hooks-Typescript-Async-Storage-Prettier-Eslint/src/assets/colors/primary_colors.ts","statementMap":{},"fnMap":{},"branchMap":{},"s":{},"f":{},"b":{},"_coverageSchema":"1a1c01bbd47fc00a2c39e90264f33305004495a9","hash":"8c8755cfcf8ab4f5dad916fdf8b406109f00254d"}
,"/home/samueldecarvalho/Calculator-App-With-React-Native-Expo-Custom-Hooks-Typescript-Async-Storage-Prettier-Eslint/src/assets/colors/ripple_effect_colors.ts": {"path":"/home/samueldecarvalho/Calculator-App-With-React-Native-Expo-Custom-Hooks-Typescript-Async-Storage-Prettier-Eslint/src/assets/colors/ripple_effect_colors.ts","statementMap":{},"fnMap":{},"branchMap":{},"s":{},"f":{},"b":{},"_coverageSchema":"1a1c01bbd47fc00a2c39e90264f33305004495a9","hash":"e0d90651628ff443196f224317113d83d6997563"}
,"/home/samueldecarvalho/Calculator-App-With-React-Native-Expo-Custom-Hooks-Typescript-Async-Storage-Prettier-Eslint/src/assets/colors/secondary_colors.ts": {"path":"/home/samueldecarvalho/Calculator-App-With-React-Native-Expo-Custom-Hooks-Typescript-Async-Storage-Prettier-Eslint/src/assets/colors/secondary_colors.ts","statementMap":{},"fnMap":{},"branchMap":{},"s":{},"f":{},"b":{},"_coverageSchema":"1a1c01bbd47fc00a2c39e90264f33305004495a9","hash":"573c7dce72388d07691d628a64fe85959ba7fac7"}
,"/home/samueldecarvalho/Calculator-App-With-React-Native-Expo-Custom-Hooks-Typescript-Async-Storage-Prettier-Eslint/src/calculation_expression_reconciliation_adapter/calculation_expression_reconciliation_adapter.ts": {"path":"/home/samueldecarvalho/Calculator-App-With-React-Native-Expo-Custom-Hooks-Typescript-Async-Storage-Prettier-Eslint/src/calculation_expression_reconciliation_adapter/calculation_expression_reconciliation_adapter.ts","statementMap":{"0":{"start":{"line":12,"column":4},"end":{"line":12,"column":23}},"1":{"start":{"line":15,"column":6},"end":{"line":17,"column":38}},"2":{"start":{"line":19,"column":4},"end":{"line":21,"column":5}},"3":{"start":{"line":20,"column":6},"end":{"line":20,"column":41}}},"fnMap":{"0":{"name":"(anonymous_0)","decl":{"start":{"line":6,"column":2},"end":{"line":6,"column":3}},"loc":{"start":{"line":6,"column":24},"end":{"line":6,"column":26}},"line":6},"1":{"name":"(anonymous_1)","decl":{"start":{"line":8,"column":2},"end":{"line":8,"column":3}},"loc":{"start":{"line":11,"column":10},"end":{"line":22,"column":3}},"line":11}},"branchMap":{},"s":{"0":98,"1":98,"2":98,"3":111},"f":{"0":0,"1":98},"b":{},"_coverageSchema":"1a1c01bbd47fc00a2c39e90264f33305004495a9","hash":"a33d9f17cb48a93dbc230d1a1bb1a39e2541d4d9"}
,"/home/samueldecarvalho/Calculator-App-With-React-Native-Expo-Custom-Hooks-Typescript-Async-Storage-Prettier-Eslint/src/calculation_expression_update_adapter/calculation_expression_update_adapter.ts": {"path":"/home/samueldecarvalho/Calculator-App-With-React-Native-Expo-Custom-Hooks-Typescript-Async-Storage-Prettier-Eslint/src/calculation_expression_update_adapter/calculation_expression_update_adapter.ts","statementMap":{"0":{"start":{"line":13,"column":6},"end":{"line":13,"column":42}},"1":{"start":{"line":15,"column":4},"end":{"line":17,"column":6}},"2":{"start":{"line":19,"column":4},"end":{"line":19,"column":64}}},"fnMap":{"0":{"name":"(anonymous_0)","decl":{"start":{"line":6,"column":2},"end":{"line":6,"column":3}},"loc":{"start":{"line":6,"column":24},"end":{"line":6,"column":26}},"line":6},"1":{"name":"(anonymous_1)","decl":{"start":{"line":8,"column":2},"end":{"line":8,"column":3}},"loc":{"start":{"line":11,"column":10},"end":{"line":20,"column":3}},"line":11}},"branchMap":{},"s":{"0":43,"1":43,"2":43},"f":{"0":0,"1":43},"b":{},"_coverageSchema":"1a1c01bbd47fc00a2c39e90264f33305004495a9","hash":"d3d9b1fa3c595361cf72358a89e672f64e3219df"}
,"/home/samueldecarvalho/Calculator-App-With-React-Native-Expo-Custom-Hooks-Typescript-Async-Storage-Prettier-Eslint/src/calculator_characters/ui_calculator_characters.ts": {"path":"/home/samueldecarvalho/Calculator-App-With-React-Native-Expo-Custom-Hooks-Typescript-Async-Storage-Prettier-Eslint/src/calculator_characters/ui_calculator_characters.ts","statementMap":{},"fnMap":{},"branchMap":{},"s":{},"f":{},"b":{},"_coverageSchema":"1a1c01bbd47fc00a2c39e90264f33305004495a9","hash":"38b125fc88d7b72e57c01d764699fb453981a3f1"}
,"/home/samueldecarvalho/Calculator-App-With-React-Native-Expo-Custom-Hooks-Typescript-Async-Storage-Prettier-Eslint/src/components/action_bar/action_bar.tsx": {"path":"/home/samueldecarvalho/Calculator-App-With-React-Native-Expo-Custom-Hooks-Typescript-Async-Storage-Prettier-Eslint/src/components/action_bar/action_bar.tsx","statementMap":{"0":{"start":{"line":26,"column":6},"end":{"line":26,"column":11}},"1":{"start":{"line":28,"column":2},"end":{"line":49,"column":4}}},"fnMap":{"0":{"name":"ActionBar","decl":{"start":{"line":5,"column":9},"end":{"line":5,"column":18}},"loc":{"start":{"line":15,"column":16},"end":{"line":50,"column":1}},"line":15}},"branchMap":{},"s":{"0":108,"1":108},"f":{"0":108},"b":{},"_coverageSchema":"1a1c01bbd47fc00a2c39e90264f33305004495a9","hash":"7e2c752272134e34110af74be2149978e51d7096"}
,"/home/samueldecarvalho/Calculator-App-With-React-Native-Expo-Custom-Hooks-Typescript-Async-Storage-Prettier-Eslint/src/components/action_bar/styles.ts": {"path":"/home/samueldecarvalho/Calculator-App-With-React-Native-Expo-Custom-Hooks-Typescript-Async-Storage-Prettier-Eslint/src/components/action_bar/styles.ts","statementMap":{"0":{"start":{"line":3,"column":15},"end":{"line":7,"column":2}}},"fnMap":{},"branchMap":{},"s":{"0":7},"f":{},"b":{},"_coverageSchema":"1a1c01bbd47fc00a2c39e90264f33305004495a9","hash":"56918a5bb2ade0813217b18204ed73630ff72348"}
,"/home/samueldecarvalho/Calculator-App-With-React-Native-Expo-Custom-Hooks-Typescript-Async-Storage-Prettier-Eslint/src/components/button/button.tsx": {"path":"/home/samueldecarvalho/Calculator-App-With-React-Native-Expo-Custom-Hooks-Typescript-Async-Storage-Prettier-Eslint/src/components/button/button.tsx","statementMap":{"0":{"start":{"line":26,"column":6},"end":{"line":26,"column":11}},"1":{"start":{"line":28,"column":2},"end":{"line":47,"column":4}}},"fnMap":{"0":{"name":"Button","decl":{"start":{"line":7,"column":9},"end":{"line":7,"column":15}},"loc":{"start":{"line":16,"column":16},"end":{"line":48,"column":1}},"line":16}},"branchMap":{},"s":{"0":1928,"1":1928},"f":{"0":1928},"b":{},"_coverageSchema":"1a1c01bbd47fc00a2c39e90264f33305004495a9","hash":"1135aa763a929299e16c4ebd5f47d5272b84ea0d"}
,"/home/samueldecarvalho/Calculator-App-With-React-Native-Expo-Custom-Hooks-Typescript-Async-Storage-Prettier-Eslint/src/components/button/styles.ts": {"path":"/home/samueldecarvalho/Calculator-App-With-React-Native-Expo-Custom-Hooks-Typescript-Async-Storage-Prettier-Eslint/src/components/button/styles.ts","statementMap":{"0":{"start":{"line":3,"column":15},"end":{"line":22,"column":2}}},"fnMap":{},"branchMap":{},"s":{"0":8},"f":{},"b":{},"_coverageSchema":"1a1c01bbd47fc00a2c39e90264f33305004495a9","hash":"3f45c3fea20765d6d9447e4c42f95e9296b8612e"}
,"/home/samueldecarvalho/Calculator-App-With-React-Native-Expo-Custom-Hooks-Typescript-Async-Storage-Prettier-Eslint/src/components/keyboard/keyboard.tsx": {"path":"/home/samueldecarvalho/Calculator-App-With-React-Native-Expo-Custom-Hooks-Typescript-Async-Storage-Prettier-Eslint/src/components/keyboard/keyboard.tsx","statementMap":{"0":{"start":{"line":11,"column":58},"end":{"line":11,"column":63}},"1":{"start":{"line":13,"column":2},"end":{"line":20,"column":4}}},"fnMap":{"0":{"name":"Keyboard","decl":{"start":{"line":6,"column":9},"end":{"line":6,"column":17}},"loc":{"start":{"line":10,"column":16},"end":{"line":21,"column":1}},"line":10}},"branchMap":{},"s":{"0":108,"1":108},"f":{"0":108},"b":{},"_coverageSchema":"1a1c01bbd47fc00a2c39e90264f33305004495a9","hash":"f440b0ecaac1f89ac377d0b2354836ce6dc399c4"}
,"/home/samueldecarvalho/Calculator-App-With-React-Native-Expo-Custom-Hooks-Typescript-Async-Storage-Prettier-Eslint/src/components/keyboard/styles.ts": {"path":"/home/samueldecarvalho/Calculator-App-With-React-Native-Expo-Custom-Hooks-Typescript-Async-Storage-Prettier-Eslint/src/components/keyboard/styles.ts","statementMap":{"0":{"start":{"line":3,"column":15},"end":{"line":9,"column":2}}},"fnMap":{},"branchMap":{},"s":{"0":7},"f":{},"b":{},"_coverageSchema":"1a1c01bbd47fc00a2c39e90264f33305004495a9","hash":"464bff50945853fbe53a4a3da0cd0d59166d94b6"}
,"/home/samueldecarvalho/Calculator-App-With-React-Native-Expo-Custom-Hooks-Typescript-Async-Storage-Prettier-Eslint/src/components/viewfinder/styles.ts": {"path":"/home/samueldecarvalho/Calculator-App-With-React-Native-Expo-Custom-Hooks-Typescript-Async-Storage-Prettier-Eslint/src/components/viewfinder/styles.ts","statementMap":{"0":{"start":{"line":3,"column":15},"end":{"line":20,"column":2}}},"fnMap":{},"branchMap":{},"s":{"0":7},"f":{},"b":{},"_coverageSchema":"1a1c01bbd47fc00a2c39e90264f33305004495a9","hash":"7284b6d6c888eba3a617e1a34a751a58ea81d81e"}
,"/home/samueldecarvalho/Calculator-App-With-React-Native-Expo-Custom-Hooks-Typescript-Async-Storage-Prettier-Eslint/src/components/viewfinder/viewfinder.tsx": {"path":"/home/samueldecarvalho/Calculator-App-With-React-Native-Expo-Custom-Hooks-Typescript-Async-Storage-Prettier-Eslint/src/components/viewfinder/viewfinder.tsx","statementMap":{"0":{"start":{"line":31,"column":6},"end":{"line":31,"column":11}},"1":{"start":{"line":33,"column":4},"end":{"line":33,"column":41}},"2":{"start":{"line":35,"column":2},"end":{"line":64,"column":4}},"3":{"start":{"line":48,"column":10},"end":{"line":48,"column":38}}},"fnMap":{"0":{"name":"Viewfinder","decl":{"start":{"line":10,"column":9},"end":{"line":10,"column":19}},"loc":{"start":{"line":20,"column":16},"end":{"line":65,"column":1}},"line":20},"1":{"name":"(anonymous_1)","decl":{"start":{"line":47,"column":29},"end":{"line":47,"column":30}},"loc":{"start":{"line":47,"column":36},"end":{"line":49,"column":9}},"line":47}},"branchMap":{},"s":{"0":108,"1":108,"2":108,"3":0},"f":{"0":108,"1":0},"b":{},"_coverageSchema":"1a1c01bbd47fc00a2c39e90264f33305004495a9","hash":"143035071197bdff91d7e3c312915cf04e68b13a"}
,"/home/samueldecarvalho/Calculator-App-With-React-Native-Expo-Custom-Hooks-Typescript-Async-Storage-Prettier-Eslint/src/constants/device_utilities_constants.ts": {"path":"/home/samueldecarvalho/Calculator-App-With-React-Native-Expo-Custom-Hooks-Typescript-Async-Storage-Prettier-Eslint/src/constants/device_utilities_constants.ts","statementMap":{"0":{"start":{"line":1,"column":51},"end":{"line":1,"column":56}},"1":{"start":{"line":3,"column":35},"end":{"line":3,"column":39}},"2":{"start":{"line":5,"column":32},"end":{"line":5,"column":36}},"3":{"start":{"line":7,"column":31},"end":{"line":7,"column":35}},"4":{"start":{"line":9,"column":31},"end":{"line":9,"column":35}},"5":{"start":{"line":11,"column":32},"end":{"line":11,"column":36}}},"fnMap":{},"branchMap":{},"s":{"0":15,"1":15,"2":15,"3":15,"4":15,"5":15},"f":{},"b":{},"_coverageSchema":"1a1c01bbd47fc00a2c39e90264f33305004495a9","hash":"d46bf348248491502b22ef95b4a32770490cb378"}
,"/home/samueldecarvalho/Calculator-App-With-React-Native-Expo-Custom-Hooks-Typescript-Async-Storage-Prettier-Eslint/src/constants/strings_utilities_constants.ts": {"path":"/home/samueldecarvalho/Calculator-App-With-React-Native-Expo-Custom-Hooks-Typescript-Async-Storage-Prettier-Eslint/src/constants/strings_utilities_constants.ts","statementMap":{"0":{"start":{"line":1,"column":36},"end":{"line":1,"column":38}},"1":{"start":{"line":3,"column":46},"end":{"line":3,"column":47}},"2":{"start":{"line":5,"column":45},"end":{"line":5,"column":47}},"3":{"start":{"line":7,"column":47},"end":{"line":7,"column":48}}},"fnMap":{},"branchMap":{},"s":{"0":31,"1":31,"2":31,"3":31},"f":{},"b":{},"_coverageSchema":"1a1c01bbd47fc00a2c39e90264f33305004495a9","hash":"7212eea71d463aefd31a24390fb22af65f72d9da"}
,"/home/samueldecarvalho/Calculator-App-With-React-Native-Expo-Custom-Hooks-Typescript-Async-Storage-Prettier-Eslint/src/constants/ui_constants.ts": {"path":"/home/samueldecarvalho/Calculator-App-With-React-Native-Expo-Custom-Hooks-Typescript-Async-Storage-Prettier-Eslint/src/constants/ui_constants.ts","statementMap":{"0":{"start":{"line":4,"column":39},"end":{"line":4,"column":52}},"1":{"start":{"line":6,"column":61},"end":{"line":6,"column":75}},"2":{"start":{"line":8,"column":62},"end":{"line":8,"column":77}},"3":{"start":{"line":10,"column":43},"end":{"line":10,"column":44}},"4":{"start":{"line":12,"column":45},"end":{"line":12,"column":46}},"5":{"start":{"line":14,"column":41},"end":{"line":14,"column":47}},"6":{"start":{"line":17,"column":2},"end":{"line":17,"column":39}},"7":{"start":{"line":19,"column":49},"end":{"line":19,"column":52}},"8":{"start":{"line":21,"column":42},"end":{"line":21,"column":49}},"9":{"start":{"line":23,"column":27},"end":{"line":23,"column":33}}},"fnMap":{},"branchMap":{},"s":{"0":21,"1":21,"2":21,"3":21,"4":21,"5":21,"6":21,"7":21,"8":21,"9":21},"f":{},"b":{},"_coverageSchema":"1a1c01bbd47fc00a2c39e90264f33305004495a9","hash":"a61a663dc1511b76972d321fb1be3aba85fb56a2"}
,"/home/samueldecarvalho/Calculator-App-With-React-Native-Expo-Custom-Hooks-Typescript-Async-Storage-Prettier-Eslint/src/constants/domains/calculator/calculation_expression_messages_constants.ts": {"path":"/home/samueldecarvalho/Calculator-App-With-React-Native-Expo-Custom-Hooks-Typescript-Async-Storage-Prettier-Eslint/src/constants/domains/calculator/calculation_expression_messages_constants.ts","statementMap":{"0":{"start":{"line":2,"column":2},"end":{"line":2,"column":32}}},"fnMap":{},"branchMap":{},"s":{"0":24},"f":{},"b":{},"_coverageSchema":"1a1c01bbd47fc00a2c39e90264f33305004495a9","hash":"e92db7b6ec1ed5c21e8ede08658f204aa5feda32"}
,"/home/samueldecarvalho/Calculator-App-With-React-Native-Expo-Custom-Hooks-Typescript-Async-Storage-Prettier-Eslint/src/constants/domains/calculator/calculator_character_values_constants.ts": {"path":"/home/samueldecarvalho/Calculator-App-With-React-Native-Expo-Custom-Hooks-Typescript-Async-Storage-Prettier-Eslint/src/constants/domains/calculator/calculator_character_values_constants.ts","statementMap":{"0":{"start":{"line":1,"column":34},"end":{"line":1,"column":37}},"1":{"start":{"line":3,"column":40},"end":{"line":3,"column":43}},"2":{"start":{"line":5,"column":31},"end":{"line":5,"column":34}},"3":{"start":{"line":7,"column":31},"end":{"line":7,"column":34}},"4":{"start":{"line":9,"column":30},"end":{"line":9,"column":33}},"5":{"start":{"line":11,"column":34},"end":{"line":11,"column":37}},"6":{"start":{"line":13,"column":30},"end":{"line":13,"column":33}},"7":{"start":{"line":15,"column":30},"end":{"line":15,"column":33}},"8":{"start":{"line":17,"column":29},"end":{"line":17,"column":32}},"9":{"start":{"line":19,"column":37},"end":{"line":19,"column":40}},"10":{"start":{"line":21,"column":29},"end":{"line":21,"column":32}},"11":{"start":{"line":23,"column":29},"end":{"line":23,"column":32}},"12":{"start":{"line":25,"column":31},"end":{"line":25,"column":34}},"13":{"start":{"line":27,"column":30},"end":{"line":27,"column":33}},"14":{"start":{"line":29,"column":31},"end":{"line":29,"column":34}}},"fnMap":{},"branchMap":{},"s":{"0":10,"1":10,"2":10,"3":10,"4":10,"5":10,"6":10,"7":10,"8":10,"9":10,"10":10,"11":10,"12":10,"13":10,"14":10},"f":{},"b":{},"_coverageSchema":"1a1c01bbd47fc00a2c39e90264f33305004495a9","hash":"4fef49a4eb3c1c6e4398047a4e830686d4bb4cc6"}
,"/home/samueldecarvalho/Calculator-App-With-React-Native-Expo-Custom-Hooks-Typescript-Async-Storage-Prettier-Eslint/src/constants/domains/key_value_store/key_value_store_constants.ts": {"path":"/home/samueldecarvalho/Calculator-App-With-React-Native-Expo-Custom-Hooks-Typescript-Async-Storage-Prettier-Eslint/src/constants/domains/key_value_store/key_value_store_constants.ts","statementMap":{"0":{"start":{"line":1,"column":52},"end":{"line":1,"column":77}},"1":{"start":{"line":4,"column":2},"end":{"line":4,"column":49}},"2":{"start":{"line":7,"column":2},"end":{"line":7,"column":56}},"3":{"start":{"line":10,"column":40},"end":{"line":10,"column":55}}},"fnMap":{"0":{"name":"NOT_EXISTING_ITEM_ERROR_MESSAGE","decl":{"start":{"line":6,"column":16},"end":{"line":6,"column":47}},"loc":{"start":{"line":6,"column":73},"end":{"line":8,"column":1}},"line":6}},"branchMap":{},"s":{"0":20,"1":20,"2":26,"3":20},"f":{"0":26},"b":{},"_coverageSchema":"1a1c01bbd47fc00a2c39e90264f33305004495a9","hash":"7b0282561b9905a27a39211eee3f9d79622852e1"}
,"/home/samueldecarvalho/Calculator-App-With-React-Native-Expo-Custom-Hooks-Typescript-Async-Storage-Prettier-Eslint/src/constants/screens/home_screen_constants.ts": {"path":"/home/samueldecarvalho/Calculator-App-With-React-Native-Expo-Custom-Hooks-Typescript-Async-Storage-Prettier-Eslint/src/constants/screens/home_screen_constants.ts","statementMap":{"0":{"start":{"line":1,"column":50},"end":{"line":1,"column":78}},"1":{"start":{"line":4,"column":2},"end":{"line":4,"column":50}},"2":{"start":{"line":6,"column":31},"end":{"line":6,"column":34}},"3":{"start":{"line":8,"column":35},"end":{"line":8,"column":38}},"4":{"start":{"line":10,"column":34},"end":{"line":10,"column":37}},"5":{"start":{"line":12,"column":37},"end":{"line":12,"column":58}},"6":{"start":{"line":14,"column":38},"end":{"line":14,"column":60}},"7":{"start":{"line":17,"column":2},"end":{"line":17,"column":36}},"8":{"start":{"line":20,"column":2},"end":{"line":20,"column":31}},"9":{"start":{"line":23,"column":2},"end":{"line":23,"column":32}},"10":{"start":{"line":26,"column":2},"end":{"line":26,"column":31}},"11":{"start":{"line":29,"column":2},"end":{"line":29,"column":35}},"12":{"start":{"line":32,"column":2},"end":{"line":32,"column":34}},"13":{"start":{"line":35,"column":2},"end":{"line":35,"column":48}},"14":{"start":{"line":38,"column":2},"end":{"line":38,"column":67}},"15":{"start":{"line":41,"column":2},"end":{"line":41,"column":55}},"16":{"start":{"line":44,"column":2},"end":{"line":44,"column":64}},"17":{"start":{"line":47,"column":2},"end":{"line":47,"column":65}},"18":{"start":{"line":52,"column":2},"end":{"line":52,"column":97}},"19":{"start":{"line":58,"column":2},"end":{"line":58,"column":104}},"20":{"start":{"line":64,"column":2},"end":{"line":64,"column":113}},"21":{"start":{"line":70,"column":2},"end":{"line":70,"column":107}},"22":{"start":{"line":76,"column":2},"end":{"line":76,"column":92}},"23":{"start":{"line":82,"column":2},"end":{"line":82,"column":123}},"24":{"start":{"line":88,"column":2},"end":{"line":88,"column":143}},"25":{"start":{"line":94,"column":2},"end":{"line":94,"column":147}},"26":{"start":{"line":100,"column":2},"end":{"line":100,"column":151}},"27":{"start":{"line":106,"column":2},"end":{"line":106,"column":140}},"28":{"start":{"line":110,"column":2},"end":{"line":110,"column":15}},"29":{"start":{"line":113,"column":2},"end":{"line":113,"column":16}},"30":{"start":{"line":116,"column":2},"end":{"line":116,"column":22}},"31":{"start":{"line":119,"column":2},"end":{"line":119,"column":19}},"32":{"start":{"line":122,"column":2},"end":{"line":122,"column":19}},"33":{"start":{"line":125,"column":2},"end":{"line":125,"column":18}},"34":{"start":{"line":128,"column":2},"end":{"line":128,"column":31}},"35":{"start":{"line":131,"column":2},"end":{"line":131,"column":36}},"36":{"start":{"line":134,"column":2},"end":{"line":134,"column":35}},"37":{"start":{"line":137,"column":2},"end":{"line":137,"column":21}},"38":{"start":{"line":140,"column":2},"end":{"line":140,"column":23}},"39":{"start":{"line":143,"column":2},"end":{"line":143,"column":26}},"40":{"start":{"line":146,"column":2},"end":{"line":146,"column":26}},"41":{"start":{"line":149,"column":2},"end":{"line":149,"column":27}},"42":{"start":{"line":152,"column":2},"end":{"line":152,"column":19}}},"fnMap":{"0":{"name":"ENGLISH_CALCULATOR_VIEWFINDER_ELEMENT_ACCESSIBILITY_LABEL","decl":{"start":{"line":49,"column":16},"end":{"line":49,"column":73}},"loc":{"start":{"line":51,"column":10},"end":{"line":53,"column":1}},"line":51},"1":{"name":"PORTUGUESE_CALCULATOR_VIEWFINDER_ELEMENT_ACCESSIBILITY_LABEL","decl":{"start":{"line":55,"column":16},"end":{"line":55,"column":76}},"loc":{"start":{"line":57,"column":10},"end":{"line":59,"column":1}},"line":57},"2":{"name":"SPANISH_CALCULATOR_VIEWFINDER_ELEMENT_ACCESSIBILITY_LABEL","decl":{"start":{"line":61,"column":16},"end":{"line":61,"column":73}},"loc":{"start":{"line":63,"column":10},"end":{"line":65,"column":1}},"line":63},"3":{"name":"FRENCH_CALCULATOR_VIEWFINDER_ELEMENT_ACCESSIBILITY_LABEL","decl":{"start":{"line":67,"column":16},"end":{"line":67,"column":72}},"loc":{"start":{"line":69,"column":10},"end":{"line":71,"column":1}},"line":69},"4":{"name":"GERMAN_CALCULATOR_VIEWFINDER_ELEMENT_ACCESSIBILITY_LABEL","decl":{"start":{"line":73,"column":16},"end":{"line":73,"column":72}},"loc":{"start":{"line":75,"column":10},"end":{"line":77,"column":1}},"line":75},"5":{"name":"ENGLISH_CALCULATOR_KEYBOARD_BUTTON_ELEMENT_ACCESSIBILITY_LABEL","decl":{"start":{"line":79,"column":16},"end":{"line":79,"column":78}},"loc":{"start":{"line":81,"column":10},"end":{"line":83,"column":1}},"line":81},"6":{"name":"PORTUGUESE_CALCULATOR_KEYBOARD_BUTTON_ELEMENT_ACCESSIBILITY_LABEL","decl":{"start":{"line":85,"column":16},"end":{"line":85,"column":81}},"loc":{"start":{"line":87,"column":10},"end":{"line":89,"column":1}},"line":87},"7":{"name":"SPANISH_CALCULATOR_KEYBOARD_BUTTON_ELEMENT_ACCESSIBILITY_LABEL","decl":{"start":{"line":91,"column":16},"end":{"line":91,"column":78}},"loc":{"start":{"line":93,"column":10},"end":{"line":95,"column":1}},"line":93},"8":{"name":"FRENCH_CALCULATOR_KEYBOARD_BUTTON_ELEMENT_ACCESSIBILITY_LABEL","decl":{"start":{"line":97,"column":16},"end":{"line":97,"column":77}},"loc":{"start":{"line":99,"column":10},"end":{"line":101,"column":1}},"line":99},"9":{"name":"GERMAN_CALCULATOR_KEYBOARD_BUTTON_ELEMENT_ACCESSIBILITY_LABEL","decl":{"start":{"line":103,"column":16},"end":{"line":103,"column":77}},"loc":{"start":{"line":105,"column":10},"end":{"line":107,"column":1}},"line":105}},"branchMap":{},"s":{"0":20,"1":20,"2":20,"3":20,"4":20,"5":20,"6":20,"7":20,"8":20,"9":20,"10":20,"11":20,"12":20,"13":20,"14":20,"15":20,"16":20,"17":20,"18":0,"19":0,"20":0,"21":0,"22":122,"23":0,"24":0,"25":0,"26":0,"27":2196,"28":20,"29":20,"30":20,"31":20,"32":20,"33":20,"34":20,"35":20,"36":20,"37":20,"38":20,"39":20,"40":20,"41":20,"42":20},"f":{"0":0,"1":0,"2":0,"3":0,"4":122,"5":0,"6":0,"7":0,"8":0,"9":2196},"b":{},"_coverageSchema":"1a1c01bbd47fc00a2c39e90264f33305004495a9","hash":"e9a33a552d5354eaeac99a9a244e08896d204b96"}
,"/home/samueldecarvalho/Calculator-App-With-React-Native-Expo-Custom-Hooks-Typescript-Async-Storage-Prettier-Eslint/src/device_language_recuperator/device_language_recuperator.ts": {"path":"/home/samueldecarvalho/Calculator-App-With-React-Native-Expo-Custom-Hooks-Typescript-Async-Storage-Prettier-Eslint/src/device_language_recuperator/device_language_recuperator.ts","statementMap":{"0":{"start":{"line":15,"column":35},"end":{"line":15,"column":78}},"1":{"start":{"line":17,"column":4},"end":{"line":19,"column":5}},"2":{"start":{"line":18,"column":6},"end":{"line":18,"column":34}},"3":{"start":{"line":20,"column":4},"end":{"line":22,"column":5}},"4":{"start":{"line":21,"column":6},"end":{"line":21,"column":31}},"5":{"start":{"line":23,"column":4},"end":{"line":25,"column":5}},"6":{"start":{"line":24,"column":6},"end":{"line":24,"column":31}},"7":{"start":{"line":26,"column":4},"end":{"line":28,"column":5}},"8":{"start":{"line":27,"column":6},"end":{"line":27,"column":30}},"9":{"start":{"line":29,"column":4},"end":{"line":31,"column":5}},"10":{"start":{"line":30,"column":6},"end":{"line":30,"column":30}},"11":{"start":{"line":32,"column":4},"end":{"line":32,"column":29}}},"fnMap":{"0":{"name":"(anonymous_0)","decl":{"start":{"line":12,"column":2},"end":{"line":12,"column":3}},"loc":{"start":{"line":12,"column":24},"end":{"line":12,"column":26}},"line":12},"1":{"name":"(anonymous_1)","decl":{"start":{"line":14,"column":2},"end":{"line":14,"column":3}},"loc":{"start":{"line":14,"column":47},"end":{"line":33,"column":3}},"line":14}},"branchMap":{"0":{"loc":{"start":{"line":17,"column":4},"end":{"line":19,"column":5}},"type":"if","locations":[{"start":{"line":17,"column":4},"end":{"line":19,"column":5}},{"start":{},"end":{}}],"line":17},"1":{"loc":{"start":{"line":20,"column":4},"end":{"line":22,"column":5}},"type":"if","locations":[{"start":{"line":20,"column":4},"end":{"line":22,"column":5}},{"start":{},"end":{}}],"line":20},"2":{"loc":{"start":{"line":23,"column":4},"end":{"line":25,"column":5}},"type":"if","locations":[{"start":{"line":23,"column":4},"end":{"line":25,"column":5}},{"start":{},"end":{}}],"line":23},"3":{"loc":{"start":{"line":26,"column":4},"end":{"line":28,"column":5}},"type":"if","locations":[{"start":{"line":26,"column":4},"end":{"line":28,"column":5}},{"start":{},"end":{}}],"line":26},"4":{"loc":{"start":{"line":29,"column":4},"end":{"line":31,"column":5}},"type":"if","locations":[{"start":{"line":29,"column":4},"end":{"line":31,"column":5}},{"start":{},"end":{}}],"line":29}},"s":{"0":273,"1":273,"2":0,"3":273,"4":0,"5":273,"6":0,"7":273,"8":0,"9":273,"10":273,"11":0},"f":{"0":0,"1":273},"b":{"0":[0,273],"1":[0,273],"2":[0,273],"3":[0,273],"4":[273,0]},"_coverageSchema":"1a1c01bbd47fc00a2c39e90264f33305004495a9","hash":"4eb854074163e974f6902abaabf833c9d1c226ca"}
,"/home/samueldecarvalho/Calculator-App-With-React-Native-Expo-Custom-Hooks-Typescript-Async-Storage-Prettier-Eslint/src/device_theme_recuperator/device_theme_recuperator.ts": {"path":"/home/samueldecarvalho/Calculator-App-With-React-Native-Expo-Custom-Hooks-Typescript-Async-Storage-Prettier-Eslint/src/device_theme_recuperator/device_theme_recuperator.ts","statementMap":{"0":{"start":{"line":10,"column":6},"end":{"line":10,"column":57}},"1":{"start":{"line":12,"column":4},"end":{"line":14,"column":21}}},"fnMap":{"0":{"name":"(anonymous_0)","decl":{"start":{"line":6,"column":2},"end":{"line":6,"column":3}},"loc":{"start":{"line":6,"column":24},"end":{"line":6,"column":26}},"line":6},"1":{"name":"(anonymous_1)","decl":{"start":{"line":8,"column":2},"end":{"line":8,"column":3}},"loc":{"start":{"line":8,"column":41},"end":{"line":15,"column":3}},"line":8}},"branchMap":{"0":{"loc":{"start":{"line":12,"column":11},"end":{"line":14,"column":20}},"type":"cond-expr","locations":[{"start":{"line":13,"column":8},"end":{"line":13,"column":19}},{"start":{"line":14,"column":8},"end":{"line":14,"column":20}}],"line":12}},"s":{"0":127,"1":127},"f":{"0":0,"1":127},"b":{"0":[0,127]},"_coverageSchema":"1a1c01bbd47fc00a2c39e90264f33305004495a9","hash":"04d516f061db28a84f0587b67eb0ee87cb251d6a"}
,"/home/samueldecarvalho/Calculator-App-With-React-Native-Expo-Custom-Hooks-Typescript-Async-Storage-Prettier-Eslint/src/domains/calculator/calculation_expression.ts": {"path":"/home/samueldecarvalho/Calculator-App-With-React-Native-Expo-Custom-Hooks-Typescript-Async-Storage-Prettier-Eslint/src/domains/calculator/calculation_expression.ts","statementMap":{"0":{"start":{"line":5,"column":4},"end":{"line":5,"column":55}},"1":{"start":{"line":9,"column":4},"end":{"line":9,"column":38}},"2":{"start":{"line":13,"column":4},"end":{"line":13,"column":55}}},"fnMap":{"0":{"name":"(anonymous_0)","decl":{"start":{"line":4,"column":2},"end":{"line":4,"column":3}},"loc":{"start":{"line":4,"column":52},"end":{"line":6,"column":3}},"line":4},"1":{"name":"(anonymous_1)","decl":{"start":{"line":8,"column":2},"end":{"line":8,"column":3}},"loc":{"start":{"line":8,"column":44},"end":{"line":10,"column":3}},"line":8},"2":{"name":"(anonymous_2)","decl":{"start":{"line":12,"column":2},"end":{"line":12,"column":3}},"loc":{"start":{"line":12,"column":65},"end":{"line":14,"column":3}},"line":12}},"branchMap":{},"s":{"0":17,"1":469,"2":351},"f":{"0":17,"1":469,"2":351},"b":{},"_coverageSchema":"1a1c01bbd47fc00a2c39e90264f33305004495a9","hash":"c444a3250ff6b788e88f5b0a07e5beba7b8cb8ab"}
,"/home/samueldecarvalho/Calculator-App-With-React-Native-Expo-Custom-Hooks-Typescript-Async-Storage-Prettier-Eslint/src/domains/calculator/calculation_expression_active_record.ts": {"path":"/home/samueldecarvalho/Calculator-App-With-React-Native-Expo-Custom-Hooks-Typescript-Async-Storage-Prettier-Eslint/src/domains/calculator/calculation_expression_active_record.ts","statementMap":{"0":{"start":{"line":12,"column":4},"end":{"line":12,"column":71}},"1":{"start":{"line":16,"column":4},"end":{"line":16,"column":73}},"2":{"start":{"line":22,"column":4},"end":{"line":24,"column":6}},"3":{"start":{"line":29,"column":6},"end":{"line":29,"column":67}},"4":{"start":{"line":31,"column":6},"end":{"line":33,"column":7}},"5":{"start":{"line":35,"column":4},"end":{"line":37,"column":6}},"6":{"start":{"line":41,"column":4},"end":{"line":41,"column":68}},"7":{"start":{"line":46,"column":6},"end":{"line":46,"column":67}},"8":{"start":{"line":48,"column":6},"end":{"line":48,"column":78}},"9":{"start":{"line":50,"column":4},"end":{"line":52,"column":6}}},"fnMap":{"0":{"name":"(anonymous_0)","decl":{"start":{"line":9,"column":2},"end":{"line":9,"column":3}},"loc":{"start":{"line":11,"column":4},"end":{"line":13,"column":3}},"line":11},"1":{"name":"(anonymous_1)","decl":{"start":{"line":15,"column":2},"end":{"line":15,"column":3}},"loc":{"start":{"line":15,"column":44},"end":{"line":17,"column":3}},"line":15},"2":{"name":"(anonymous_2)","decl":{"start":{"line":19,"column":2},"end":{"line":19,"column":3}},"loc":{"start":{"line":21,"column":10},"end":{"line":25,"column":3}},"line":21},"3":{"name":"(anonymous_3)","decl":{"start":{"line":27,"column":2},"end":{"line":27,"column":3}},"loc":{"start":{"line":27,"column":62},"end":{"line":38,"column":3}},"line":27},"4":{"name":"(anonymous_4)","decl":{"start":{"line":40,"column":2},"end":{"line":40,"column":3}},"loc":{"start":{"line":40,"column":48},"end":{"line":42,"column":3}},"line":40},"5":{"name":"(anonymous_5)","decl":{"start":{"line":44,"column":2},"end":{"line":44,"column":3}},"loc":{"start":{"line":44,"column":47},"end":{"line":53,"column":3}},"line":44}},"branchMap":{},"s":{"0":15,"1":261,"2":169,"3":6,"4":6,"5":6,"6":130,"7":13,"8":13,"9":13},"f":{"0":15,"1":261,"2":169,"3":6,"4":130,"5":13},"b":{},"_coverageSchema":"1a1c01bbd47fc00a2c39e90264f33305004495a9","hash":"b101b1871527cd6e9cee8e2838668007e62295be"}
,"/home/samueldecarvalho/Calculator-App-With-React-Native-Expo-Custom-Hooks-Typescript-Async-Storage-Prettier-Eslint/src/domains/calculator/calculation_expression_active_record_decorator.ts": {"path":"/home/samueldecarvalho/Calculator-App-With-React-Native-Expo-Custom-Hooks-Typescript-Async-Storage-Prettier-Eslint/src/domains/calculator/calculation_expression_active_record_decorator.ts","statementMap":{"0":{"start":{"line":10,"column":4},"end":{"line":10,"column":41}},"1":{"start":{"line":16,"column":38},"end":{"line":16,"column":70}},"2":{"start":{"line":18,"column":4},"end":{"line":29,"column":5}},"3":{"start":{"line":26,"column":6},"end":{"line":26,"column":45}},"4":{"start":{"line":28,"column":6},"end":{"line":28,"column":59}},"5":{"start":{"line":33,"column":38},"end":{"line":33,"column":70}},"6":{"start":{"line":35,"column":4},"end":{"line":50,"column":5}},"7":{"start":{"line":43,"column":6},"end":{"line":43,"column":45}},"8":{"start":{"line":44,"column":11},"end":{"line":50,"column":5}},"9":{"start":{"line":47,"column":6},"end":{"line":47,"column":13}},"10":{"start":{"line":49,"column":6},"end":{"line":49,"column":59}},"11":{"start":{"line":54,"column":38},"end":{"line":54,"column":70}},"12":{"start":{"line":56,"column":4},"end":{"line":71,"column":5}},"13":{"start":{"line":64,"column":6},"end":{"line":64,"column":45}},"14":{"start":{"line":65,"column":11},"end":{"line":71,"column":5}},"15":{"start":{"line":68,"column":6},"end":{"line":68,"column":13}},"16":{"start":{"line":70,"column":6},"end":{"line":70,"column":44}}},"fnMap":{"0":{"name":"(anonymous_0)","decl":{"start":{"line":7,"column":2},"end":{"line":7,"column":3}},"loc":{"start":{"line":9,"column":4},"end":{"line":11,"column":3}},"line":9},"1":{"name":"(anonymous_1)","decl":{"start":{"line":13,"column":2},"end":{"line":13,"column":3}},"loc":{"start":{"line":15,"column":10},"end":{"line":30,"column":3}},"line":15},"2":{"name":"(anonymous_2)","decl":{"start":{"line":32,"column":2},"end":{"line":32,"column":3}},"loc":{"start":{"line":32,"column":71},"end":{"line":51,"column":3}},"line":32},"3":{"name":"(anonymous_3)","decl":{"start":{"line":53,"column":2},"end":{"line":53,"column":3}},"loc":{"start":{"line":53,"column":56},"end":{"line":72,"column":3}},"line":53}},"branchMap":{"0":{"loc":{"start":{"line":18,"column":4},"end":{"line":29,"column":5}},"type":"if","locations":[{"start":{"line":18,"column":4},"end":{"line":29,"column":5}},{"start":{"line":27,"column":11},"end":{"line":29,"column":5}}],"line":18},"1":{"loc":{"start":{"line":19,"column":6},"end":{"line":24,"column":7}},"type":"binary-expr","locations":[{"start":{"line":19,"column":6},"end":{"line":21,"column":7}},{"start":{"line":22,"column":6},"end":{"line":24,"column":7}}],"line":19},"2":{"loc":{"start":{"line":35,"column":4},"end":{"line":50,"column":5}},"type":"if","locations":[{"start":{"line":35,"column":4},"end":{"line":50,"column":5}},{"start":{"line":44,"column":11},"end":{"line":50,"column":5}}],"line":35},"3":{"loc":{"start":{"line":36,"column":6},"end":{"line":41,"column":7}},"type":"binary-expr","locations":[{"start":{"line":36,"column":6},"end":{"line":38,"column":7}},{"start":{"line":39,"column":6},"end":{"line":41,"column":7}}],"line":36},"4":{"loc":{"start":{"line":44,"column":11},"end":{"line":50,"column":5}},"type":"if","locations":[{"start":{"line":44,"column":11},"end":{"line":50,"column":5}},{"start":{"line":48,"column":11},"end":{"line":50,"column":5}}],"line":44},"5":{"loc":{"start":{"line":56,"column":4},"end":{"line":71,"column":5}},"type":"if","locations":[{"start":{"line":56,"column":4},"end":{"line":71,"column":5}},{"start":{"line":65,"column":11},"end":{"line":71,"column":5}}],"line":56},"6":{"loc":{"start":{"line":57,"column":6},"end":{"line":62,"column":7}},"type":"binary-expr","locations":[{"start":{"line":57,"column":6},"end":{"line":59,"column":7}},{"start":{"line":60,"column":6},"end":{"line":62,"column":7}}],"line":57},"7":{"loc":{"start":{"line":65,"column":11},"end":{"line":71,"column":5}},"type":"if","locations":[{"start":{"line":65,"column":11},"end":{"line":71,"column":5}},{"start":{"line":69,"column":11},"end":{"line":71,"column":5}}],"line":65}},"s":{"0":14,"1":173,"2":173,"3":4,"4":169,"5":8,"6":8,"7":2,"8":6,"9":1,"10":5,"11":15,"12":15,"13":2,"14":13,"15":1,"16":12},"f":{"0":14,"1":173,"2":8,"3":15},"b":{"0":[4,169],"1":[173,170],"2":[2,6],"3":[8,7],"4":[1,5],"5":[2,13],"6":[15,14],"7":[1,12]},"_coverageSchema":"1a1c01bbd47fc00a2c39e90264f33305004495a9","hash":"f83884482084497ff96772afa295d3de5c7c1a62"}
,"/home/samueldecarvalho/Calculator-App-With-React-Native-Expo-Custom-Hooks-Typescript-Async-Storage-Prettier-Eslint/src/domains/calculator/calculation_expression_register.ts": {"path":"/home/samueldecarvalho/Calculator-App-With-React-Native-Expo-Custom-Hooks-Typescript-Async-Storage-Prettier-Eslint/src/domains/calculator/calculation_expression_register.ts","statementMap":{"0":{"start":{"line":8,"column":4},"end":{"line":8,"column":55}},"1":{"start":{"line":12,"column":4},"end":{"line":12,"column":65}},"2":{"start":{"line":16,"column":4},"end":{"line":16,"column":71}},"3":{"start":{"line":23,"column":6},"end":{"line":23,"column":59}},"4":{"start":{"line":25,"column":6},"end":{"line":25,"column":57}},"5":{"start":{"line":27,"column":4},"end":{"line":29,"column":6}}},"fnMap":{"0":{"name":"(anonymous_0)","decl":{"start":{"line":7,"column":2},"end":{"line":7,"column":3}},"loc":{"start":{"line":7,"column":60},"end":{"line":9,"column":3}},"line":7},"1":{"name":"(anonymous_1)","decl":{"start":{"line":11,"column":2},"end":{"line":11,"column":3}},"loc":{"start":{"line":11,"column":44},"end":{"line":13,"column":3}},"line":11},"2":{"name":"(anonymous_2)","decl":{"start":{"line":15,"column":2},"end":{"line":15,"column":3}},"loc":{"start":{"line":15,"column":63},"end":{"line":17,"column":3}},"line":15},"3":{"name":"(anonymous_3)","decl":{"start":{"line":19,"column":2},"end":{"line":19,"column":3}},"loc":{"start":{"line":21,"column":10},"end":{"line":30,"column":3}},"line":21}},"branchMap":{},"s":{"0":16,"1":295,"2":176,"3":170,"4":170,"5":170},"f":{"0":16,"1":295,"2":176,"3":170},"b":{},"_coverageSchema":"1a1c01bbd47fc00a2c39e90264f33305004495a9","hash":"99e726764e0442135708c3de67d208b4bdf635a1"}
,"/home/samueldecarvalho/Calculator-App-With-React-Native-Expo-Custom-Hooks-Typescript-Async-Storage-Prettier-Eslint/src/domains/calculator/calculator.ts": {"path":"/home/samueldecarvalho/Calculator-App-With-React-Native-Expo-Custom-Hooks-Typescript-Async-Storage-Prettier-Eslint/src/domains/calculator/calculator.ts","statementMap":{"0":{"start":{"line":10,"column":4},"end":{"line":10,"column":79}},"1":{"start":{"line":14,"column":4},"end":{"line":14,"column":77}},"2":{"start":{"line":18,"column":4},"end":{"line":20,"column":6}},"3":{"start":{"line":24,"column":4},"end":{"line":24,"column":90}},"4":{"start":{"line":28,"column":4},"end":{"line":28,"column":76}},"5":{"start":{"line":32,"column":4},"end":{"line":32,"column":75}}},"fnMap":{"0":{"name":"(anonymous_0)","decl":{"start":{"line":7,"column":2},"end":{"line":7,"column":3}},"loc":{"start":{"line":9,"column":4},"end":{"line":11,"column":3}},"line":9},"1":{"name":"(anonymous_1)","decl":{"start":{"line":13,"column":2},"end":{"line":13,"column":3}},"loc":{"start":{"line":13,"column":33},"end":{"line":15,"column":3}},"line":13},"2":{"name":"(anonymous_2)","decl":{"start":{"line":17,"column":2},"end":{"line":17,"column":3}},"loc":{"start":{"line":17,"column":61},"end":{"line":21,"column":3}},"line":17},"3":{"name":"(anonymous_3)","decl":{"start":{"line":23,"column":2},"end":{"line":23,"column":3}},"loc":{"start":{"line":23,"column":27},"end":{"line":25,"column":3}},"line":23},"4":{"name":"(anonymous_4)","decl":{"start":{"line":27,"column":2},"end":{"line":27,"column":3}},"loc":{"start":{"line":27,"column":23},"end":{"line":29,"column":3}},"line":27},"5":{"name":"(anonymous_5)","decl":{"start":{"line":31,"column":2},"end":{"line":31,"column":3}},"loc":{"start":{"line":31,"column":26},"end":{"line":33,"column":3}},"line":31}},"branchMap":{},"s":{"0":13,"1":60,"2":163,"3":4,"4":115,"5":11},"f":{"0":13,"1":60,"2":163,"3":4,"4":115,"5":11},"b":{},"_coverageSchema":"1a1c01bbd47fc00a2c39e90264f33305004495a9","hash":"fae588e43ae62528685e6719c99f61aee2c3452b"}
,"/home/samueldecarvalho/Calculator-App-With-React-Native-Expo-Custom-Hooks-Typescript-Async-Storage-Prettier-Eslint/src/domains/calculator/calculator_characters.ts": {"path":"/home/samueldecarvalho/Calculator-App-With-React-Native-Expo-Custom-Hooks-Typescript-Async-Storage-Prettier-Eslint/src/domains/calculator/calculator_characters.ts","statementMap":{},"fnMap":{},"branchMap":{},"s":{},"f":{},"b":{},"_coverageSchema":"1a1c01bbd47fc00a2c39e90264f33305004495a9","hash":"c95304839a6f0b12fc37419db6a2cfd46321b57f"}
,"/home/samueldecarvalho/Calculator-App-With-React-Native-Expo-Custom-Hooks-Typescript-Async-Storage-Prettier-Eslint/src/domains/calculator/calculator_factory.ts": {"path":"/home/samueldecarvalho/Calculator-App-With-React-Native-Expo-Custom-Hooks-Typescript-Async-Storage-Prettier-Eslint/src/domains/calculator/calculator_factory.ts","statementMap":{"0":{"start":{"line":7,"column":47},"end":{"line":7,"column":51}},"1":{"start":{"line":12,"column":4},"end":{"line":23,"column":5}},"2":{"start":{"line":13,"column":36},"end":{"line":13,"column":75}},"3":{"start":{"line":14,"column":44},"end":{"line":16,"column":7}},"4":{"start":{"line":18,"column":8},"end":{"line":20,"column":9}},"5":{"start":{"line":22,"column":6},"end":{"line":22,"column":72}},"6":{"start":{"line":25,"column":4},"end":{"line":25,"column":25}}},"fnMap":{"0":{"name":"(anonymous_0)","decl":{"start":{"line":9,"column":2},"end":{"line":9,"column":3}},"loc":{"start":{"line":9,"column":24},"end":{"line":9,"column":26}},"line":9},"1":{"name":"(anonymous_1)","decl":{"start":{"line":11,"column":2},"end":{"line":11,"column":3}},"loc":{"start":{"line":11,"column":62},"end":{"line":26,"column":3}},"line":11}},"branchMap":{"0":{"loc":{"start":{"line":12,"column":4},"end":{"line":23,"column":5}},"type":"if","locations":[{"start":{"line":12,"column":4},"end":{"line":23,"column":5}},{"start":{},"end":{}}],"line":12}},"s":{"0":11,"1":150,"2":11,"3":11,"4":11,"5":11,"6":150},"f":{"0":0,"1":150},"b":{"0":[11,139]},"_coverageSchema":"1a1c01bbd47fc00a2c39e90264f33305004495a9","hash":"f40ed1fdd30bde5ee65c313320aa8df56622fc4e"}
,"/home/samueldecarvalho/Calculator-App-With-React-Native-Expo-Custom-Hooks-Typescript-Async-Storage-Prettier-Eslint/src/domains/calculator/infrastructure/calculator_formatter.ts": {"path":"/home/samueldecarvalho/Calculator-App-With-React-Native-Expo-Custom-Hooks-Typescript-Async-Storage-Prettier-Eslint/src/domains/calculator/infrastructure/calculator_formatter.ts","statementMap":{"0":{"start":{"line":7,"column":4},"end":{"line":7,"column":35}}},"fnMap":{"0":{"name":"(anonymous_0)","decl":{"start":{"line":2,"column":2},"end":{"line":2,"column":3}},"loc":{"start":{"line":2,"column":24},"end":{"line":2,"column":26}},"line":2},"1":{"name":"(anonymous_1)","decl":{"start":{"line":4,"column":2},"end":{"line":4,"column":3}},"loc":{"start":{"line":6,"column":12},"end":{"line":8,"column":3}},"line":6}},"branchMap":{},"s":{"0":7},"f":{"0":0,"1":7},"b":{},"_coverageSchema":"1a1c01bbd47fc00a2c39e90264f33305004495a9","hash":"f6bc3ed3a00e639d6f68a4f3ecc12314185417e3"}
,"/home/samueldecarvalho/Calculator-App-With-React-Native-Expo-Custom-Hooks-Typescript-Async-Storage-Prettier-Eslint/src/domains/calculator/infrastructure/calculator_specifications.ts": {"path":"/home/samueldecarvalho/Calculator-App-With-React-Native-Expo-Custom-Hooks-Typescript-Async-Storage-Prettier-Eslint/src/domains/calculator/infrastructure/calculator_specifications.ts","statementMap":{"0":{"start":{"line":9,"column":4},"end":{"line":9,"column":72}},"1":{"start":{"line":15,"column":4},"end":{"line":15,"column":40}},"2":{"start":{"line":19,"column":4},"end":{"line":19,"column":57}}},"fnMap":{"0":{"name":"(anonymous_0)","decl":{"start":{"line":4,"column":2},"end":{"line":4,"column":3}},"loc":{"start":{"line":4,"column":24},"end":{"line":4,"column":26}},"line":4},"1":{"name":"(anonymous_1)","decl":{"start":{"line":6,"column":2},"end":{"line":6,"column":3}},"loc":{"start":{"line":8,"column":13},"end":{"line":10,"column":3}},"line":8},"2":{"name":"(anonymous_2)","decl":{"start":{"line":12,"column":2},"end":{"line":12,"column":3}},"loc":{"start":{"line":14,"column":13},"end":{"line":16,"column":3}},"line":14},"3":{"name":"(anonymous_3)","decl":{"start":{"line":18,"column":2},"end":{"line":18,"column":3}},"loc":{"start":{"line":18,"column":79},"end":{"line":20,"column":3}},"line":18}},"branchMap":{},"s":{"0":198,"1":21,"2":193},"f":{"0":0,"1":198,"2":21,"3":193},"b":{},"_coverageSchema":"1a1c01bbd47fc00a2c39e90264f33305004495a9","hash":"85e86ecb8d1b113d3bac7b3de3565a4ebf4988b1"}
,"/home/samueldecarvalho/Calculator-App-With-React-Native-Expo-Custom-Hooks-Typescript-Async-Storage-Prettier-Eslint/src/domains/calculator/infrastructure/anticorruption_layer/expression_evaluater.ts": {"path":"/home/samueldecarvalho/Calculator-App-With-React-Native-Expo-Custom-Hooks-Typescript-Async-Storage-Prettier-Eslint/src/domains/calculator/infrastructure/anticorruption_layer/expression_evaluater.ts","statementMap":{"0":{"start":{"line":7,"column":4},"end":{"line":11,"column":5}},"1":{"start":{"line":8,"column":6},"end":{"line":8,"column":53}},"2":{"start":{"line":10,"column":6},"end":{"line":10,"column":48}}},"fnMap":{"0":{"name":"(anonymous_0)","decl":{"start":{"line":4,"column":2},"end":{"line":4,"column":3}},"loc":{"start":{"line":4,"column":24},"end":{"line":4,"column":26}},"line":4},"1":{"name":"(anonymous_1)","decl":{"start":{"line":6,"column":2},"end":{"line":6,"column":3}},"loc":{"start":{"line":6,"column":67},"end":{"line":12,"column":3}},"line":6}},"branchMap":{},"s":{"0":15,"1":15,"2":6},"f":{"0":0,"1":15},"b":{},"_coverageSchema":"1a1c01bbd47fc00a2c39e90264f33305004495a9","hash":"f8727c0f184cb95a4332ea83d443f72fff3e7e27"}
,"/home/samueldecarvalho/Calculator-App-With-React-Native-Expo-Custom-Hooks-Typescript-Async-Storage-Prettier-Eslint/src/domains/key_value_store/key_value_database_active_record.ts": {"path":"/home/samueldecarvalho/Calculator-App-With-React-Native-Expo-Custom-Hooks-Typescript-Async-Storage-Prettier-Eslint/src/domains/key_value_store/key_value_database_active_record.ts","statementMap":{"0":{"start":{"line":12,"column":6},"end":{"line":12,"column":52}},"1":{"start":{"line":14,"column":6},"end":{"line":16,"column":7}},"2":{"start":{"line":17,"column":4},"end":{"line":17,"column":41}},"3":{"start":{"line":22,"column":6},"end":{"line":22,"column":47}},"4":{"start":{"line":24,"column":6},"end":{"line":24,"column":65}},"5":{"start":{"line":26,"column":4},"end":{"line":26,"column":73}}},"fnMap":{"0":{"name":"(anonymous_0)","decl":{"start":{"line":8,"column":2},"end":{"line":8,"column":3}},"loc":{"start":{"line":8,"column":24},"end":{"line":8,"column":26}},"line":8},"1":{"name":"(anonymous_1)","decl":{"start":{"line":10,"column":2},"end":{"line":10,"column":3}},"loc":{"start":{"line":10,"column":67},"end":{"line":18,"column":3}},"line":10},"2":{"name":"(anonymous_2)","decl":{"start":{"line":20,"column":2},"end":{"line":20,"column":3}},"loc":{"start":{"line":20,"column":77},"end":{"line":27,"column":3}},"line":20}},"branchMap":{},"s":{"0":146,"1":122,"2":122,"3":66,"4":66,"5":66},"f":{"0":0,"1":146,"2":66},"b":{},"_coverageSchema":"1a1c01bbd47fc00a2c39e90264f33305004495a9","hash":"684e11f61a943d3d1a06251c163f0712a77c90f3"}
,"/home/samueldecarvalho/Calculator-App-With-React-Native-Expo-Custom-Hooks-Typescript-Async-Storage-Prettier-Eslint/src/domains/key_value_store/key_value_store.ts": {"path":"/home/samueldecarvalho/Calculator-App-With-React-Native-Expo-Custom-Hooks-Typescript-Async-Storage-Prettier-Eslint/src/domains/key_value_store/key_value_store.ts","statementMap":{"0":{"start":{"line":8,"column":4},"end":{"line":8,"column":59}},"1":{"start":{"line":12,"column":4},"end":{"line":12,"column":56}}},"fnMap":{"0":{"name":"(anonymous_0)","decl":{"start":{"line":5,"column":2},"end":{"line":5,"column":3}},"loc":{"start":{"line":5,"column":24},"end":{"line":5,"column":26}},"line":5},"1":{"name":"(anonymous_1)","decl":{"start":{"line":7,"column":2},"end":{"line":7,"column":3}},"loc":{"start":{"line":7,"column":77},"end":{"line":9,"column":3}},"line":7},"2":{"name":"(anonymous_2)","decl":{"start":{"line":11,"column":2},"end":{"line":11,"column":3}},"loc":{"start":{"line":11,"column":64},"end":{"line":13,"column":3}},"line":11}},"branchMap":{},"s":{"0":64,"1":145},"f":{"0":0,"1":64,"2":145},"b":{},"_coverageSchema":"1a1c01bbd47fc00a2c39e90264f33305004495a9","hash":"c4b9c2e58c3d09e5b6cd3f1e762d8f924dfadb7b"}
,"/home/samueldecarvalho/Calculator-App-With-React-Native-Expo-Custom-Hooks-Typescript-Async-Storage-Prettier-Eslint/src/domains/key_value_store/store_data_entity_factory.ts": {"path":"/home/samueldecarvalho/Calculator-App-With-React-Native-Expo-Custom-Hooks-Typescript-Async-Storage-Prettier-Eslint/src/domains/key_value_store/store_data_entity_factory.ts","statementMap":{"0":{"start":{"line":8,"column":4},"end":{"line":8,"column":37}}},"fnMap":{"0":{"name":"(anonymous_0)","decl":{"start":{"line":5,"column":2},"end":{"line":5,"column":3}},"loc":{"start":{"line":5,"column":24},"end":{"line":5,"column":26}},"line":5},"1":{"name":"(anonymous_1)","decl":{"start":{"line":7,"column":2},"end":{"line":7,"column":3}},"loc":{"start":{"line":7,"column":63},"end":{"line":9,"column":3}},"line":7}},"branchMap":{},"s":{"0":69},"f":{"0":0,"1":69},"b":{},"_coverageSchema":"1a1c01bbd47fc00a2c39e90264f33305004495a9","hash":"f069aba27bc41b3d89cf2fbfc0a6fd8789641f93"}
,"/home/samueldecarvalho/Calculator-App-With-React-Native-Expo-Custom-Hooks-Typescript-Async-Storage-Prettier-Eslint/src/domains/key_value_store/infrastructure/anticorruption_layer/json_transformer.ts": {"path":"/home/samueldecarvalho/Calculator-App-With-React-Native-Expo-Custom-Hooks-Typescript-Async-Storage-Prettier-Eslint/src/domains/key_value_store/infrastructure/anticorruption_layer/json_transformer.ts","statementMap":{"0":{"start":{"line":5,"column":4},"end":{"line":5,"column":34}},"1":{"start":{"line":9,"column":4},"end":{"line":9,"column":34}}},"fnMap":{"0":{"name":"(anonymous_0)","decl":{"start":{"line":2,"column":2},"end":{"line":2,"column":3}},"loc":{"start":{"line":2,"column":24},"end":{"line":2,"column":26}},"line":2},"1":{"name":"(anonymous_1)","decl":{"start":{"line":4,"column":2},"end":{"line":4,"column":3}},"loc":{"start":{"line":4,"column":70},"end":{"line":6,"column":3}},"line":4},"2":{"name":"(anonymous_2)","decl":{"start":{"line":8,"column":2},"end":{"line":8,"column":3}},"loc":{"start":{"line":8,"column":65},"end":{"line":10,"column":3}},"line":8}},"branchMap":{},"s":{"0":123,"1":67},"f":{"0":0,"1":123,"2":67},"b":{},"_coverageSchema":"1a1c01bbd47fc00a2c39e90264f33305004495a9","hash":"2227154e954673b7da06c5c803fe81b73f56615a"}
,"/home/samueldecarvalho/Calculator-App-With-React-Native-Expo-Custom-Hooks-Typescript-Async-Storage-Prettier-Eslint/src/domains/key_value_store/infrastructure/anticorruption_layer/key_value_database.ts": {"path":"/home/samueldecarvalho/Calculator-App-With-React-Native-Expo-Custom-Hooks-Typescript-Async-Storage-Prettier-Eslint/src/domains/key_value_store/infrastructure/anticorruption_layer/key_value_database.ts","statementMap":{"0":{"start":{"line":10,"column":4},"end":{"line":10,"column":43}},"1":{"start":{"line":15,"column":6},"end":{"line":15,"column":55}},"2":{"start":{"line":17,"column":4},"end":{"line":23,"column":5}},"3":{"start":{"line":22,"column":6},"end":{"line":22,"column":42}},"4":{"start":{"line":25,"column":4},"end":{"line":25,"column":36}}},"fnMap":{"0":{"name":"(anonymous_0)","decl":{"start":{"line":7,"column":2},"end":{"line":7,"column":3}},"loc":{"start":{"line":7,"column":24},"end":{"line":7,"column":26}},"line":7},"1":{"name":"(anonymous_1)","decl":{"start":{"line":9,"column":2},"end":{"line":9,"column":3}},"loc":{"start":{"line":9,"column":73},"end":{"line":11,"column":3}},"line":9},"2":{"name":"(anonymous_2)","decl":{"start":{"line":13,"column":2},"end":{"line":13,"column":3}},"loc":{"start":{"line":13,"column":71},"end":{"line":26,"column":3}},"line":13}},"branchMap":{"0":{"loc":{"start":{"line":15,"column":6},"end":{"line":15,"column":55}},"type":"binary-expr","locations":[{"start":{"line":15,"column":7},"end":{"line":15,"column":38}},{"start":{"line":15,"column":43},"end":{"line":15,"column":55}}],"line":15},"1":{"loc":{"start":{"line":17,"column":4},"end":{"line":23,"column":5}},"type":"if","locations":[{"start":{"line":17,"column":4},"end":{"line":23,"column":5}},{"start":{},"end":{}}],"line":17}},"s":{"0":68,"1":150,"2":150,"3":24,"4":126},"f":{"0":0,"1":68,"2":150},"b":{"0":[150,24],"1":[24,126]},"_coverageSchema":"1a1c01bbd47fc00a2c39e90264f33305004495a9","hash":"b84f99a91645925b8bbbe80f20e9af21757d258b"}
,"/home/samueldecarvalho/Calculator-App-With-React-Native-Expo-Custom-Hooks-Typescript-Async-Storage-Prettier-Eslint/src/domains/key_value_store/infrastructure/entities/store_data_entity.ts": {"path":"/home/samueldecarvalho/Calculator-App-With-React-Native-Expo-Custom-Hooks-Typescript-Async-Storage-Prettier-Eslint/src/domains/key_value_store/infrastructure/entities/store_data_entity.ts","statementMap":{"0":{"start":{"line":7,"column":4},"end":{"line":7,"column":21}}},"fnMap":{"0":{"name":"(anonymous_0)","decl":{"start":{"line":6,"column":2},"end":{"line":6,"column":3}},"loc":{"start":{"line":6,"column":32},"end":{"line":8,"column":3}},"line":6}},"branchMap":{},"s":{"0":70},"f":{"0":70},"b":{},"_coverageSchema":"1a1c01bbd47fc00a2c39e90264f33305004495a9","hash":"3933ce0c1ae197ca3f3b08fc0ee9c35bfdbc46f4"}
,"/home/samueldecarvalho/Calculator-App-With-React-Native-Expo-Custom-Hooks-Typescript-Async-Storage-Prettier-Eslint/src/domains/key_value_store/infrastructure/errors/not_existing_item_error.ts": {"path":"/home/samueldecarvalho/Calculator-App-With-React-Native-Expo-Custom-Hooks-Typescript-Async-Storage-Prettier-Eslint/src/domains/key_value_store/infrastructure/errors/not_existing_item_error.ts","statementMap":{"0":{"start":{"line":8,"column":17},"end":{"line":8,"column":45}},"1":{"start":{"line":12,"column":19},"end":{"line":12,"column":48}},"2":{"start":{"line":15,"column":4},"end":{"line":15,"column":60}}},"fnMap":{"0":{"name":"(anonymous_0)","decl":{"start":{"line":14,"column":2},"end":{"line":14,"column":3}},"loc":{"start":{"line":14,"column":31},"end":{"line":16,"column":3}},"line":14}},"branchMap":{},"s":{"0":25,"1":25,"2":25},"f":{"0":25},"b":{},"_coverageSchema":"1a1c01bbd47fc00a2c39e90264f33305004495a9","hash":"d51446f42f3ae755bd34310800c7728398d562e2"}
,"/home/samueldecarvalho/Calculator-App-With-React-Native-Expo-Custom-Hooks-Typescript-Async-Storage-Prettier-Eslint/src/domains/key_value_store/infrastructure/specifications/key_value_specifications.ts": {"path":"/home/samueldecarvalho/Calculator-App-With-React-Native-Expo-Custom-Hooks-Typescript-Async-Storage-Prettier-Eslint/src/domains/key_value_store/infrastructure/specifications/key_value_specifications.ts","statementMap":{"0":{"start":{"line":9,"column":4},"end":{"line":9,"column":54}}},"fnMap":{"0":{"name":"(anonymous_0)","decl":{"start":{"line":4,"column":2},"end":{"line":4,"column":3}},"loc":{"start":{"line":4,"column":24},"end":{"line":4,"column":26}},"line":4},"1":{"name":"(anonymous_1)","decl":{"start":{"line":6,"column":2},"end":{"line":6,"column":3}},"loc":{"start":{"line":8,"column":13},"end":{"line":10,"column":3}},"line":8}},"branchMap":{},"s":{"0":152},"f":{"0":0,"1":152},"b":{},"_coverageSchema":"1a1c01bbd47fc00a2c39e90264f33305004495a9","hash":"8492daef8a96d3105937012ad48d091e68579b45"}
,"/home/samueldecarvalho/Calculator-App-With-React-Native-Expo-Custom-Hooks-Typescript-Async-Storage-Prettier-Eslint/src/domains/key_value_store/infrastructure/tests/mocks/mocks.ts": {"path":"/home/samueldecarvalho/Calculator-App-With-React-Native-Expo-Custom-Hooks-Typescript-Async-Storage-Prettier-Eslint/src/domains/key_value_store/infrastructure/tests/mocks/mocks.ts","statementMap":{"0":{"start":{"line":1,"column":47},"end":{"line":1,"column":73}},"1":{"start":{"line":7,"column":4},"end":{"line":7,"column":21}}},"fnMap":{"0":{"name":"(anonymous_0)","decl":{"start":{"line":6,"column":2},"end":{"line":6,"column":3}},"loc":{"start":{"line":6,"column":35},"end":{"line":8,"column":3}},"line":6}},"branchMap":{},"s":{"0":1,"1":2},"f":{"0":2},"b":{},"_coverageSchema":"1a1c01bbd47fc00a2c39e90264f33305004495a9","hash":"1e7fddf2790b7636328e125c63bf088495848b12"}
,"/home/samueldecarvalho/Calculator-App-With-React-Native-Expo-Custom-Hooks-Typescript-Async-Storage-Prettier-Eslint/src/generate_calculation_expression_error_message_adapter/generate_calculation_expression_error_message_adapter.ts": {"path":"/home/samueldecarvalho/Calculator-App-With-React-Native-Expo-Custom-Hooks-Typescript-Async-Storage-Prettier-Eslint/src/generate_calculation_expression_error_message_adapter/generate_calculation_expression_error_message_adapter.ts","statementMap":{"0":{"start":{"line":8,"column":4},"end":{"line":8,"column":59}},"1":{"start":{"line":9,"column":4},"end":{"line":9,"column":59}},"2":{"start":{"line":10,"column":4},"end":{"line":10,"column":26}}},"fnMap":{"0":{"name":"(anonymous_0)","decl":{"start":{"line":5,"column":2},"end":{"line":5,"column":3}},"loc":{"start":{"line":5,"column":24},"end":{"line":5,"column":26}},"line":5},"1":{"name":"(anonymous_1)","decl":{"start":{"line":7,"column":2},"end":{"line":7,"column":3}},"loc":{"start":{"line":7,"column":67},"end":{"line":11,"column":3}},"line":7}},"branchMap":{},"s":{"0":4,"1":4,"2":4},"f":{"0":0,"1":4},"b":{},"_coverageSchema":"1a1c01bbd47fc00a2c39e90264f33305004495a9","hash":"3ba28cfc4541003e37b218ca70a2dfed302a4f53"}
,"/home/samueldecarvalho/Calculator-App-With-React-Native-Expo-Custom-Hooks-Typescript-Async-Storage-Prettier-Eslint/src/hooks/use_calculation.ts": {"path":"/home/samueldecarvalho/Calculator-App-With-React-Native-Expo-Custom-Hooks-Typescript-Async-Storage-Prettier-Eslint/src/hooks/use_calculation.ts","statementMap":{"0":{"start":{"line":23,"column":33},"end":{"line":23,"column":76}},"1":{"start":{"line":25,"column":4},"end":{"line":25,"column":49}},"2":{"start":{"line":27,"column":4},"end":{"line":27,"column":47}},"3":{"start":{"line":29,"column":4},"end":{"line":29,"column":26}},"4":{"start":{"line":31,"column":2},"end":{"line":56,"column":5}},"5":{"start":{"line":32,"column":4},"end":{"line":51,"column":23}},"6":{"start":{"line":34,"column":8},"end":{"line":49,"column":9}},"7":{"start":{"line":39,"column":10},"end":{"line":41,"column":12}},"8":{"start":{"line":42,"column":10},"end":{"line":42,"column":71}},"9":{"start":{"line":44,"column":10},"end":{"line":47,"column":12}},"10":{"start":{"line":48,"column":10},"end":{"line":48,"column":64}},"11":{"start":{"line":58,"column":2},"end":{"line":103,"column":4}},"12":{"start":{"line":62,"column":6},"end":{"line":62,"column":41}},"13":{"start":{"line":64,"column":6},"end":{"line":67,"column":8}},"14":{"start":{"line":71,"column":6},"end":{"line":71,"column":29}},"15":{"start":{"line":73,"column":6},"end":{"line":76,"column":8}},"16":{"start":{"line":80,"column":6},"end":{"line":80,"column":25}},"17":{"start":{"line":82,"column":6},"end":{"line":85,"column":8}},"18":{"start":{"line":89,"column":6},"end":{"line":89,"column":28}},"19":{"start":{"line":91,"column":51},"end":{"line":91,"column":77}},"20":{"start":{"line":93,"column":6},"end":{"line":95,"column":8}},"21":{"start":{"line":97,"column":6},"end":{"line":101,"column":65}}},"fnMap":{"0":{"name":"useCalculation","decl":{"start":{"line":15,"column":9},"end":{"line":15,"column":23}},"loc":{"start":{"line":22,"column":2},"end":{"line":104,"column":1}},"line":22},"1":{"name":"(anonymous_1)","decl":{"start":{"line":31,"column":12},"end":{"line":31,"column":13}},"loc":{"start":{"line":31,"column":18},"end":{"line":52,"column":3}},"line":31},"2":{"name":"(anonymous_2)","decl":{"start":{"line":33,"column":12},"end":{"line":33,"column":13}},"loc":{"start":{"line":33,"column":53},"end":{"line":50,"column":7}},"line":33},"3":{"name":"(anonymous_3)","decl":{"start":{"line":51,"column":13},"end":{"line":51,"column":14}},"loc":{"start":{"line":51,"column":19},"end":{"line":51,"column":21}},"line":51},"4":{"name":"(anonymous_4)","decl":{"start":{"line":61,"column":18},"end":{"line":61,"column":19}},"loc":{"start":{"line":61,"column":55},"end":{"line":68,"column":5}},"line":61},"5":{"name":"(anonymous_5)","decl":{"start":{"line":70,"column":15},"end":{"line":70,"column":16}},"loc":{"start":{"line":70,"column":21},"end":{"line":77,"column":5}},"line":70},"6":{"name":"(anonymous_6)","decl":{"start":{"line":79,"column":11},"end":{"line":79,"column":12}},"loc":{"start":{"line":79,"column":17},"end":{"line":86,"column":5}},"line":79},"7":{"name":"(anonymous_7)","decl":{"start":{"line":88,"column":14},"end":{"line":88,"column":15}},"loc":{"start":{"line":88,"column":20},"end":{"line":102,"column":5}},"line":88}},"branchMap":{"0":{"loc":{"start":{"line":34,"column":8},"end":{"line":49,"column":9}},"type":"if","locations":[{"start":{"line":34,"column":8},"end":{"line":49,"column":9}},{"start":{"line":43,"column":15},"end":{"line":49,"column":9}}],"line":34},"1":{"loc":{"start":{"line":97,"column":6},"end":{"line":101,"column":64}},"type":"cond-expr","locations":[{"start":{"line":100,"column":10},"end":{"line":100,"column":70}},{"start":{"line":101,"column":10},"end":{"line":101,"column":64}}],"line":97}},"s":{"0":145,"1":145,"2":145,"3":145,"4":141,"5":110,"6":100,"7":3,"8":3,"9":97,"10":97,"11":141,"12":31,"13":31,"14":2,"15":2,"16":9,"17":9,"18":5,"19":5,"20":5,"21":5},"f":{"0":145,"1":110,"2":100,"3":10,"4":31,"5":2,"6":9,"7":5},"b":{"0":[3,97],"1":[1,4]},"_coverageSchema":"1a1c01bbd47fc00a2c39e90264f33305004495a9","hash":"962b419032d355b9029a4d025b1c1a66227ed185"}
,"/home/samueldecarvalho/Calculator-App-With-React-Native-Expo-Custom-Hooks-Typescript-Async-Storage-Prettier-Eslint/src/hooks/use_current_window_height.ts": {"path":"/home/samueldecarvalho/Calculator-App-With-React-Native-Expo-Custom-Hooks-Typescript-Async-Storage-Prettier-Eslint/src/hooks/use_current_window_height.ts","statementMap":{"0":{"start":{"line":4,"column":2},"end":{"line":4,"column":38}}},"fnMap":{"0":{"name":"useCurrentWindowHeight","decl":{"start":{"line":3,"column":9},"end":{"line":3,"column":31}},"loc":{"start":{"line":3,"column":42},"end":{"line":5,"column":1}},"line":3}},"branchMap":{},"s":{"0":123},"f":{"0":123},"b":{},"_coverageSchema":"1a1c01bbd47fc00a2c39e90264f33305004495a9","hash":"6a5977d248348924539a26445e79a60a8cd809b0"}
,"/home/samueldecarvalho/Calculator-App-With-React-Native-Expo-Custom-Hooks-Typescript-Async-Storage-Prettier-Eslint/src/hooks/use_theme.ts": {"path":"/home/samueldecarvalho/Calculator-App-With-React-Native-Expo-Custom-Hooks-Typescript-Async-Storage-Prettier-Eslint/src/hooks/use_theme.ts","statementMap":{"0":{"start":{"line":9,"column":33},"end":{"line":9,"column":64}},"1":{"start":{"line":10,"column":30},"end":{"line":10,"column":69}},"2":{"start":{"line":11,"column":28},"end":{"line":11,"column":49}},"3":{"start":{"line":13,"column":2},"end":{"line":20,"column":49}},"4":{"start":{"line":14,"column":4},"end":{"line":19,"column":23}},"5":{"start":{"line":17,"column":8},"end":{"line":17,"column":30}},"6":{"start":{"line":22,"column":2},"end":{"line":34,"column":4}},"7":{"start":{"line":26,"column":6},"end":{"line":28,"column":8}},"8":{"start":{"line":30,"column":6},"end":{"line":32,"column":32}}},"fnMap":{"0":{"name":"useTheme","decl":{"start":{"line":8,"column":9},"end":{"line":8,"column":17}},"loc":{"start":{"line":8,"column":20},"end":{"line":35,"column":1}},"line":8},"1":{"name":"(anonymous_1)","decl":{"start":{"line":13,"column":12},"end":{"line":13,"column":13}},"loc":{"start":{"line":13,"column":18},"end":{"line":20,"column":3}},"line":13},"2":{"name":"(anonymous_2)","decl":{"start":{"line":16,"column":12},"end":{"line":16,"column":13}},"loc":{"start":{"line":16,"column":37},"end":{"line":18,"column":7}},"line":16},"3":{"name":"(anonymous_3)","decl":{"start":{"line":19,"column":13},"end":{"line":19,"column":14}},"loc":{"start":{"line":19,"column":19},"end":{"line":19,"column":21}},"line":19},"4":{"name":"(anonymous_4)","decl":{"start":{"line":25,"column":4},"end":{"line":25,"column":5}},"loc":{"start":{"line":25,"column":18},"end":{"line":33,"column":5}},"line":25}},"branchMap":{"0":{"loc":{"start":{"line":27,"column":8},"end":{"line":27,"column":62}},"type":"cond-expr","locations":[{"start":{"line":27,"column":36},"end":{"line":27,"column":48}},{"start":{"line":27,"column":51},"end":{"line":27,"column":62}}],"line":27},"1":{"loc":{"start":{"line":30,"column":6},"end":{"line":32,"column":31}},"type":"cond-expr","locations":[{"start":{"line":31,"column":10},"end":{"line":31,"column":32}},{"start":{"line":32,"column":10},"end":{"line":32,"column":31}}],"line":30}},"s":{"0":126,"1":126,"2":126,"3":126,"4":29,"5":15,"6":126,"7":7,"8":7},"f":{"0":126,"1":29,"2":15,"3":14,"4":7},"b":{"0":[3,4],"1":[3,4]},"_coverageSchema":"1a1c01bbd47fc00a2c39e90264f33305004495a9","hash":"f7e88d90ac602fdb2b18097d6cf64c92ff7a4206"}
,"/home/samueldecarvalho/Calculator-App-With-React-Native-Expo-Custom-Hooks-Typescript-Async-Storage-Prettier-Eslint/src/infrastructure/anticorruption_layer/current_device_theme_retriever.ts": {"path":"/home/samueldecarvalho/Calculator-App-With-React-Native-Expo-Custom-Hooks-Typescript-Async-Storage-Prettier-Eslint/src/infrastructure/anticorruption_layer/current_device_theme_retriever.ts","statementMap":{"0":{"start":{"line":8,"column":4},"end":{"line":8,"column":61}}},"fnMap":{"0":{"name":"(anonymous_0)","decl":{"start":{"line":5,"column":2},"end":{"line":5,"column":3}},"loc":{"start":{"line":5,"column":24},"end":{"line":5,"column":26}},"line":5},"1":{"name":"(anonymous_1)","decl":{"start":{"line":7,"column":2},"end":{"line":7,"column":3}},"loc":{"start":{"line":7,"column":48},"end":{"line":9,"column":3}},"line":7}},"branchMap":{"0":{"loc":{"start":{"line":8,"column":11},"end":{"line":8,"column":60}},"type":"binary-expr","locations":[{"start":{"line":8,"column":11},"end":{"line":8,"column":38}},{"start":{"line":8,"column":42},"end":{"line":8,"column":60}}],"line":8}},"s":{"0":128},"f":{"0":0,"1":128},"b":{"0":[128,0]},"_coverageSchema":"1a1c01bbd47fc00a2c39e90264f33305004495a9","hash":"d24083cbfc0a3d827e5b1ea446b9aa22020b5c3a"}
,"/home/samueldecarvalho/Calculator-App-With-React-Native-Expo-Custom-Hooks-Typescript-Async-Storage-Prettier-Eslint/src/infrastructure/anticorruption_layer/device_language_retriever.ts": {"path":"/home/samueldecarvalho/Calculator-App-With-React-Native-Expo-Custom-Hooks-Typescript-Async-Storage-Prettier-Eslint/src/infrastructure/anticorruption_layer/device_language_retriever.ts","statementMap":{"0":{"start":{"line":12,"column":42},"end":{"line":12,"column":53}},"1":{"start":{"line":13,"column":35},"end":{"line":17,"column":50}},"2":{"start":{"line":18,"column":51},"end":{"line":21,"column":5}},"3":{"start":{"line":23,"column":4},"end":{"line":23,"column":42}}},"fnMap":{"0":{"name":"(anonymous_0)","decl":{"start":{"line":9,"column":2},"end":{"line":9,"column":3}},"loc":{"start":{"line":9,"column":24},"end":{"line":9,"column":26}},"line":9},"1":{"name":"(anonymous_1)","decl":{"start":{"line":11,"column":2},"end":{"line":11,"column":3}},"loc":{"start":{"line":11,"column":44},"end":{"line":24,"column":3}},"line":11}},"branchMap":{"0":{"loc":{"start":{"line":13,"column":35},"end":{"line":17,"column":50}},"type":"cond-expr","locations":[{"start":{"line":16,"column":8},"end":{"line":16,"column":59}},{"start":{"line":17,"column":8},"end":{"line":17,"column":50}}],"line":13}},"s":{"0":0,"1":0,"2":0,"3":0},"f":{"0":0,"1":0},"b":{"0":[0,0]},"_coverageSchema":"1a1c01bbd47fc00a2c39e90264f33305004495a9","hash":"d5fb00cb5b25b3fc842765651fd2e212f4ace68d"}
,"/home/samueldecarvalho/Calculator-App-With-React-Native-Expo-Custom-Hooks-Typescript-Async-Storage-Prettier-Eslint/src/infrastructure/specifications/ui_specifications.ts": {"path":"/home/samueldecarvalho/Calculator-App-With-React-Native-Expo-Custom-Hooks-Typescript-Async-Storage-Prettier-Eslint/src/infrastructure/specifications/ui_specifications.ts","statementMap":{"0":{"start":{"line":17,"column":2},"end":{"line":17,"column":38}},"1":{"start":{"line":21,"column":2},"end":{"line":21,"column":50}},"2":{"start":{"line":25,"column":2},"end":{"line":25,"column":31}},"3":{"start":{"line":31,"column":2},"end":{"line":31,"column":56}},"4":{"start":{"line":35,"column":2},"end":{"line":35,"column":63}},"5":{"start":{"line":41,"column":2},"end":{"line":41,"column":76}},"6":{"start":{"line":47,"column":2},"end":{"line":58,"column":4}}},"fnMap":{"0":{"name":"isCurrentThemeDark","decl":{"start":{"line":16,"column":9},"end":{"line":16,"column":27}},"loc":{"start":{"line":16,"column":59},"end":{"line":18,"column":1}},"line":16},"1":{"name":"isCurrentDeviceThemeDark","decl":{"start":{"line":20,"column":9},"end":{"line":20,"column":33}},"loc":{"start":{"line":20,"column":71},"end":{"line":22,"column":1}},"line":20},"2":{"name":"isStoredThemeDark","decl":{"start":{"line":24,"column":9},"end":{"line":24,"column":26}},"loc":{"start":{"line":24,"column":51},"end":{"line":26,"column":1}},"line":24},"3":{"name":"isCurrentWindowHeightSmallerOrEqualThanExtraSmall","decl":{"start":{"line":28,"column":9},"end":{"line":28,"column":58}},"loc":{"start":{"line":30,"column":11},"end":{"line":32,"column":1}},"line":30},"4":{"name":"isDeviceOperationSystemIos","decl":{"start":{"line":34,"column":9},"end":{"line":34,"column":35}},"loc":{"start":{"line":34,"column":76},"end":{"line":36,"column":1}},"line":34},"5":{"name":"isCalculateExpressionNotValidExpressionMessage","decl":{"start":{"line":38,"column":9},"end":{"line":38,"column":55}},"loc":{"start":{"line":40,"column":11},"end":{"line":42,"column":1}},"line":40},"6":{"name":"isCalculateExpressionNotValidExpressionMessageInAnyAppAvailableLanguage","decl":{"start":{"line":44,"column":9},"end":{"line":44,"column":80}},"loc":{"start":{"line":46,"column":11},"end":{"line":59,"column":1}},"line":46}},"branchMap":{"0":{"loc":{"start":{"line":48,"column":4},"end":{"line":57,"column":56}},"type":"binary-expr","locations":[{"start":{"line":48,"column":4},"end":{"line":49,"column":57}},{"start":{"line":50,"column":4},"end":{"line":51,"column":60}},{"start":{"line":52,"column":4},"end":{"line":53,"column":56}},{"start":{"line":54,"column":4},"end":{"line":55,"column":57}},{"start":{"line":56,"column":4},"end":{"line":57,"column":56}}],"line":48}},"s":{"0":9288,"1":129,"2":19,"3":2686,"4":2,"5":107,"6":2},"f":{"0":9288,"1":129,"2":19,"3":2686,"4":2,"5":107,"6":2},"b":{"0":[2,2,2,2,2]},"_coverageSchema":"1a1c01bbd47fc00a2c39e90264f33305004495a9","hash":"a83a2907115e2b4b92f5fcdf5d5115948b67d164"}
,"/home/samueldecarvalho/Calculator-App-With-React-Native-Expo-Custom-Hooks-Typescript-Async-Storage-Prettier-Eslint/src/last_session_calculation_expression_store/last_session_calculation_expression_store.ts": {"path":"/home/samueldecarvalho/Calculator-App-With-React-Native-Expo-Custom-Hooks-Typescript-Async-Storage-Prettier-Eslint/src/last_session_calculation_expression_store/last_session_calculation_expression_store.ts","statementMap":{"0":{"start":{"line":8,"column":4},"end":{"line":10,"column":17}},"1":{"start":{"line":14,"column":4},"end":{"line":17,"column":6}}},"fnMap":{"0":{"name":"(anonymous_0)","decl":{"start":{"line":5,"column":2},"end":{"line":5,"column":3}},"loc":{"start":{"line":5,"column":24},"end":{"line":5,"column":26}},"line":5},"1":{"name":"(anonymous_1)","decl":{"start":{"line":7,"column":2},"end":{"line":7,"column":3}},"loc":{"start":{"line":7,"column":55},"end":{"line":11,"column":3}},"line":7},"2":{"name":"(anonymous_2)","decl":{"start":{"line":13,"column":2},"end":{"line":13,"column":3}},"loc":{"start":{"line":13,"column":74},"end":{"line":18,"column":3}},"line":13}},"branchMap":{},"s":{"0":109,"1":49},"f":{"0":0,"1":109,"2":49},"b":{},"_coverageSchema":"1a1c01bbd47fc00a2c39e90264f33305004495a9","hash":"01c0d3e6dd04e80543a1744a6f73be3cd9612b86"}
,"/home/samueldecarvalho/Calculator-App-With-React-Native-Expo-Custom-Hooks-Typescript-Async-Storage-Prettier-Eslint/src/routers/routers.ts": {"path":"/home/samueldecarvalho/Calculator-App-With-React-Native-Expo-Custom-Hooks-Typescript-Async-Storage-Prettier-Eslint/src/routers/routers.ts","statementMap":{},"fnMap":{},"branchMap":{},"s":{},"f":{},"b":{},"_coverageSchema":"1a1c01bbd47fc00a2c39e90264f33305004495a9","hash":"c359af2b1a20bc166770c02181b27636815ac2eb"}
,"/home/samueldecarvalho/Calculator-App-With-React-Native-Expo-Custom-Hooks-Typescript-Async-Storage-Prettier-Eslint/src/screens/home/home_screen.tsx": {"path":"/home/samueldecarvalho/Calculator-App-With-React-Native-Expo-Custom-Hooks-Typescript-Async-Storage-Prettier-Eslint/src/screens/home/home_screen.tsx","statementMap":{"0":{"start":{"line":52,"column":4},"end":{"line":52,"column":49}},"1":{"start":{"line":60,"column":6},"end":{"line":60,"column":49}},"2":{"start":{"line":63,"column":4},"end":{"line":63,"column":20}},"3":{"start":{"line":65,"column":38},"end":{"line":65,"column":62}},"4":{"start":{"line":67,"column":33},"end":{"line":67,"column":43}},"5":{"start":{"line":69,"column":2},"end":{"line":74,"column":5}},"6":{"start":{"line":76,"column":2},"end":{"line":827,"column":4}},"7":{"start":{"line":117,"column":12},"end":{"line":117,"column":26}},"8":{"start":{"line":208,"column":16},"end":{"line":208,"column":24}},"9":{"start":{"line":244,"column":16},"end":{"line":244,"column":60}},"10":{"start":{"line":280,"column":16},"end":{"line":280,"column":66}},"11":{"start":{"line":308,"column":16},"end":{"line":308,"column":28}},"12":{"start":{"line":346,"column":16},"end":{"line":346,"column":57}},"13":{"start":{"line":382,"column":16},"end":{"line":382,"column":57}},"14":{"start":{"line":418,"column":16},"end":{"line":418,"column":56}},"15":{"start":{"line":454,"column":16},"end":{"line":454,"column":63}},"16":{"start":{"line":492,"column":16},"end":{"line":492,"column":56}},"17":{"start":{"line":528,"column":16},"end":{"line":528,"column":56}},"18":{"start":{"line":564,"column":16},"end":{"line":564,"column":55}},"19":{"start":{"line":600,"column":16},"end":{"line":600,"column":60}},"20":{"start":{"line":640,"column":20},"end":{"line":640,"column":59}},"21":{"start":{"line":676,"column":20},"end":{"line":676,"column":59}},"22":{"start":{"line":712,"column":20},"end":{"line":712,"column":61}},"23":{"start":{"line":751,"column":22},"end":{"line":751,"column":62}},"24":{"start":{"line":788,"column":20},"end":{"line":788,"column":61}},"25":{"start":{"line":819,"column":18},"end":{"line":819,"column":29}}},"fnMap":{"0":{"name":"HomeScreen","decl":{"start":{"line":50,"column":9},"end":{"line":50,"column":19}},"loc":{"start":{"line":50,"column":35},"end":{"line":828,"column":1}},"line":50},"1":{"name":"(anonymous_1)","decl":{"start":{"line":69,"column":12},"end":{"line":69,"column":13}},"loc":{"start":{"line":69,"column":18},"end":{"line":69,"column":20}},"line":69},"2":{"name":"(anonymous_2)","decl":{"start":{"line":116,"column":19},"end":{"line":116,"column":20}},"loc":{"start":{"line":116,"column":25},"end":{"line":118,"column":11}},"line":116},"3":{"name":"(anonymous_3)","decl":{"start":{"line":207,"column":23},"end":{"line":207,"column":24}},"loc":{"start":{"line":207,"column":29},"end":{"line":209,"column":15}},"line":207},"4":{"name":"(anonymous_4)","decl":{"start":{"line":243,"column":23},"end":{"line":243,"column":24}},"loc":{"start":{"line":243,"column":29},"end":{"line":245,"column":15}},"line":243},"5":{"name":"(anonymous_5)","decl":{"start":{"line":279,"column":23},"end":{"line":279,"column":24}},"loc":{"start":{"line":279,"column":29},"end":{"line":281,"column":15}},"line":279},"6":{"name":"(anonymous_6)","decl":{"start":{"line":307,"column":23},"end":{"line":307,"column":24}},"loc":{"start":{"line":307,"column":29},"end":{"line":309,"column":15}},"line":307},"7":{"name":"(anonymous_7)","decl":{"start":{"line":345,"column":23},"end":{"line":345,"column":24}},"loc":{"start":{"line":345,"column":29},"end":{"line":347,"column":15}},"line":345},"8":{"name":"(anonymous_8)","decl":{"start":{"line":381,"column":23},"end":{"line":381,"column":24}},"loc":{"start":{"line":381,"column":29},"end":{"line":383,"column":15}},"line":381},"9":{"name":"(anonymous_9)","decl":{"start":{"line":417,"column":23},"end":{"line":417,"column":24}},"loc":{"start":{"line":417,"column":29},"end":{"line":419,"column":15}},"line":417},"10":{"name":"(anonymous_10)","decl":{"start":{"line":453,"column":23},"end":{"line":453,"column":24}},"loc":{"start":{"line":453,"column":29},"end":{"line":455,"column":15}},"line":453},"11":{"name":"(anonymous_11)","decl":{"start":{"line":491,"column":23},"end":{"line":491,"column":24}},"loc":{"start":{"line":491,"column":29},"end":{"line":493,"column":15}},"line":491},"12":{"name":"(anonymous_12)","decl":{"start":{"line":527,"column":23},"end":{"line":527,"column":24}},"loc":{"start":{"line":527,"column":29},"end":{"line":529,"column":15}},"line":527},"13":{"name":"(anonymous_13)","decl":{"start":{"line":563,"column":23},"end":{"line":563,"column":24}},"loc":{"start":{"line":563,"column":29},"end":{"line":565,"column":15}},"line":563},"14":{"name":"(anonymous_14)","decl":{"start":{"line":599,"column":23},"end":{"line":599,"column":24}},"loc":{"start":{"line":599,"column":29},"end":{"line":601,"column":15}},"line":599},"15":{"name":"(anonymous_15)","decl":{"start":{"line":639,"column":27},"end":{"line":639,"column":28}},"loc":{"start":{"line":639,"column":33},"end":{"line":641,"column":19}},"line":639},"16":{"name":"(anonymous_16)","decl":{"start":{"line":675,"column":27},"end":{"line":675,"column":28}},"loc":{"start":{"line":675,"column":33},"end":{"line":677,"column":19}},"line":675},"17":{"name":"(anonymous_17)","decl":{"start":{"line":711,"column":27},"end":{"line":711,"column":28}},"loc":{"start":{"line":711,"column":33},"end":{"line":713,"column":19}},"line":711},"18":{"name":"(anonymous_18)","decl":{"start":{"line":750,"column":29},"end":{"line":750,"column":30}},"loc":{"start":{"line":750,"column":35},"end":{"line":752,"column":21}},"line":750},"19":{"name":"(anonymous_19)","decl":{"start":{"line":787,"column":27},"end":{"line":787,"colu
[...]
t":{"line":799,"column":18},"end":{"line":803,"column":67}},"type":"cond-expr","locations":[{"start":{"line":802,"column":22},"end":{"line":802,"column":71}},{"start":{"line":803,"column":22},"end":{"line":803,"column":67}}],"line":799},"96":{"loc":{"start":{"line":808,"column":18},"end":{"line":810,"column":51}},"type":"cond-expr","locations":[{"start":{"line":809,"column":22},"end":{"line":809,"column":51}},{"start":{"line":810,"column":22},"end":{"line":810,"column":51}}],"line":808},"97":{"loc":{"start":{"line":814,"column":18},"end":{"line":816,"column":52}},"type":"cond-expr","locations":[{"start":{"line":815,"column":22},"end":{"line":815,"column":51}},{"start":{"line":816,"column":22},"end":{"line":816,"column":52}}],"line":814}},"s":{"0":126,"1":126,"2":126,"3":122,"4":122,"5":122,"6":122,"7":6,"8":8,"9":1,"10":1,"11":1,"12":1,"13":1,"14":1,"15":1,"16":1,"17":1,"18":1,"19":4,"20":11,"21":1,"22":1,"23":1,"24":1,"25":3},"f":{"0":126,"1":14,"2":6,"3":8,"4":1,"5":1,"6":1,"7":1,"8":1,"9":1,"10":1,"11":1,"12":1,"13":1,"14":4,"15":11,"16":1,"17":1,"18":1,"19":1,"20":3},"b":{"0":[6,116],"1":[6,116],"2":[6,116],"3":[6,116],"4":[6,116],"5":[6,116],"6":[6,116],"7":[6,116],"8":[6,116],"9":[6,116],"10":[0,122],"11":[0,122],"12":[0,122],"13":[0,122],"14":[0,122],"15":[6,116],"16":[6,116],"17":[0,122],"18":[6,116],"19":[6,116],"20":[6,116],"21":[6,116],"22":[0,122],"23":[6,116],"24":[6,116],"25":[6,116],"26":[6,116],"27":[0,122],"28":[6,116],"29":[6,116],"30":[0,122],"31":[6,116],"32":[6,116],"33":[6,116],"34":[6,116],"35":[0,122],"36":[6,116],"37":[6,116],"38":[6,116],"39":[6,116],"40":[0,122],"41":[6,116],"42":[6,116],"43":[6,116],"44":[6,116],"45":[0,122],"46":[6,116],"47":[6,116],"48":[6,116],"49":[6,116],"50":[0,122],"51":[6,116],"52":[6,116],"53":[6,116],"54":[6,116],"55":[0,122],"56":[6,116],"57":[6,116],"58":[6,116],"59":[6,116],"60":[0,122],"61":[6,116],"62":[6,116],"63":[6,116],"64":[6,116],"65":[0,122],"66":[6,116],"67":[6,116],"68":[6,116],"69":[6,116],"70":[0,122],"71":[6,116],"72":[6,116],"73":[6,116],"74":[6,116],"75":[0,122],"76":[6,116],"77":[6,116],"78":[6,116],"79":[6,116],"80":[0,122],"81":[6,116],"82":[6,116],"83":[6,116],"84":[6,116],"85":[0,122],"86":[6,116],"87":[6,116],"88":[6,116],"89":[6,116],"90":[0,122],"91":[6,116],"92":[6,116],"93":[6,116],"94":[6,116],"95":[0,122],"96":[6,116],"97":[6,116]},"_coverageSchema":"1a1c01bbd47fc00a2c39e90264f33305004495a9","hash":"a0be19b81b25e1765675b14dbe39f2e25b9740ca"}
,"/home/samueldecarvalho/Calculator-App-With-React-Native-Expo-Custom-Hooks-Typescript-Async-Storage-Prettier-Eslint/src/screens/home/styles.ts": {"path":"/home/samueldecarvalho/Calculator-App-With-React-Native-Expo-Custom-Hooks-Typescript-Async-Storage-Prettier-Eslint/src/screens/home/styles.ts","statementMap":{"0":{"start":{"line":3,"column":15},"end":{"line":41,"column":2}}},"fnMap":{},"branchMap":{},"s":{"0":6},"f":{},"b":{},"_coverageSchema":"1a1c01bbd47fc00a2c39e90264f33305004495a9","hash":"f07f722f649fcb42a85d0b4ac92bb85eb7bbd516"}
,"/home/samueldecarvalho/Calculator-App-With-React-Native-Expo-Custom-Hooks-Typescript-Async-Storage-Prettier-Eslint/src/tests/concerns/react_render_adapter.tsx": {"path":"/home/samueldecarvalho/Calculator-App-With-React-Native-Expo-Custom-Hooks-Typescript-Async-Storage-Prettier-Eslint/src/tests/concerns/react_render_adapter.tsx","statementMap":{"0":{"start":{"line":9,"column":4},"end":{"line":9,"column":52}}},"fnMap":{"0":{"name":"(anonymous_0)","decl":{"start":{"line":6,"column":2},"end":{"line":6,"column":3}},"loc":{"start":{"line":6,"column":24},"end":{"line":6,"column":26}},"line":6},"1":{"name":"(anonymous_1)","decl":{"start":{"line":8,"column":2},"end":{"line":8,"column":3}},"loc":{"start":{"line":8,"column":47},"end":{"line":10,"column":3}},"line":8}},"branchMap":{},"s":{"0":17},"f":{"0":0,"1":17},"b":{},"_coverageSchema":"1a1c01bbd47fc00a2c39e90264f33305004495a9","hash":"c7afec88e54c519949debe63cb2416fc16238c3a"}
,"/home/samueldecarvalho/Calculator-App-With-React-Native-Expo-Custom-Hooks-Typescript-Async-Storage-Prettier-Eslint/src/tests/constants/array_utilities_constants.ts": {"path":"/home/samueldecarvalho/Calculator-App-With-React-Native-Expo-Custom-Hooks-Typescript-Async-Storage-Prettier-Eslint/src/tests/constants/array_utilities_constants.ts","statementMap":{"0":{"start":{"line":1,"column":41},"end":{"line":1,"column":42}},"1":{"start":{"line":3,"column":43},"end":{"line":3,"column":44}},"2":{"start":{"line":5,"column":42},"end":{"line":5,"column":43}}},"fnMap":{},"branchMap":{},"s":{"0":7,"1":7,"2":7},"f":{},"b":{},"_coverageSchema":"1a1c01bbd47fc00a2c39e90264f33305004495a9","hash":"2aee98b7d374e8ebf18a3bdd16bc4d93f8160d05"}
,"/home/samueldecarvalho/Calculator-App-With-React-Native-Expo-Custom-Hooks-Typescript-Async-Storage-Prettier-Eslint/src/tests/constants/key_value_store_constants.ts": {"path":"/home/samueldecarvalho/Calculator-App-With-React-Native-Expo-Custom-Hooks-Typescript-Async-Storage-Prettier-Eslint/src/tests/constants/key_value_store_constants.ts","statementMap":{"0":{"start":{"line":1,"column":44},"end":{"line":1,"column":62}},"1":{"start":{"line":3,"column":46},"end":{"line":3,"column":51}},"2":{"start":{"line":5,"column":37},"end":{"line":5,"column":39}}},"fnMap":{},"branchMap":{},"s":{"0":8,"1":8,"2":8},"f":{},"b":{},"_coverageSchema":"1a1c01bbd47fc00a2c39e90264f33305004495a9","hash":"e3263ea4a0236f922a6364638c076381f29907da"}
,"/home/samueldecarvalho/Calculator-App-With-React-Native-Expo-Custom-Hooks-Typescript-Async-Storage-Prettier-Eslint/src/tests/constants/ui_constants.ts": {"path":"/home/samueldecarvalho/Calculator-App-With-React-Native-Expo-Custom-Hooks-Typescript-Async-Storage-Prettier-Eslint/src/tests/constants/ui_constants.ts","statementMap":{"0":{"start":{"line":1,"column":42},"end":{"line":1,"column":49}},"1":{"start":{"line":3,"column":45},"end":{"line":3,"column":48}},"2":{"start":{"line":5,"column":55},"end":{"line":5,"column":64}},"3":{"start":{"line":7,"column":54},"end":{"line":7,"column":58}}},"fnMap":{},"branchMap":{},"s":{"0":6,"1":6,"2":6,"3":6},"f":{},"b":{},"_coverageSchema":"1a1c01bbd47fc00a2c39e90264f33305004495a9","hash":"b3525839d055f89364d30c4c97c08ef6d1d1eced"}
,"/home/samueldecarvalho/Calculator-App-With-React-Native-Expo-Custom-Hooks-Typescript-Async-Storage-Prettier-Eslint/src/theme_store/theme_store.ts": {"path":"/home/samueldecarvalho/Calculator-App-With-React-Native-Expo-Custom-Hooks-Typescript-Async-Storage-Prettier-Eslint/src/theme_store/theme_store.ts","statementMap":{"0":{"start":{"line":11,"column":4},"end":{"line":11,"column":56}},"1":{"start":{"line":16,"column":6},"end":{"line":16,"column":50}},"2":{"start":{"line":18,"column":4},"end":{"line":20,"column":21}}},"fnMap":{"0":{"name":"(anonymous_0)","decl":{"start":{"line":8,"column":2},"end":{"line":8,"column":3}},"loc":{"start":{"line":8,"column":23},"end":{"line":8,"column":25}},"line":8},"1":{"name":"(anonymous_1)","decl":{"start":{"line":10,"column":2},"end":{"line":10,"column":3}},"loc":{"start":{"line":10,"column":57},"end":{"line":12,"column":3}},"line":10},"2":{"name":"(anonymous_2)","decl":{"start":{"line":14,"column":2},"end":{"line":14,"column":3}},"loc":{"start":{"line":14,"column":43},"end":{"line":21,"column":3}},"line":14}},"branchMap":{"0":{"loc":{"start":{"line":18,"column":11},"end":{"line":20,"column":20}},"type":"cond-expr","locations":[{"start":{"line":19,"column":8},"end":{"line":19,"column":19}},{"start":{"line":20,"column":8},"end":{"line":20,"column":20}}],"line":18}},"s":{"0":9,"1":31,"2":17},"f":{"0":10,"1":9,"2":31},"b":{"0":[5,12]},"_coverageSchema":"1a1c01bbd47fc00a2c39e90264f33305004495a9","hash":"0de76fc0dfe9ab210a550029b2338b529e63ec58"}
,"/home/samueldecarvalho/Calculator-App-With-React-Native-Expo-Custom-Hooks-Typescript-Async-Storage-Prettier-Eslint/src/theme_store/theme_store_factory.ts": {"path":"/home/samueldecarvalho/Calculator-App-With-React-Native-Expo-Custom-Hooks-Typescript-Async-Storage-Prettier-Eslint/src/theme_store/theme_store_factory.ts","statementMap":{"0":{"start":{"line":4,"column":47},"end":{"line":4,"column":51}},"1":{"start":{"line":9,"column":4},"end":{"line":11,"column":5}},"2":{"start":{"line":10,"column":6},"end":{"line":10,"column":39}},"3":{"start":{"line":13,"column":4},"end":{"line":13,"column":25}}},"fnMap":{"0":{"name":"(anonymous_0)","decl":{"start":{"line":6,"column":2},"end":{"line":6,"column":3}},"loc":{"start":{"line":6,"column":24},"end":{"line":6,"column":26}},"line":6},"1":{"name":"(anonymous_1)","decl":{"start":{"line":8,"column":2},"end":{"line":8,"column":3}},"loc":{"start":{"line":8,"column":42},"end":{"line":14,"column":3}},"line":8}},"branchMap":{"0":{"loc":{"start":{"line":9,"column":4},"end":{"line":11,"column":5}},"type":"if","locations":[{"start":{"line":9,"column":4},"end":{"line":11,"column":5}},{"start":{},"end":{}}],"line":9}},"s":{"0":8,"1":127,"2":8,"3":127},"f":{"0":0,"1":127},"b":{"0":[8,119]},"_coverageSchema":"1a1c01bbd47fc00a2c39e90264f33305004495a9","hash":"fba6c59cce2be1a1b9ef49b573de7ba5625fc4f7"}
,"/home/samueldecarvalho/Calculator-App-With-React-Native-Expo-Custom-Hooks-Typescript-Async-Storage-Prettier-Eslint/src/ui_languages_specific_constants.ts/english_language.ts": {"path":"/home/samueldecarvalho/Calculator-App-With-React-Native-Expo-Custom-Hooks-Typescript-Async-Storage-Prettier-Eslint/src/ui_languages_specific_constants.ts/english_language.ts","statementMap":{"0":{"start":{"line":14,"column":4},"end":{"line":14,"column":50}},"1":{"start":{"line":17,"column":4},"end":{"line":17,"column":59}},"2":{"start":{"line":20,"column":4},"end":{"line":20,"column":51}},"3":{"start":{"line":25,"column":4},"end":{"line":27,"column":6}},"4":{"start":{"line":31,"column":4},"end":{"line":31,"column":59}},"5":{"start":{"line":36,"column":4},"end":{"line":36,"column":76}},"6":{"start":{"line":40,"column":4},"end":{"line":40,"column":55}}},"fnMap":{"0":{"name":"(anonymous_0)","decl":{"start":{"line":22,"column":2},"end":{"line":22,"column":3}},"loc":{"start":{"line":24,"column":12},"end":{"line":28,"column":3}},"line":24},"1":{"name":"(anonymous_1)","decl":{"start":{"line":33,"column":2},"end":{"line":33,"column":3}},"loc":{"start":{"line":35,"column":12},"end":{"line":37,"column":3}},"line":35}},"branchMap":{},"s":{"0":0,"1":0,"2":0,"3":0,"4":0,"5":0,"6":0},"f":{"0":0,"1":0},"b":{},"_coverageSchema":"1a1c01bbd47fc00a2c39e90264f33305004495a9","hash":"d0db596721c1124cba2ad8ae8c3a3821670306c5"}
,"/home/samueldecarvalho/Calculator-App-With-React-Native-Expo-Custom-Hooks-Typescript-Async-Storage-Prettier-Eslint/src/ui_languages_specific_constants.ts/french_language.ts": {"path":"/home/samueldecarvalho/Calculator-App-With-React-Native-Expo-Custom-Hooks-Typescript-Async-Storage-Prettier-Eslint/src/ui_languages_specific_constants.ts/french_language.ts","statementMap":{"0":{"start":{"line":14,"column":4},"end":{"line":14,"column":49}},"1":{"start":{"line":17,"column":4},"end":{"line":17,"column":58}},"2":{"start":{"line":20,"column":4},"end":{"line":20,"column":50}},"3":{"start":{"line":25,"column":4},"end":{"line":27,"column":6}},"4":{"start":{"line":31,"column":4},"end":{"line":31,"column":58}},"5":{"start":{"line":36,"column":4},"end":{"line":36,"column":75}},"6":{"start":{"line":40,"column":4},"end":{"line":40,"column":54}}},"fnMap":{"0":{"name":"(anonymous_0)","decl":{"start":{"line":22,"column":2},"end":{"line":22,"column":3}},"loc":{"start":{"line":24,"column":12},"end":{"line":28,"column":3}},"line":24},"1":{"name":"(anonymous_1)","decl":{"start":{"line":33,"column":2},"end":{"line":33,"column":3}},"loc":{"start":{"line":35,"column":12},"end":{"line":37,"column":3}},"line":35}},"branchMap":{},"s":{"0":0,"1":0,"2":0,"3":0,"4":0,"5":0,"6":0},"f":{"0":0,"1":0},"b":{},"_coverageSchema":"1a1c01bbd47fc00a2c39e90264f33305004495a9","hash":"463a36e354bdd9195f04fd976e03079fe67b7edf"}
,"/home/samueldecarvalho/Calculator-App-With-React-Native-Expo-Custom-Hooks-Typescript-Async-Storage-Prettier-Eslint/src/ui_languages_specific_constants.ts/german_language.ts": {"path":"/home/samueldecarvalho/Calculator-App-With-React-Native-Expo-Custom-Hooks-Typescript-Async-Storage-Prettier-Eslint/src/ui_languages_specific_constants.ts/german_language.ts","statementMap":{"0":{"start":{"line":14,"column":4},"end":{"line":14,"column":49}},"1":{"start":{"line":17,"column":4},"end":{"line":17,"column":58}},"2":{"start":{"line":20,"column":4},"end":{"line":20,"column":50}},"3":{"start":{"line":25,"column":4},"end":{"line":27,"column":6}},"4":{"start":{"line":31,"column":4},"end":{"line":31,"column":58}},"5":{"start":{"line":36,"column":4},"end":{"line":36,"column":75}},"6":{"start":{"line":40,"column":4},"end":{"line":40,"column":54}}},"fnMap":{"0":{"name":"(anonymous_0)","decl":{"start":{"line":22,"column":2},"end":{"line":22,"column":3}},"loc":{"start":{"line":24,"column":12},"end":{"line":28,"column":3}},"line":24},"1":{"name":"(anonymous_1)","decl":{"start":{"line":33,"column":2},"end":{"line":33,"column":3}},"loc":{"start":{"line":35,"column":12},"end":{"line":37,"column":3}},"line":35}},"branchMap":{},"s":{"0":7,"1":7,"2":7,"3":2196,"4":7,"5":122,"6":7},"f":{"0":2196,"1":122},"b":{},"_coverageSchema":"1a1c01bbd47fc00a2c39e90264f33305004495a9","hash":"f0293df0ae735965deaac8502e0cfb1d22513af6"}
,"/home/samueldecarvalho/Calculator-App-With-React-Native-Expo-Custom-Hooks-Typescript-Async-Storage-Prettier-Eslint/src/ui_languages_specific_constants.ts/language_abstraction.ts": {"path":"/home/samueldecarvalho/Calculator-App-With-React-Native-Expo-Custom-Hooks-Typescript-Async-Storage-Prettier-Eslint/src/ui_languages_specific_constants.ts/language_abstraction.ts","statementMap":{},"fnMap":{},"branchMap":{},"s":{},"f":{},"b":{},"_coverageSchema":"1a1c01bbd47fc00a2c39e90264f33305004495a9","hash":"dd6a8983a1b796dc7eac16d4ce5f095772ba70ed"}
,"/home/samueldecarvalho/Calculator-App-With-React-Native-Expo-Custom-Hooks-Typescript-Async-Storage-Prettier-Eslint/src/ui_languages_specific_constants.ts/language_factory.ts": {"path":"/home/samueldecarvalho/Calculator-App-With-React-Native-Expo-Custom-Hooks-Typescript-Async-Storage-Prettier-Eslint/src/ui_languages_specific_constants.ts/language_factory.ts","statementMap":{"0":{"start":{"line":10,"column":56},"end":{"line":10,"column":60}},"1":{"start":{"line":15,"column":4},"end":{"line":41,"column":5}},"2":{"start":{"line":16,"column":6},"end":{"line":40,"column":7}},"3":{"start":{"line":18,"column":10},"end":{"line":18,"column":48}},"4":{"start":{"line":19,"column":10},"end":{"line":19,"column":16}},"5":{"start":{"line":22,"column":10},"end":{"line":22,"column":51}},"6":{"start":{"line":23,"column":10},"end":{"line":23,"column":16}},"7":{"start":{"line":26,"column":10},"end":{"line":26,"column":47}},"8":{"start":{"line":27,"column":10},"end":{"line":27,"column":16}},"9":{"start":{"line":30,"column":10},"end":{"line":30,"column":48}},"10":{"start":{"line":31,"column":10},"end":{"line":31,"column":16}},"11":{"start":{"line":34,"column":10},"end":{"line":34,"column":47}},"12":{"start":{"line":35,"column":10},"end":{"line":35,"column":16}},"13":{"start":{"line":38,"column":10},"end":{"line":38,"column":48}},"14":{"start":{"line":39,"column":10},"end":{"line":39,"column":16}},"15":{"start":{"line":43,"column":4},"end":{"line":43,"column":25}}},"fnMap":{"0":{"name":"(anonymous_0)","decl":{"start":{"line":12,"column":2},"end":{"line":12,"column":3}},"loc":{"start":{"line":12,"column":24},"end":{"line":12,"column":26}},"line":12},"1":{"name":"(anonymous_1)","decl":{"start":{"line":14,"column":2},"end":{"line":14,"column":3}},"loc":{"start":{"line":14,"column":70},"end":{"line":44,"column":3}},"line":14}},"branchMap":{"0":{"loc":{"start":{"line":15,"column":4},"end":{"line":41,"column":5}},"type":"if","locations":[{"start":{"line":15,"column":4},"end":{"line":41,"column":5}},{"start":{},"end":{}}],"line":15},"1":{"loc":{"start":{"line":16,"column":6},"end":{"line":40,"column":7}},"type":"switch","locations":[{"start":{"line":17,"column":8},"end":{"line":19,"column":16}},{"start":{"line":21,"column":8},"end":{"line":23,"column":16}},{"start":{"line":25,"column":8},"end":{"line":27,"column":16}},{"start":{"line":29,"column":8},"end":{"line":31,"column":16}},{"start":{"line":33,"column":8},"end":{"line":35,"column":16}},{"start":{"line":37,"column":8},"end":{"line":39,"column":16}}],"line":16}},"s":{"0":8,"1":273,"2":8,"3":0,"4":0,"5":1,"6":1,"7":7,"8":7,"9":0,"10":0,"11":0,"12":0,"13":0,"14":0,"15":273},"f":{"0":0,"1":273},"b":{"0":[8,265],"1":[0,1,7,0,0,0]},"_coverageSchema":"1a1c01bbd47fc00a2c39e90264f33305004495a9","hash":"ef7421365c92ec354586f93cfb635bdbe54cb13d"}
,"/home/samueldecarvalho/Calculator-App-With-React-Native-Expo-Custom-Hooks-Typescript-Async-Storage-Prettier-Eslint/src/ui_languages_specific_constants.ts/languages.ts": {"path":"/home/samueldecarvalho/Calculator-App-With-React-Native-Expo-Custom-Hooks-Typescript-Async-Storage-Prettier-Eslint/src/ui_languages_specific_constants.ts/languages.ts","statementMap":{},"fnMap":{},"branchMap":{},"s":{},"f":{},"b":{},"_coverageSchema":"1a1c01bbd47fc00a2c39e90264f33305004495a9","hash":"eb204fef6e7517a5b8890516a66ddf3958be868f"}
,"/home/samueldecarvalho/Calculator-App-With-React-Native-Expo-Custom-Hooks-Typescript-Async-Storage-Prettier-Eslint/src/ui_languages_specific_constants.ts/portuguese_language.ts": {"path":"/home/samueldecarvalho/Calculator-App-With-React-Native-Expo-Custom-Hooks-Typescript-Async-Storage-Prettier-Eslint/src/ui_languages_specific_constants.ts/portuguese_language.ts","statementMap":{"0":{"start":{"line":14,"column":4},"end":{"line":14,"column":53}},"1":{"start":{"line":17,"column":4},"end":{"line":17,"column":62}},"2":{"start":{"line":20,"column":4},"end":{"line":20,"column":54}},"3":{"start":{"line":25,"column":4},"end":{"line":27,"column":6}},"4":{"start":{"line":31,"column":4},"end":{"line":31,"column":62}},"5":{"start":{"line":36,"column":4},"end":{"line":36,"column":79}},"6":{"start":{"line":40,"column":4},"end":{"line":40,"column":58}}},"fnMap":{"0":{"name":"(anonymous_0)","decl":{"start":{"line":22,"column":2},"end":{"line":22,"column":3}},"loc":{"start":{"line":24,"column":12},"end":{"line":28,"column":3}},"line":24},"1":{"name":"(anonymous_1)","decl":{"start":{"line":33,"column":2},"end":{"line":33,"column":3}},"loc":{"start":{"line":35,"column":12},"end":{"line":37,"column":3}},"line":35}},"branchMap":{},"s":{"0":1,"1":1,"2":1,"3":0,"4":1,"5":0,"6":1},"f":{"0":0,"1":0},"b":{},"_coverageSchema":"1a1c01bbd47fc00a2c39e90264f33305004495a9","hash":"33498b8ccf188e13febf9f75c12f3b1850d2d2d6"}
,"/home/samueldecarvalho/Calculator-App-With-React-Native-Expo-Custom-Hooks-Typescript-Async-Storage-Prettier-Eslint/src/ui_languages_specific_constants.ts/spanish_language.ts": {"path":"/home/samueldecarvalho/Calculator-App-With-React-Native-Expo-Custom-Hooks-Typescript-Async-Storage-Prettier-Eslint/src/ui_languages_specific_constants.ts/spanish_language.ts","statementMap":{"0":{"start":{"line":14,"column":4},"end":{"line":14,"column":50}},"1":{"start":{"line":17,"column":4},"end":{"line":17,"column":59}},"2":{"start":{"line":20,"column":4},"end":{"line":20,"column":51}},"3":{"start":{"line":25,"column":4},"end":{"line":27,"column":6}},"4":{"start":{"line":31,"column":4},"end":{"line":31,"column":59}},"5":{"start":{"line":36,"column":4},"end":{"line":36,"column":76}},"6":{"start":{"line":40,"column":4},"end":{"line":40,"column":55}}},"fnMap":{"0":{"name":"(anonymous_0)","decl":{"start":{"line":22,"column":2},"end":{"line":22,"column":3}},"loc":{"start":{"line":24,"column":12},"end":{"line":28,"column":3}},"line":24},"1":{"name":"(anonymous_1)","decl":{"start":{"line":33,"column":2},"end":{"line":33,"column":3}},"loc":{"start":{"line":35,"column":12},"end":{"line":37,"column":3}},"line":35}},"branchMap":{},"s":{"0":0,"1":0,"2":0,"3":0,"4":0,"5":0,"6":0},"f":{"0":0,"1":0},"b":{},"_coverageSchema":"1a1c01bbd47fc00a2c39e90264f33305004495a9","hash":"05b76709e2178f02baeb5d2bc25bffbf8e588a68"}
}
