TN:
SF:App.tsx
FN:8,App
FNF:1
FNH:1
FNDA:1,App
DA:6,1
DA:9,1
LF:2
LH:2
BRF:0
BRH:0
end_of_record
TN:
SF:src/assets/dimensions.ts
FNF:0
FNH:0
DA:1,9
DA:3,9
DA:5,9
DA:7,9
DA:9,9
DA:11,9
DA:13,9
DA:15,9
DA:17,9
DA:19,9
LF:10
LH:10
BRF:0
BRH:0
end_of_record
TN:
SF:src/assets/themes.ts
FNF:0
FNH:0
LF:0
LH:0
BRF:0
BRH:0
end_of_record
TN:
SF:src/assets/colors/neutral_colors.ts
FNF:0
FNH:0
LF:0
LH:0
BRF:0
BRH:0
end_of_record
TN:
SF:src/assets/colors/primary_colors.ts
FNF:0
FNH:0
LF:0
LH:0
BRF:0
BRH:0
end_of_record
TN:
SF:src/assets/colors/ripple_effect_colors.ts
FNF:0
FNH:0
LF:0
LH:0
BRF:0
BRH:0
end_of_record
TN:
SF:src/assets/colors/secondary_colors.ts
FNF:0
FNH:0
LF:0
LH:0
BRF:0
BRH:0
end_of_record
TN:
SF:src/calculation_expression_reconciliation_adapter/calculation_expression_reconciliation_adapter.ts
FN:6,(anonymous_0)
FN:8,(anonymous_1)
FNF:2
FNH:1
FNDA:0,(anonymous_0)
FNDA:98,(anonymous_1)
DA:12,98
DA:15,98
DA:19,98
DA:20,111
LF:4
LH:4
BRF:0
BRH:0
end_of_record
TN:
SF:src/calculation_expression_update_adapter/calculation_expression_update_adapter.ts
FN:6,(anonymous_0)
FN:8,(anonymous_1)
FNF:2
FNH:1
FNDA:0,(anonymous_0)
FNDA:43,(anonymous_1)
DA:13,43
DA:15,43
DA:19,43
LF:3
LH:3
BRF:0
BRH:0
end_of_record
TN:
SF:src/calculator_characters/ui_calculator_characters.ts
FNF:0
FNH:0
LF:0
LH:0
BRF:0
BRH:0
end_of_record
TN:
SF:src/components/action_bar/action_bar.tsx
FN:5,ActionBar
FNF:1
FNH:1
FNDA:108,ActionBar
DA:26,108
DA:28,108
LF:2
LH:2
BRF:0
BRH:0
end_of_record
TN:
SF:src/components/action_bar/styles.ts
FNF:0
FNH:0
DA:3,7
LF:1
LH:1
BRF:0
BRH:0
end_of_record
TN:
SF:src/components/button/button.tsx
FN:7,Button
FNF:1
FNH:1
FNDA:1928,Button
DA:26,1928
DA:28,1928
LF:2
LH:2
BRF:0
BRH:0
end_of_record
TN:
SF:src/components/button/styles.ts
FNF:0
FNH:0
DA:3,8
LF:1
LH:1
BRF:0
BRH:0
end_of_record
TN:
SF:src/components/keyboard/keyboard.tsx
FN:6,Keyboard
FNF:1
FNH:1
FNDA:108,Keyboard
DA:11,108
DA:13,108
LF:2
LH:2
BRF:0
BRH:0
end_of_record
TN:
SF:src/components/keyboard/styles.ts
FNF:0
FNH:0
DA:3,7
LF:1
LH:1
BRF:0
BRH:0
end_of_record
TN:
SF:src/components/viewfinder/styles.ts
FNF:0
FNH:0
DA:3,7
LF:1
LH:1
BRF:0
BRH:0
end_of_record
TN:
SF:src/components/viewfinder/viewfinder.tsx
FN:10,Viewfinder
FN:47,(anonymous_1)
FNF:2
FNH:1
FNDA:108,Viewfinder
FNDA:0,(anonymous_1)
DA:31,108
DA:33,108
DA:35,108
DA:48,0
LF:4
LH:3
BRF:0
BRH:0
end_of_record
TN:
SF:src/constants/device_utilities_constants.ts
FNF:0
FNH:0
DA:1,15
DA:3,15
DA:5,15
DA:7,15
DA:9,15
DA:11,15
LF:6
LH:6
BRF:0
BRH:0
end_of_record
TN:
SF:src/constants/strings_utilities_constants.ts
FNF:0
FNH:0
DA:1,31
DA:3,31
DA:5,31
DA:7,31
LF:4
LH:4
BRF:0
BRH:0
end_of_record
TN:
SF:src/constants/ui_constants.ts
FNF:0
FNH:0
DA:4,21
DA:6,21
DA:8,21
DA:10,21
DA:12,21
DA:14,21
DA:17,21
DA:19,21
DA:21,21
DA:23,21
LF:10
LH:10
BRF:0
BRH:0
end_of_record
TN:
SF:src/constants/domains/calculator/calculation_expression_messages_constants.ts
FNF:0
FNH:0
DA:2,24
LF:1
LH:1
BRF:0
BRH:0
end_of_record
TN:
SF:src/constants/domains/calculator/calculator_character_values_constants.ts
FNF:0
FNH:0
DA:1,10
DA:3,10
DA:5,10
DA:7,10
DA:9,10
DA:11,10
DA:13,10
DA:15,10
DA:17,10
DA:19,10
DA:21,10
DA:23,10
DA:25,10
DA:27,10
DA:29,10
LF:15
LH:15
BRF:0
BRH:0
end_of_record
TN:
SF:src/constants/domains/key_value_store/key_value_store_constants.ts
FN:6,NOT_EXISTING_ITEM_ERROR_MESSAGE
FNF:1
FNH:1
FNDA:26,NOT_EXISTING_ITEM_ERROR_MESSAGE
DA:1,20
DA:4,20
DA:7,26
DA:10,20
LF:4
LH:4
BRF:0
BRH:0
end_of_record
TN:
SF:src/constants/screens/home_screen_constants.ts
FN:49,ENGLISH_CALCULATOR_VIEWFINDER_ELEMENT_ACCESSIBILITY_LABEL
FN:55,PORTUGUESE_CALCULATOR_VIEWFINDER_ELEMENT_ACCESSIBILITY_LABEL
FN:61,SPANISH_CALCULATOR_VIEWFINDER_ELEMENT_ACCESSIBILITY_LABEL
FN:67,FRENCH_CALCULATOR_VIEWFINDER_ELEMENT_ACCESSIBILITY_LABEL
FN:73,GERMAN_CALCULATOR_VIEWFINDER_ELEMENT_ACCESSIBILITY_LABEL
FN:79,ENGLISH_CALCULATOR_KEYBOARD_BUTTON_ELEMENT_ACCESSIBILITY_LABEL
FN:85,PORTUGUESE_CALCULATOR_KEYBOARD_BUTTON_ELEMENT_ACCESSIBILITY_LABEL
FN:91,SPANISH_CALCULATOR_KEYBOARD_BUTTON_ELEMENT_ACCESSIBILITY_LABEL
FN:97,FRENCH_CALCULATOR_KEYBOARD_BUTTON_ELEMENT_ACCESSIBILITY_LABEL
FN:103,GERMAN_CALCULATOR_KEYBOARD_BUTTON_ELEMENT_ACCESSIBILITY_LABEL
FNF:10
FNH:2
FNDA:0,ENGLISH_CALCULATOR_VIEWFINDER_ELEMENT_ACCESSIBILITY_LABEL
FNDA:0,PORTUGUESE_CALCULATOR_VIEWFINDER_ELEMENT_ACCESSIBILITY_LABEL
FNDA:0,SPANISH_CALCULATOR_VIEWFINDER_ELEMENT_ACCESSIBILITY_LABEL
FNDA:0,FRENCH_CALCULATOR_VIEWFINDER_ELEMENT_ACCESSIBILITY_LABEL
FNDA:122,GERMAN_CALCULATOR_VIEWFINDER_ELEMENT_ACCESSIBILITY_LABEL
FNDA:0,ENGLISH_CALCULATOR_KEYBOARD_BUTTON_ELEMENT_ACCESSIBILITY_LABEL
FNDA:0,PORTUGUESE_CALCULATOR_KEYBOARD_BUTTON_ELEMENT_ACCESSIBILITY_LABEL
FNDA:0,SPANISH_CALCULATOR_KEYBOARD_BUTTON_ELEMENT_ACCESSIBILITY_LABEL
FNDA:0,FRENCH_CALCULATOR_KEYBOARD_BUTTON_ELEMENT_ACCESSIBILITY_LABEL
FNDA:2196,GERMAN_CALCULATOR_KEYBOARD_BUTTON_ELEMENT_ACCESSIBILITY_LABEL
DA:1,20
DA:4,20
DA:6,20
DA:8,20
DA:10,20
DA:12,20
DA:14,20
DA:17,20
DA:20,20
DA:23,20
DA:26,20
DA:29,20
DA:32,20
DA:35,20
DA:38,20
DA:41,20
DA:44,20
DA:47,20
DA:52,0
DA:58,0
DA:64,0
DA:70,0
DA:76,122
DA:82,0
DA:88,0
DA:94,0
DA:100,0
DA:106,2196
DA:110,20
DA:113,20
DA:116,20
DA:119,20
DA:122,20
DA:125,20
DA:128,20
DA:131,20
DA:134,20
DA:137,20
DA:140,20
DA:143,20
DA:146,20
DA:149,20
DA:152,20
LF:43
LH:35
BRF:0
BRH:0
end_of_record
TN:
SF:src/device_language_recuperator/device_language_recuperator.ts
FN:12,(anonymous_0)
FN:14,(anonymous_1)
FNF:2
FNH:1
FNDA:0,(anonymous_0)
FNDA:273,(anonymous_1)
DA:15,273
DA:17,273
DA:18,0
DA:20,273
DA:21,0
DA:23,273
DA:24,0
DA:26,273
DA:27,0
DA:29,273
DA:30,273
DA:32,0
LF:12
LH:7
BRDA:17,0,0,0
BRDA:17,0,1,273
BRDA:20,1,0,0
BRDA:20,1,1,273
BRDA:23,2,0,0
BRDA:23,2,1,273
BRDA:26,3,0,0
BRDA:26,3,1,273
BRDA:29,4,0,273
BRDA:29,4,1,0
BRF:10
BRH:5
end_of_record
TN:
SF:src/device_theme_recuperator/device_theme_recuperator.ts
FN:6,(anonymous_0)
FN:8,(anonymous_1)
FNF:2
FNH:1
FNDA:0,(anonymous_0)
FNDA:127,(anonymous_1)
DA:10,127
DA:12,127
LF:2
LH:2
BRDA:12,0,0,0
BRDA:12,0,1,127
BRF:2
BRH:1
end_of_record
TN:
SF:src/domains/calculator/calculation_expression.ts
FN:4,(anonymous_0)
FN:8,(anonymous_1)
FN:12,(anonymous_2)
FNF:3
FNH:3
FNDA:17,(anonymous_0)
FNDA:469,(anonymous_1)
FNDA:351,(anonymous_2)
DA:5,17
DA:9,469
DA:13,351
LF:3
LH:3
BRF:0
BRH:0
end_of_record
TN:
SF:src/domains/calculator/calculation_expression_active_record.ts
FN:9,(anonymous_0)
FN:15,(anonymous_1)
FN:19,(anonymous_2)
FN:27,(anonymous_3)
FN:40,(anonymous_4)
FN:44,(anonymous_5)
FNF:6
FNH:6
FNDA:15,(anonymous_0)
FNDA:261,(anonymous_1)
FNDA:169,(anonymous_2)
FNDA:6,(anonymous_3)
FNDA:130,(anonymous_4)
FNDA:13,(anonymous_5)
DA:12,15
DA:16,261
DA:22,169
DA:29,6
DA:31,6
DA:35,6
DA:41,130
DA:46,13
DA:48,13
DA:50,13
LF:10
LH:10
BRF:0
BRH:0
end_of_record
TN:
SF:src/domains/calculator/calculation_expression_active_record_decorator.ts
FN:7,(anonymous_0)
FN:13,(anonymous_1)
FN:32,(anonymous_2)
FN:53,(anonymous_3)
FNF:4
FNH:4
FNDA:14,(anonymous_0)
FNDA:173,(anonymous_1)
FNDA:8,(anonymous_2)
FNDA:15,(anonymous_3)
DA:10,14
DA:16,173
DA:18,173
DA:26,4
DA:28,169
DA:33,8
DA:35,8
DA:43,2
DA:44,6
DA:47,1
DA:49,5
DA:54,15
DA:56,15
DA:64,2
DA:65,13
DA:68,1
DA:70,12
LF:17
LH:17
BRDA:18,0,0,4
BRDA:18,0,1,169
BRDA:19,1,0,173
BRDA:19,1,1,170
BRDA:35,2,0,2
BRDA:35,2,1,6
BRDA:36,3,0,8
BRDA:36,3,1,7
BRDA:44,4,0,1
BRDA:44,4,1,5
BRDA:56,5,0,2
BRDA:56,5,1,13
BRDA:57,6,0,15
BRDA:57,6,1,14
BRDA:65,7,0,1
BRDA:65,7,1,12
BRF:16
BRH:16
end_of_record
TN:
SF:src/domains/calculator/calculation_expression_register.ts
FN:7,(anonymous_0)
FN:11,(anonymous_1)
FN:15,(anonymous_2)
FN:19,(anonymous_3)
FNF:4
FNH:4
FNDA:16,(anonymous_0)
FNDA:295,(anonymous_1)
FNDA:176,(anonymous_2)
FNDA:170,(anonymous_3)
DA:8,16
DA:12,295
DA:16,176
DA:23,170
DA:25,170
DA:27,170
LF:6
LH:6
BRF:0
BRH:0
end_of_record
TN:
SF:src/domains/calculator/calculator.ts
FN:7,(anonymous_0)
FN:13,(anonymous_1)
FN:17,(anonymous_2)
FN:23,(anonymous_3)
FN:27,(anonymous_4)
FN:31,(anonymous_5)
FNF:6
FNH:6
FNDA:13,(anonymous_0)
FNDA:60,(anonymous_1)
FNDA:163,(anonymous_2)
FNDA:4,(anonymous_3)
FNDA:115,(anonymous_4)
FNDA:11,(anonymous_5)
DA:10,13
DA:14,60
DA:18,163
DA:24,4
DA:28,115
DA:32,11
LF:6
LH:6
BRF:0
BRH:0
end_of_record
TN:
SF:src/domains/calculator/calculator_characters.ts
FNF:0
FNH:0
LF:0
LH:0
BRF:0
BRH:0
end_of_record
TN:
SF:src/domains/calculator/calculator_factory.ts
FN:9,(anonymous_0)
FN:11,(anonymous_1)
FNF:2
FNH:1
FNDA:0,(anonymous_0)
FNDA:150,(anonymous_1)
DA:7,11
DA:12,150
DA:13,11
DA:14,11
DA:18,11
DA:22,11
DA:25,150
LF:7
LH:7
BRDA:12,0,0,11
BRDA:12,0,1,139
BRF:2
BRH:2
end_of_record
TN:
SF:src/domains/calculator/infrastructure/calculator_formatter.ts
FN:2,(anonymous_0)
FN:4,(anonymous_1)
FNF:2
FNH:1
FNDA:0,(anonymous_0)
FNDA:7,(anonymous_1)
DA:7,7
LF:1
LH:1
BRF:0
BRH:0
end_of_record
TN:
SF:src/domains/calculator/infrastructure/calculator_specifications.ts
FN:4,(anonymous_0)
FN:6,(anonymous_1)
FN:12,(anonymous_2)
FN:18,(anonymous_3)
FNF:4
FNH:3
FNDA:0,(anonymous_0)
FNDA:198,(anonymous_1)
FNDA:21,(anonymous_2)
FNDA:193,(anonymous_3)
DA:9,198
DA:15,21
DA:19,193
LF:3
LH:3
BRF:0
BRH:0
end_of_record
TN:
SF:src/domains/calculator/infrastructure/anticorruption_layer/expression_evaluater.ts
FN:4,(anonymous_0)
FN:6,(anonymous_1)
FNF:2
FNH:1
FNDA:0,(anonymous_0)
FNDA:15,(anonymous_1)
DA:7,15
DA:8,15
DA:10,6
LF:3
LH:3
BRF:0
BRH:0
end_of_record
TN:
SF:src/domains/key_value_store/key_value_database_active_record.ts
FN:8,(anonymous_0)
FN:10,(anonymous_1)
FN:20,(anonymous_2)
FNF:3
FNH:2
FNDA:0,(anonymous_0)
FNDA:146,(anonymous_1)
FNDA:66,(anonymous_2)
DA:12,146
DA:14,122
DA:17,122
DA:22,66
DA:24,66
DA:26,66
LF:6
LH:6
BRF:0
BRH:0
end_of_record
TN:
SF:src/domains/key_value_store/key_value_store.ts
FN:5,(anonymous_0)
FN:7,(anonymous_1)
FN:11,(anonymous_2)
FNF:3
FNH:2
FNDA:0,(anonymous_0)
FNDA:64,(anonymous_1)
FNDA:145,(anonymous_2)
DA:8,64
DA:12,145
LF:2
LH:2
BRF:0
BRH:0
end_of_record
TN:
SF:src/domains/key_value_store/store_data_entity_factory.ts
FN:5,(anonymous_0)
FN:7,(anonymous_1)
FNF:2
FNH:1
FNDA:0,(anonymous_0)
FNDA:69,(anonymous_1)
DA:8,69
LF:1
LH:1
BRF:0
BRH:0
end_of_record
TN:
SF:src/domains/key_value_store/infrastructure/anticorruption_layer/json_transformer.ts
FN:2,(anonymous_0)
FN:4,(anonymous_1)
FN:8,(anonymous_2)
FNF:3
FNH:2
FNDA:0,(anonymous_0)
FNDA:123,(anonymous_1)
FNDA:67,(anonymous_2)
DA:5,123
DA:9,67
LF:2
LH:2
BRF:0
BRH:0
end_of_record
TN:
SF:src/domains/key_value_store/infrastructure/anticorruption_layer/key_value_database.ts
FN:7,(anonymous_0)
FN:9,(anonymous_1)
FN:13,(anonymous_2)
FNF:3
FNH:2
FNDA:0,(anonymous_0)
FNDA:68,(anonymous_1)
FNDA:150,(anonymous_2)
DA:10,68
DA:15,150
DA:17,150
DA:22,24
DA:25,126
LF:5
LH:5
BRDA:15,0,0,150
BRDA:15,0,1,24
BRDA:17,1,0,24
BRDA:17,1,1,126
BRF:4
BRH:4
end_of_record
TN:
SF:src/domains/key_value_store/infrastructure/entities/store_data_entity.ts
FN:6,(anonymous_0)
FNF:1
FNH:1
FNDA:70,(anonymous_0)
DA:7,70
LF:1
LH:1
BRF:0
BRH:0
end_of_record
TN:
SF:src/domains/key_value_store/infrastructure/errors/not_existing_item_error.ts
FN:14,(anonymous_0)
FNF:1
FNH:1
FNDA:25,(anonymous_0)
DA:8,25
DA:12,25
DA:15,25
LF:3
LH:3
BRF:0
BRH:0
end_of_record
TN:
SF:src/domains/key_value_store/infrastructure/specifications/key_value_specifications.ts
FN:4,(anonymous_0)
FN:6,(anonymous_1)
FNF:2
FNH:1
FNDA:0,(anonymous_0)
FNDA:152,(anonymous_1)
DA:9,152
LF:1
LH:1
BRF:0
BRH:0
end_of_record
TN:
SF:src/domains/key_value_store/infrastructure/tests/mocks/mocks.ts
FN:6,(anonymous_0)
FNF:1
FNH:1
FNDA:2,(anonymous_0)
DA:1,1
DA:7,2
LF:2
LH:2
BRF:0
BRH:0
end_of_record
TN:
SF:src/generate_calculation_expression_error_message_adapter/generate_calculation_expression_error_message_adapter.ts
FN:5,(anonymous_0)
FN:7,(anonymous_1)
FNF:2
FNH:1
FNDA:0,(anonymous_0)
FNDA:4,(anonymous_1)
DA:8,4
DA:9,4
DA:10,4
LF:3
LH:3
BRF:0
BRH:0
end_of_record
TN:
SF:src/hooks/use_calculation.ts
FN:15,useCalculation
FN:31,(anonymous_1)
FN:33,(anonymous_2)
FN:51,(anonymous_3)
FN:61,(anonymous_4)
FN:70,(anonymous_5)
FN:79,(anonymous_6)
FN:88,(anonymous_7)
FNF:8
FNH:8
FNDA:145,useCalculation
FNDA:110,(anonymous_1)
FNDA:100,(anonymous_2)
FNDA:10,(anonymous_3)
FNDA:31,(anonymous_4)
FNDA:2,(anonymous_5)
FNDA:9,(anonymous_6)
FNDA:5,(anonymous_7)
DA:23,145
DA:25,145
DA:27,145
DA:29,145
DA:31,141
DA:32,110
DA:34,100
DA:39,3
DA:42,3
DA:44,97
DA:48,97
DA:58,141
DA:62,31
DA:64,31
DA:71,2
DA:73,2
DA:80,9
DA:82,9
DA:89,5
DA:91,5
DA:93,5
DA:97,5
LF:22
LH:22
BRDA:34,0,0,3
BRDA:34,0,1,97
BRDA:97,1,0,1
BRDA:97,1,1,4
BRF:4
BRH:4
end_of_record
TN:
SF:src/hooks/use_current_window_height.ts
FN:3,useCurrentWindowHeight
FNF:1
FNH:1
FNDA:123,useCurrentWindowHeight
DA:4,123
LF:1
LH:1
BRF:0
BRH:0
end_of_record
TN:
SF:src/hooks/use_theme.ts
FN:8,useTheme
FN:13,(anonymous_1)
FN:16,(anonymous_2)
FN:19,(anonymous_3)
FN:25,(anonymous_4)
FNF:5
FNH:5
FNDA:126,useTheme
FNDA:29,(anonymous_1)
FNDA:15,(anonymous_2)
FNDA:14,(anonymous_3)
FNDA:7,(anonymous_4)
DA:9,126
DA:10,126
DA:11,126
DA:13,126
DA:14,29
DA:17,15
DA:22,126
DA:26,7
DA:30,7
LF:9
LH:9
BRDA:27,0,0,3
BRDA:27,0,1,4
BRDA:30,1,0,3
BRDA:30,1,1,4
BRF:4
BRH:4
end_of_record
TN:
SF:src/infrastructure/anticorruption_layer/current_device_theme_retriever.ts
FN:5,(anonymous_0)
FN:7,(anonymous_1)
FNF:2
FNH:1
FNDA:0,(anonymous_0)
FNDA:128,(anonymous_1)
DA:8,128
LF:1
LH:1
BRDA:8,0,0,128
BRDA:8,0,1,0
BRF:2
BRH:1
end_of_record
TN:
SF:src/infrastructure/anticorruption_layer/device_language_retriever.ts
FN:9,(anonymous_0)
FN:11,(anonymous_1)
FNF:2
FNH:0
FNDA:0,(anonymous_0)
FNDA:0,(anonymous_1)
DA:12,0
DA:13,0
DA:18,0
DA:23,0
LF:4
LH:0
BRDA:13,0,0,0
BRDA:13,0,1,0
BRF:2
BRH:0
end_of_record
TN:
SF:src/infrastructure/specifications/ui_specifications.ts
FN:16,isCurrentThemeDark
FN:20,isCurrentDeviceThemeDark
FN:24,isStoredThemeDark
FN:28,isCurrentWindowHeightSmallerOrEqualThanExtraSmall
FN:34,isDeviceOperationSystemIos
FN:38,isCalculateExpressionNotValidExpressionMessage
FN:44,isCalculateExpressionNotValidExpressionMessageInAnyAppAvailableLanguage
FNF:7
FNH:7
FNDA:9288,isCurrentThemeDark
FNDA:129,isCurrentDeviceThemeDark
FNDA:19,isStoredThemeDark
FNDA:2686,isCurrentWindowHeightSmallerOrEqualThanExtraSmall
FNDA:2,isDeviceOperationSystemIos
FNDA:107,isCalculateExpressionNotValidExpressionMessage
FNDA:2,isCalculateExpressionNotValidExpressionMessageInAnyAppAvailableLanguage
DA:17,9288
DA:21,129
DA:25,19
DA:31,2686
DA:35,2
DA:41,107
DA:47,2
LF:7
LH:7
BRDA:48,0,0,2
BRDA:48,0,1,2
BRDA:48,0,2,2
BRDA:48,0,3,2
BRDA:48,0,4,2
BRF:5
BRH:5
end_of_record
TN:
SF:src/last_session_calculation_expression_store/last_session_calculation_expression_store.ts
FN:5,(anonymous_0)
FN:7,(anonymous_1)
FN:13,(anonymous_2)
FNF:3
FNH:2
FNDA:0,(anonymous_0)
FNDA:109,(anonymous_1)
FNDA:49,(anonymous_2)
DA:8,109
DA:14,49
LF:2
LH:2
BRF:0
BRH:0
end_of_record
TN:
SF:src/routers/routers.ts
FNF:0
FNH:0
LF:0
LH:0
BRF:0
BRH:0
end_of_record
TN:
SF:src/screens/home/home_screen.tsx
FN:50,HomeScreen
FN:69,(anonymous_1)
FN:116,(anonymous_2)
FN:207,(anonymous_3)
FN:243,(anonymous_4)
FN:279,(anonymous_5)
FN:307,(anonymous_6)
FN:345,(anonymous_7)
FN:381,(anonymous_8)
FN:417,(anonymous_9)
FN:453,(anonymous_10)
FN:491,(anonymous_11)
FN:527,(anonymous_12)
FN:563,(anonymous_13)
FN:599,(anonymous_14)
FN:639,(anonymous_15)
FN:675,(anonymous_16)
FN:711,(anonymous_17)
FN:750,(anonymous_18)
FN:787,(anonymous_19)
FN:818,(anonymous_20)
FNF:21
FNH:21
FNDA:126,HomeScreen
FNDA:14,(anonymous_1)
FNDA:6,(anonymous_2)
FNDA:8,(anonymous_3)
FNDA:1,(anonymous_4)
FNDA:1,(anonymous_5)
FNDA:1,(anonymous_6)
FNDA:1,(anonymous_7)
FNDA:1,(anonymous_8)
FNDA:1,(anonymous_9)
FNDA:1,(anonymous_10)
FNDA:1,(anonymous_11)
FNDA:1,(anonymous_12)
FNDA:1,(anonymous_13)
FNDA:4,(anonymous_14)
FNDA:11,(anonymous_15)
FNDA:1,(anonymous_16)
FNDA:1,(anonymous_17)
FNDA:1,(anonymous_18)
FNDA:1,(anonymous_19)
FNDA:3,(anonymous_20)
DA:52,126
DA:60,126
DA:63,126
DA:65,122
DA:67,122
DA:69,122
DA:76,122
DA:117,6
DA:208,8
DA:244,1
DA:280,1
DA:308,1
DA:346,1
DA:382,1
DA:418,1
DA:454,1
DA:492,1
DA:528,1
DA:564,1
DA:600,4
DA:640,11
DA:676,1
DA:712,1
DA:751,1
DA:788,1
DA:819,3
LF:26
LH:26
BRDA:80,0,0,6
BRDA:80,0,1,116
BRDA:85,1,0,6
BRDA:85,1,1,116
BRDA:96,2,0,6
BRDA:96,2,1,116
BRDA:110,3,0,6
BRDA:110,3,1,116
BRDA:112,4,0,6
BRDA:112,4,1,116
BRDA:120,5,0,6
BRDA:120,5,1,116
BRDA:125,6,0,6
BRDA:125,6,1,116
BRDA:136,7,0,6
BRDA:136,7,1,116
BRDA:141,8,0,6
BRDA:141,8,1,116
BRDA:146,9,0,6
BRDA:146,9,1,116
BRDA:151,10,0,0
BRDA:151,10,1,122
BRDA:159,11,0,0
BRDA:159,11,1,122
BRDA:166,12,0,0
BRDA:166,12,1,122
BRDA:176,13,0,0
BRDA:176,13,1,122
BRDA:188,14,0,0
BRDA:188,14,1,122
BRDA:197,15,0,6
BRDA:197,15,1,116
BRDA:203,16,0,6
BRDA:203,16,1,116
BRDA:216,17,0,0
BRDA:216,17,1,122
BRDA:224,18,0,6
BRDA:224,18,1,116
BRDA:229,19,0,6
BRDA:229,19,1,116
BRDA:234,20,0,6
BRDA:234,20,1,116
BRDA:239,21,0,6
BRDA:239,21,1,116
BRDA:252,22,0,0
BRDA:252,22,1,122
BRDA:260,23,0,6
BRDA:260,23,1,116
BRDA:265,24,0,6
BRDA:265,24,1,116
BRDA:270,25,0,6
BRDA:270,25,1,116
BRDA:275,26,0,6
BRDA:275,26,1,116
BRDA:288,27,0,0
BRDA:288,27,1,122
BRDA:297,28,0,6
BRDA:297,28,1,116
BRDA:303,29,0,6
BRDA:303,29,1,116
BRDA:318,30,0,0
BRDA:318,30,1,122
BRDA:326,31,0,6
BRDA:326,31,1,116
BRDA:331,32,0,6
BRDA:331,32,1,116
BRDA:336,33,0,6
BRDA:336,33,1,116
BRDA:341,34,0,6
BRDA:341,34,1,116
BRDA:354,35,0,0
BRDA:354,35,1,122
BRDA:362,36,0,6
BRDA:362,36,1,116
BRDA:367,37,0,6
BRDA:367,37,1,116
BRDA:372,38,0,6
BRDA:372,38,1,116
BRDA:377,39,0,6
BRDA:377,39,1,116
BRDA:390,40,0,0
BRDA:390,40,1,122
BRDA:398,41,0,6
BRDA:398,41,1,116
BRDA:403,42,0,6
BRDA:403,42,1,116
BRDA:408,43,0,6
BRDA:408,43,1,116
BRDA:413,44,0,6
BRDA:413,44,1,116
BRDA:426,45,0,0
BRDA:426,45,1,122
BRDA:434,46,0,6
BRDA:434,46,1,116
BRDA:439,47,0,6
BRDA:439,47,1,116
BRDA:444,48,0,6
BRDA:444,48,1,116
BRDA:449,49,0,6
BRDA:449,49,1,116
BRDA:464,50,0,0
BRDA:464,50,1,122
BRDA:472,51,0,6
BRDA:472,51,1,116
BRDA:477,52,0,6
BRDA:477,52,1,116
BRDA:482,53,0,6
BRDA:482,53,1,116
BRDA:487,54,0,6
BRDA:487,54,1,116
BRDA:500,55,0,0
BRDA:500,55,1,122
BRDA:508,56,0,6
BRDA:508,56,1,116
BRDA:513,57,0,6
BRDA:513,57,1,116
BRDA:518,58,0,6
BRDA:518,58,1,116
BRDA:523,59,0,6
BRDA:523,59,1,116
BRDA:536,60,0,0
BRDA:536,60,1,122
BRDA:544,61,0,6
BRDA:544,61,1,116
BRDA:549,62,0,6
BRDA:549,62,1,116
BRDA:554,63,0,6
BRDA:554,63,1,116
BRDA:559,64,0,6
BRDA:559,64,1,116
BRDA:572,65,0,0
BRDA:572,65,1,122
BRDA:580,66,0,6
BRDA:580,66,1,116
BRDA:585,67,0,6
BRDA:585,67,1,116
BRDA:590,68,0,6
BRDA:590,68,1,116
BRDA:595,69,0,6
BRDA:595,69,1,116
BRDA:612,70,0,0
BRDA:612,70,1,122
BRDA:620,71,0,6
BRDA:620,71,1,116
BRDA:625,72,0,6
BRDA:625,72,1,116
BRDA:630,73,0,6
BRDA:630,73,1,116
BRDA:635,74,0,6
BRDA:635,74,1,116
BRDA:648,75,0,0
BRDA:648,75,1,122
BRDA:656,76,0,6
BRDA:656,76,1,116
BRDA:661,77,0,6
BRDA:661,77,1,116
BRDA:666,78,0,6
BRDA:666,78,1,116
BRDA:671,79,0,6
BRDA:671,79,1,116
BRDA:684,80,0,0
BRDA:684,80,1,122
BRDA:692,81,0,6
BRDA:692,81,1,116
BRDA:697,82,0,6
BRDA:697,82,1,116
BRDA:702,83,0,6
BRDA:702,83,1,116
BRDA:707,84,0,6
BRDA:707,84,1,116
BRDA:723,85,0,0
BRDA:723,85,1,122
BRDA:731,86,0,6
BRDA:731,86,1,116
BRDA:736,87,0,6
BRDA:736,87,1,116
BRDA:741,88,0,6
BRDA:741,88,1,116
BRDA:746,89,0,6
BRDA:746,89,1,116
BRDA:760,90,0,0
BRDA:760,90,1,122
BRDA:768,91,0,6
BRDA:768,91,1,116
BRDA:773,92,0,6
BRDA:773,92,1,116
BRDA:778,93,0,6
BRDA:778,93,1,116
BRDA:783,94,0,6
BRDA:783,94,1,116
BRDA:799,95,0,0
BRDA:799,95,1,122
BRDA:808,96,0,6
BRDA:808,96,1,116
BRDA:814,97,0,6
BRDA:814,97,1,116
BRF:196
BRH:174
end_of_record
TN:
SF:src/screens/home/styles.ts
FNF:0
FNH:0
DA:3,6
LF:1
LH:1
BRF:0
BRH:0
end_of_record
TN:
SF:src/tests/concerns/react_render_adapter.tsx
FN:6,(anonymous_0)
FN:8,(anonymous_1)
FNF:2
FNH:1
FNDA:0,(anonymous_0)
FNDA:17,(anonymous_1)
DA:9,17
LF:1
LH:1
BRF:0
BRH:0
end_of_record
TN:
SF:src/tests/constants/array_utilities_constants.ts
FNF:0
FNH:0
DA:1,7
DA:3,7
DA:5,7
LF:3
LH:3
BRF:0
BRH:0
end_of_record
TN:
SF:src/tests/constants/key_value_store_constants.ts
FNF:0
FNH:0
DA:1,8
DA:3,8
DA:5,8
LF:3
LH:3
BRF:0
BRH:0
end_of_record
TN:
SF:src/tests/constants/ui_constants.ts
FNF:0
FNH:0
DA:1,6
DA:3,6
DA:5,6
DA:7,6
LF:4
LH:4
BRF:0
BRH:0
end_of_record
TN:
SF:src/theme_store/theme_store.ts
FN:8,(anonymous_0)
FN:10,(anonymous_1)
FN:14,(anonymous_2)
FNF:3
FNH:3
FNDA:10,(anonymous_0)
FNDA:9,(anonymous_1)
FNDA:31,(anonymous_2)
DA:11,9
DA:16,31
DA:18,17
LF:3
LH:3
BRDA:18,0,0,5
BRDA:18,0,1,12
BRF:2
BRH:2
end_of_record
TN:
SF:src/theme_store/theme_store_factory.ts
FN:6,(anonymous_0)
FN:8,(anonymous_1)
FNF:2
FNH:1
FNDA:0,(anonymous_0)
FNDA:127,(anonymous_1)
DA:4,8
DA:9,127
DA:10,8
DA:13,127
LF:4
LH:4
BRDA:9,0,0,8
BRDA:9,0,1,119
BRF:2
BRH:2
end_of_record
TN:
SF:src/ui_languages_specific_constants.ts/english_language.ts
FN:22,(anonymous_0)
FN:33,(anonymous_1)
FNF:2
FNH:0
FNDA:0,(anonymous_0)
FNDA:0,(anonymous_1)
DA:14,0
DA:17,0
DA:20,0
DA:25,0
DA:31,0
DA:36,0
DA:40,0
LF:7
LH:0
BRF:0
BRH:0
end_of_record
TN:
SF:src/ui_languages_specific_constants.ts/french_language.ts
FN:22,(anonymous_0)
FN:33,(anonymous_1)
FNF:2
FNH:0
FNDA:0,(anonymous_0)
FNDA:0,(anonymous_1)
DA:14,0
DA:17,0
DA:20,0
DA:25,0
DA:31,0
DA:36,0
DA:40,0
LF:7
LH:0
BRF:0
BRH:0
end_of_record
TN:
SF:src/ui_languages_specific_constants.ts/german_language.ts
FN:22,(anonymous_0)
FN:33,(anonymous_1)
FNF:2
FNH:2
FNDA:2196,(anonymous_0)
FNDA:122,(anonymous_1)
DA:14,7
DA:17,7
DA:20,7
DA:25,2196
DA:31,7
DA:36,122
DA:40,7
LF:7
LH:7
BRF:0
BRH:0
end_of_record
TN:
SF:src/ui_languages_specific_constants.ts/language_abstraction.ts
FNF:0
FNH:0
LF:0
LH:0
BRF:0
BRH:0
end_of_record
TN:
SF:src/ui_languages_specific_constants.ts/language_factory.ts
FN:12,(anonymous_0)
FN:14,(anonymous_1)
FNF:2
FNH:1
FNDA:0,(anonymous_0)
FNDA:273,(anonymous_1)
DA:10,8
DA:15,273
DA:16,8
DA:18,0
DA:19,0
DA:22,1
DA:23,1
DA:26,7
DA:27,7
DA:30,0
DA:31,0
DA:34,0
DA:35,0
DA:38,0
DA:39,0
DA:43,273
LF:16
LH:8
BRDA:15,0,0,8
BRDA:15,0,1,265
BRDA:16,1,0,0
BRDA:16,1,1,1
BRDA:16,1,2,7
BRDA:16,1,3,0
BRDA:16,1,4,0
BRDA:16,1,5,0
BRF:8
BRH:4
end_of_record
TN:
SF:src/ui_languages_specific_constants.ts/languages.ts
FNF:0
FNH:0
LF:0
LH:0
BRF:0
BRH:0
end_of_record
TN:
SF:src/ui_languages_specific_constants.ts/portuguese_language.ts
FN:22,(anonymous_0)
FN:33,(anonymous_1)
FNF:2
FNH:0
FNDA:0,(anonymous_0)
FNDA:0,(anonymous_1)
DA:14,1
DA:17,1
DA:20,1
DA:25,0
DA:31,1
DA:36,0
DA:40,1
LF:7
LH:5
BRF:0
BRH:0
end_of_record
TN:
SF:src/ui_languages_specific_constants.ts/spanish_language.ts
FN:22,(anonymous_0)
FN:33,(anonymous_1)
FNF:2
FNH:0
FNDA:0,(anonymous_0)
FNDA:0,(anonymous_1)
DA:14,0
DA:17,0
DA:20,0
DA:25,0
DA:31,0
DA:36,0
DA:40,0
LF:7
LH:0
BRF:0
BRH:0
end_of_record
